#
# There is insufficient memory for the Java Runtime Environment to continue.
# Native memory allocation (malloc) failed to allocate 389296 bytes for Chunk::new
# Possible reasons:
#   The system is out of physical RAM or swap space
#   The process is running with CompressedOops enabled, and the Java Heap may be blocking the growth of the native heap
# Possible solutions:
#   Reduce memory load on the system
#   Increase physical memory or swap space
#   Check if swap backing store is full
#   Decrease Java heap size (-Xmx/-Xms)
#   Decrease number of Java threads
#   Decrease Java thread stack sizes (-Xss)
#   Set larger code cache with -XX:ReservedCodeCacheSize=
#   JVM is running with Unscaled Compressed Oops mode in which the Java heap is
#     placed in the first 4GB address space. The Java Heap base address is the
#     maximum limit for the native heap growth. Please use -XX:HeapBaseMinAddress
#     to set the Java Heap base and to place the Java Heap above 4GB virtual address.
# This output file may be truncated or incomplete.
#
#  Out of Memory Error (./src/hotspot/share/memory/arena.cpp:197), pid=14980, tid=7552
#
# JRE version: OpenJDK Runtime Environment (11.0.12+7) (build 11.0.12+7-b1504.28-7817840)
# Java VM: OpenJDK 64-Bit Server VM (11.0.12+7-b1504.28-7817840, mixed mode, tiered, compressed oops, g1 gc, windows-amd64)
# No core dump will be written. Minidumps are not enabled by default on client versions of Windows
#

---------------  S U M M A R Y ------------

Command Line: --add-opens=java.base/java.util=ALL-UNNAMED --add-opens=java.base/java.lang=ALL-UNNAMED --add-opens=java.base/java.lang.invoke=ALL-UNNAMED --add-opens=java.base/java.util=ALL-UNNAMED --add-opens=java.prefs/java.util.prefs=ALL-UNNAMED --add-opens=java.prefs/java.util.prefs=ALL-UNNAMED --add-opens=java.base/java.nio.charset=ALL-UNNAMED --add-opens=java.base/java.net=ALL-UNNAMED --add-opens=java.base/java.util.concurrent.atomic=ALL-UNNAMED -Xmx2048m -Dfile.encoding=UTF-8 -Duser.country=MX -Duser.language=es -Duser.variant org.gradle.launcher.daemon.bootstrap.GradleDaemon 7.3.3

Host: AMD A9-9410 RADEON R5, 5 COMPUTE CORES 2C+3G   , 2 cores, 7G,  Windows 10 , 64 bit Build 19041 (10.0.19041.1706)
Time: Tue Jun  7 21:34:22 2022 Hora de verano central (México) elapsed time: 35.046672 seconds (0d 0h 0m 35s)

---------------  T H R E A D  ---------------

Current thread (0x000001dd7e8a2800):  JavaThread "C2 CompilerThread0" daemon [_thread_in_native, id=7552, stack(0x000000c6a9e00000,0x000000c6a9f00000)]


Current CompileTask:
C2:  35046 2840   !   4       java.util.concurrent.ConcurrentHashMap::computeIfAbsent (576 bytes)

Stack: [0x000000c6a9e00000,0x000000c6a9f00000]
Native frames: (J=compiled Java code, j=interpreted, Vv=VM code, C=native code)
V  [jvm.dll+0x5fbcea]
V  [jvm.dll+0x731905]
V  [jvm.dll+0x732f1d]
V  [jvm.dll+0x7335d3]
V  [jvm.dll+0x247bf8]
V  [jvm.dll+0xc018c]
V  [jvm.dll+0xc06cc]
V  [jvm.dll+0x35b31d]
V  [jvm.dll+0x328803]
V  [jvm.dll+0x327cfa]
V  [jvm.dll+0x200602]
V  [jvm.dll+0x1ff794]
V  [jvm.dll+0x18868c]
V  [jvm.dll+0x20e0d7]
V  [jvm.dll+0x20c901]
V  [jvm.dll+0x6f9b7f]
V  [jvm.dll+0x6f26a5]
V  [jvm.dll+0x5fabf6]
C  [ucrtbase.dll+0x21bb2]
C  [KERNEL32.DLL+0x17034]
C  [ntdll.dll+0x52651]


---------------  P R O C E S S  ---------------

Threads class SMR info:
_java_thread_list=0x000001dd10cffc90, length=30, elements={
0x000001dd7203c000, 0x000001dd7e883000, 0x000001dd7e884000, 0x000001dd7f253800,
0x000001dd7e89d000, 0x000001dd7e89f000, 0x000001dd7e8a2800, 0x000001dd7e8a5800,
0x000001dd7f270800, 0x000001dd7f372000, 0x000001dd0f3cd800, 0x000001dd0ff04000,
0x000001dd7f5b4800, 0x000001dd7fdf3800, 0x000001dd0f0c9000, 0x000001dd0f92b000,
0x000001dd0f444000, 0x000001dd0f7bd800, 0x000001dd0f7ae000, 0x000001dd0f765000,
0x000001dd0f761000, 0x000001dd0f762800, 0x000001dd0f763000, 0x000001dd0f764000,
0x000001dd0f765800, 0x000001dd0f761800, 0x000001dd0f760000, 0x000001dd0f766800,
0x000001dd112cc800, 0x000001dd112d3000
}

Java Threads: ( => current thread )
  0x000001dd7203c000 JavaThread "main" [_thread_blocked, id=14280, stack(0x000000c6a9200000,0x000000c6a9300000)]
  0x000001dd7e883000 JavaThread "Reference Handler" daemon [_thread_blocked, id=13760, stack(0x000000c6a9900000,0x000000c6a9a00000)]
  0x000001dd7e884000 JavaThread "Finalizer" daemon [_thread_blocked, id=1076, stack(0x000000c6a9a00000,0x000000c6a9b00000)]
  0x000001dd7f253800 JavaThread "Signal Dispatcher" daemon [_thread_blocked, id=18020, stack(0x000000c6a9b00000,0x000000c6a9c00000)]
  0x000001dd7e89d000 JavaThread "Attach Listener" daemon [_thread_blocked, id=9508, stack(0x000000c6a9c00000,0x000000c6a9d00000)]
  0x000001dd7e89f000 JavaThread "Service Thread" daemon [_thread_blocked, id=688, stack(0x000000c6a9d00000,0x000000c6a9e00000)]
=>0x000001dd7e8a2800 JavaThread "C2 CompilerThread0" daemon [_thread_in_native, id=7552, stack(0x000000c6a9e00000,0x000000c6a9f00000)]
  0x000001dd7e8a5800 JavaThread "C1 CompilerThread0" daemon [_thread_blocked, id=10988, stack(0x000000c6a9f00000,0x000000c6aa000000)]
  0x000001dd7f270800 JavaThread "Sweeper thread" daemon [_thread_blocked, id=17020, stack(0x000000c6aa000000,0x000000c6aa100000)]
  0x000001dd7f372000 JavaThread "Common-Cleaner" daemon [_thread_blocked, id=2532, stack(0x000000c6aa100000,0x000000c6aa200000)]
  0x000001dd0f3cd800 JavaThread "Daemon health stats" [_thread_blocked, id=12236, stack(0x000000c6aa400000,0x000000c6aa500000)]
  0x000001dd0ff04000 JavaThread "Incoming local TCP Connector on port 50198" [_thread_in_native, id=17052, stack(0x000000c6aa600000,0x000000c6aa700000)]
  0x000001dd7f5b4800 JavaThread "Daemon periodic checks" [_thread_blocked, id=6164, stack(0x000000c6aa700000,0x000000c6aa800000)]
  0x000001dd7fdf3800 JavaThread "Daemon" [_thread_blocked, id=4500, stack(0x000000c6aa800000,0x000000c6aa900000)]
  0x000001dd0f0c9000 JavaThread "Handler for socket connection from /127.0.0.1:50198 to /127.0.0.1:50199" [_thread_in_native, id=2180, stack(0x000000c6aa900000,0x000000c6aaa00000)]
  0x000001dd0f92b000 JavaThread "Cancel handler" [_thread_blocked, id=16456, stack(0x000000c6aaa00000,0x000000c6aab00000)]
  0x000001dd0f444000 JavaThread "Daemon worker" [_thread_in_vm, id=17796, stack(0x000000c6aab00000,0x000000c6aac00000)]
  0x000001dd0f7bd800 JavaThread "Asynchronous log dispatcher for DefaultDaemonConnection: socket connection from /127.0.0.1:50198 to /127.0.0.1:50199" [_thread_blocked, id=17424, stack(0x000000c6aac00000,0x000000c6aad00000)]
  0x000001dd0f7ae000 JavaThread "Stdin handler" [_thread_blocked, id=14572, stack(0x000000c6aad00000,0x000000c6aae00000)]
  0x000001dd0f765000 JavaThread "Daemon client event forwarder" [_thread_blocked, id=9284, stack(0x000000c6aae00000,0x000000c6aaf00000)]
  0x000001dd0f761000 JavaThread "Cache worker for journal cache (C:\Users\imano\.gradle\caches\journal-1)" [_thread_blocked, id=11484, stack(0x000000c6aaf00000,0x000000c6ab000000)]
  0x000001dd0f762800 JavaThread "File lock request listener" [_thread_in_native, id=13156, stack(0x000000c6ab000000,0x000000c6ab100000)]
  0x000001dd0f763000 JavaThread "Cache worker for file hash cache (C:\Users\imano\.gradle\caches\7.3.3\fileHashes)" [_thread_blocked, id=1440, stack(0x000000c6ab100000,0x000000c6ab200000)]
  0x000001dd0f764000 JavaThread "Cache worker for file hash cache (C:\Users\imano\Desktop\ZZZTemporal\Wilis\App Proyecto\Prueba1\.gradle\7.3.3\fileHashes)" [_thread_blocked, id=6456, stack(0x000000c6ab200000,0x000000c6ab300000)]
  0x000001dd0f765800 JavaThread "File watcher server" daemon [_thread_in_native, id=11996, stack(0x000000c6ab300000,0x000000c6ab400000)]
  0x000001dd0f761800 JavaThread "File watcher consumer" daemon [_thread_blocked, id=15724, stack(0x000000c6ab400000,0x000000c6ab500000)]
  0x000001dd0f760000 JavaThread "Cache worker for checksums cache (C:\Users\imano\Desktop\ZZZTemporal\Wilis\App Proyecto\Prueba1\.gradle\7.3.3\checksums)" [_thread_blocked, id=16052, stack(0x000000c6ab500000,0x000000c6ab600000)]
  0x000001dd0f766800 JavaThread "Cache worker for cache directory md-supplier (C:\Users\imano\.gradle\caches\7.3.3\md-supplier)" [_thread_blocked, id=16724, stack(0x000000c6ab600000,0x000000c6ab700000)]
  0x000001dd112cc800 JavaThread "Cache worker for cache directory md-rule (C:\Users\imano\.gradle\caches\7.3.3\md-rule)" [_thread_blocked, id=14112, stack(0x000000c6ab700000,0x000000c6ab800000)]
  0x000001dd112d3000 JavaThread "Cache worker for execution history cache (C:\Users\imano\.gradle\caches\7.3.3\executionHistory)" [_thread_blocked, id=15096, stack(0x000000c6ab800000,0x000000c6ab900000)]

Other Threads:
  0x000001dd7e87b800 VMThread "VM Thread" [stack: 0x000000c6a9800000,0x000000c6a9900000] [id=14568]
  0x000001dd7f3af800 WatcherThread [stack: 0x000000c6aa200000,0x000000c6aa300000] [id=10228]
  0x000001dd741d5800 GCTaskThread "GC Thread#0" [stack: 0x000000c6a9300000,0x000000c6a9400000] [id=14172]
  0x000001dd7f608000 GCTaskThread "GC Thread#1" [stack: 0x000000c6aa300000,0x000000c6aa400000] [id=13480]
  0x000001dd74205800 ConcurrentGCThread "G1 Main Marker" [stack: 0x000000c6a9400000,0x000000c6a9500000] [id=7784]
  0x000001dd74207000 ConcurrentGCThread "G1 Conc#0" [stack: 0x000000c6a9500000,0x000000c6a9600000] [id=9548]
  0x000001dd7427b000 ConcurrentGCThread "G1 Refine#0" [stack: 0x000000c6a9600000,0x000000c6a9700000] [id=5916]
  0x000001dd0f5fd000 ConcurrentGCThread "G1 Refine#1" [stack: 0x000000c6aa500000,0x000000c6aa600000] [id=18284]
  0x000001dd7427c000 ConcurrentGCThread "G1 Young RemSet Sampling" [stack: 0x000000c6a9700000,0x000000c6a9800000] [id=952]

Threads with active compile tasks:
C2 CompilerThread0  35098 2840   !   4       java.util.concurrent.ConcurrentHashMap::computeIfAbsent (576 bytes)

VM state:not at safepoint (normal execution)

VM Mutex/Monitor currently owned by a thread: None

Heap address: 0x0000000080000000, size: 2048 MB, Compressed Oops mode: 32-bit
Narrow klass base: 0x0000000000000000, Narrow klass shift: 3
Compressed class space size: 1073741824 Address: 0x0000000100000000

Heap:
 garbage-first heap   total 122880K, used 54778K [0x0000000080000000, 0x0000000100000000)
  region size 1024K, 40 young (40960K), 5 survivors (5120K)
 Metaspace       used 33919K, capacity 34698K, committed 34944K, reserved 1079296K
  class space    used 4397K, capacity 4711K, committed 4736K, reserved 1048576K
Heap Regions: E=young(eden), S=young(survivor), O=old, HS=humongous(starts), HC=humongous(continues), CS=collection set, F=free, A=archive, TAMS=top-at-mark-start (previous, next)
|   0|0x0000000080000000, 0x0000000080100000, 0x0000000080100000|100%| O|  |TAMS 0x0000000080100000, 0x0000000080000000| Untracked 
|   1|0x0000000080100000, 0x0000000080200000, 0x0000000080200000|100%| O|  |TAMS 0x0000000080200000, 0x0000000080100000| Untracked 
|   2|0x0000000080200000, 0x0000000080300000, 0x0000000080300000|100%| O|  |TAMS 0x0000000080300000, 0x0000000080200000| Untracked 
|   3|0x0000000080300000, 0x0000000080400000, 0x0000000080400000|100%| O|  |TAMS 0x0000000080400000, 0x0000000080300000| Untracked 
|   4|0x0000000080400000, 0x0000000080500000, 0x0000000080500000|100%|HS|  |TAMS 0x0000000080500000, 0x0000000080400000| Complete 
|   5|0x0000000080500000, 0x0000000080600000, 0x0000000080600000|100%|HC|  |TAMS 0x0000000080600000, 0x0000000080500000| Complete 
|   6|0x0000000080600000, 0x0000000080700000, 0x0000000080700000|100%|HC|  |TAMS 0x0000000080700000, 0x0000000080600000| Complete 
|   7|0x0000000080700000, 0x0000000080800000, 0x0000000080800000|100%| O|  |TAMS 0x0000000080800000, 0x0000000080700000| Untracked 
|   8|0x0000000080800000, 0x0000000080900000, 0x0000000080900000|100%| O|  |TAMS 0x0000000080900000, 0x0000000080800000| Untracked 
|   9|0x0000000080900000, 0x0000000080a00000, 0x0000000080a00000|100%| O|  |TAMS 0x0000000080a00000, 0x0000000080900000| Untracked 
|  10|0x0000000080a00000, 0x0000000080b00000, 0x0000000080b00000|100%| O|  |TAMS 0x0000000080b00000, 0x0000000080a00000| Untracked 
|  11|0x0000000080b00000, 0x0000000080c00000, 0x0000000080c00000|100%| O|  |TAMS 0x0000000080c00000, 0x0000000080b00000| Untracked 
|  12|0x0000000080c00000, 0x0000000080d00000, 0x0000000080d00000|100%| O|  |TAMS 0x0000000080d00000, 0x0000000080c00000| Untracked 
|  13|0x0000000080d00000, 0x0000000080e00000, 0x0000000080e00000|100%| O|  |TAMS 0x0000000080e00000, 0x0000000080d00000| Untracked 
|  14|0x0000000080e00000, 0x0000000080ebbe00, 0x0000000080f00000| 73%| O|  |TAMS 0x0000000080ebbe00, 0x0000000080e00000| Untracked 
|  15|0x0000000080f00000, 0x0000000080f00000, 0x0000000081000000|  0%| F|  |TAMS 0x0000000080f00000, 0x0000000080f00000| Untracked 
|  16|0x0000000081000000, 0x0000000081000000, 0x0000000081100000|  0%| F|  |TAMS 0x0000000081000000, 0x0000000081000000| Untracked 
|  17|0x0000000081100000, 0x0000000081100000, 0x0000000081200000|  0%| F|  |TAMS 0x0000000081100000, 0x0000000081100000| Untracked 
|  18|0x0000000081200000, 0x0000000081200000, 0x0000000081300000|  0%| F|  |TAMS 0x0000000081200000, 0x0000000081200000| Untracked 
|  19|0x0000000081300000, 0x0000000081300000, 0x0000000081400000|  0%| F|  |TAMS 0x0000000081300000, 0x0000000081300000| Untracked 
|  20|0x0000000081400000, 0x0000000081400000, 0x0000000081500000|  0%| F|  |TAMS 0x0000000081400000, 0x0000000081400000| Untracked 
|  21|0x0000000081500000, 0x0000000081500000, 0x0000000081600000|  0%| F|  |TAMS 0x0000000081500000, 0x0000000081500000| Untracked 
|  22|0x0000000081600000, 0x0000000081600000, 0x0000000081700000|  0%| F|  |TAMS 0x0000000081600000, 0x0000000081600000| Untracked 
|  23|0x0000000081700000, 0x0000000081700000, 0x0000000081800000|  0%| F|  |TAMS 0x0000000081700000, 0x0000000081700000| Untracked 
|  24|0x0000000081800000, 0x0000000081800000, 0x0000000081900000|  0%| F|  |TAMS 0x0000000081800000, 0x0000000081800000| Untracked 
|  25|0x0000000081900000, 0x0000000081900000, 0x0000000081a00000|  0%| F|  |TAMS 0x0000000081900000, 0x0000000081900000| Untracked 
|  26|0x0000000081a00000, 0x0000000081a00000, 0x0000000081b00000|  0%| F|  |TAMS 0x0000000081a00000, 0x0000000081a00000| Untracked 
|  27|0x0000000081b00000, 0x0000000081b00000, 0x0000000081c00000|  0%| F|  |TAMS 0x0000000081b00000, 0x0000000081b00000| Untracked 
|  28|0x0000000081c00000, 0x0000000081c00000, 0x0000000081d00000|  0%| F|  |TAMS 0x0000000081c00000, 0x0000000081c00000| Untracked 
|  29|0x0000000081d00000, 0x0000000081d00000, 0x0000000081e00000|  0%| F|  |TAMS 0x0000000081d00000, 0x0000000081d00000| Untracked 
|  30|0x0000000081e00000, 0x0000000081e00000, 0x0000000081f00000|  0%| F|  |TAMS 0x0000000081e00000, 0x0000000081e00000| Untracked 
|  31|0x0000000081f00000, 0x0000000081f00000, 0x0000000082000000|  0%| F|  |TAMS 0x0000000081f00000, 0x0000000081f00000| Untracked 
|  32|0x0000000082000000, 0x0000000082000000, 0x0000000082100000|  0%| F|  |TAMS 0x0000000082000000, 0x0000000082000000| Untracked 
|  33|0x0000000082100000, 0x0000000082100000, 0x0000000082200000|  0%| F|  |TAMS 0x0000000082100000, 0x0000000082100000| Untracked 
|  34|0x0000000082200000, 0x0000000082200000, 0x0000000082300000|  0%| F|  |TAMS 0x0000000082200000, 0x0000000082200000| Untracked 
|  35|0x0000000082300000, 0x0000000082300000, 0x0000000082400000|  0%| F|  |TAMS 0x0000000082300000, 0x0000000082300000| Untracked 
|  36|0x0000000082400000, 0x0000000082400000, 0x0000000082500000|  0%| F|  |TAMS 0x0000000082400000, 0x0000000082400000| Untracked 
|  37|0x0000000082500000, 0x0000000082500000, 0x0000000082600000|  0%| F|  |TAMS 0x0000000082500000, 0x0000000082500000| Untracked 
|  38|0x0000000082600000, 0x0000000082600000, 0x0000000082700000|  0%| F|  |TAMS 0x0000000082600000, 0x0000000082600000| Untracked 
|  39|0x0000000082700000, 0x0000000082700000, 0x0000000082800000|  0%| F|  |TAMS 0x0000000082700000, 0x0000000082700000| Untracked 
|  40|0x0000000082800000, 0x0000000082800000, 0x0000000082900000|  0%| F|  |TAMS 0x0000000082800000, 0x0000000082800000| Untracked 
|  41|0x0000000082900000, 0x0000000082900000, 0x0000000082a00000|  0%| F|  |TAMS 0x0000000082900000, 0x0000000082900000| Untracked 
|  42|0x0000000082a00000, 0x0000000082a00000, 0x0000000082b00000|  0%| F|  |TAMS 0x0000000082a00000, 0x0000000082a00000| Untracked 
|  43|0x0000000082b00000, 0x0000000082b00000, 0x0000000082c00000|  0%| F|  |TAMS 0x0000000082b00000, 0x0000000082b00000| Untracked 
|  44|0x0000000082c00000, 0x0000000082c00000, 0x0000000082d00000|  0%| F|  |TAMS 0x0000000082c00000, 0x0000000082c00000| Untracked 
|  45|0x0000000082d00000, 0x0000000082d00000, 0x0000000082e00000|  0%| F|  |TAMS 0x0000000082d00000, 0x0000000082d00000| Untracked 
|  46|0x0000000082e00000, 0x0000000082e00000, 0x0000000082f00000|  0%| F|  |TAMS 0x0000000082e00000, 0x0000000082e00000| Untracked 
|  47|0x0000000082f00000, 0x0000000082f00000, 0x0000000083000000|  0%| F|  |TAMS 0x0000000082f00000, 0x0000000082f00000| Untracked 
|  48|0x0000000083000000, 0x0000000083000000, 0x0000000083100000|  0%| F|  |TAMS 0x0000000083000000, 0x0000000083000000| Untracked 
|  49|0x0000000083100000, 0x0000000083100000, 0x0000000083200000|  0%| F|  |TAMS 0x0000000083100000, 0x0000000083100000| Untracked 
|  50|0x0000000083200000, 0x0000000083200000, 0x0000000083300000|  0%| F|  |TAMS 0x0000000083200000, 0x0000000083200000| Untracked 
|  51|0x0000000083300000, 0x0000000083300000, 0x0000000083400000|  0%| F|  |TAMS 0x0000000083300000, 0x0000000083300000| Untracked 
|  52|0x0000000083400000, 0x0000000083400000, 0x0000000083500000|  0%| F|  |TAMS 0x0000000083400000, 0x0000000083400000| Untracked 
|  53|0x0000000083500000, 0x0000000083500000, 0x0000000083600000|  0%| F|  |TAMS 0x0000000083500000, 0x0000000083500000| Untracked 
|  54|0x0000000083600000, 0x0000000083600000, 0x0000000083700000|  0%| F|  |TAMS 0x0000000083600000, 0x0000000083600000| Untracked 
|  55|0x0000000083700000, 0x0000000083700000, 0x0000000083800000|  0%| F|  |TAMS 0x0000000083700000, 0x0000000083700000| Untracked 
|  56|0x0000000083800000, 0x0000000083800000, 0x0000000083900000|  0%| F|  |TAMS 0x0000000083800000, 0x0000000083800000| Untracked 
|  57|0x0000000083900000, 0x0000000083900000, 0x0000000083a00000|  0%| F|  |TAMS 0x0000000083900000, 0x0000000083900000| Untracked 
|  58|0x0000000083a00000, 0x0000000083a00000, 0x0000000083b00000|  0%| F|  |TAMS 0x0000000083a00000, 0x0000000083a00000| Untracked 
|  59|0x0000000083b00000, 0x0000000083b00000, 0x0000000083c00000|  0%| F|  |TAMS 0x0000000083b00000, 0x0000000083b00000| Untracked 
|  60|0x0000000083c00000, 0x0000000083c00000, 0x0000000083d00000|  0%| F|  |TAMS 0x0000000083c00000, 0x0000000083c00000| Untracked 
|  61|0x0000000083d00000, 0x0000000083d00000, 0x0000000083e00000|  0%| F|  |TAMS 0x0000000083d00000, 0x0000000083d00000| Untracked 
|  62|0x0000000083e00000, 0x0000000083e00000, 0x0000000083f00000|  0%| F|  |TAMS 0x0000000083e00000, 0x0000000083e00000| Untracked 
|  63|0x0000000083f00000, 0x0000000083f00000, 0x0000000084000000|  0%| F|  |TAMS 0x0000000083f00000, 0x0000000083f00000| Untracked 
|  64|0x0000000084000000, 0x0000000084000000, 0x0000000084100000|  0%| F|  |TAMS 0x0000000084000000, 0x0000000084000000| Untracked 
|  65|0x0000000084100000, 0x0000000084100000, 0x0000000084200000|  0%| F|  |TAMS 0x0000000084100000, 0x0000000084100000| Untracked 
|  66|0x0000000084200000, 0x0000000084200000, 0x0000000084300000|  0%| F|  |TAMS 0x0000000084200000, 0x0000000084200000| Untracked 
|  67|0x0000000084300000, 0x0000000084300000, 0x0000000084400000|  0%| F|  |TAMS 0x0000000084300000, 0x0000000084300000| Untracked 
|  68|0x0000000084400000, 0x0000000084400000, 0x0000000084500000|  0%| F|  |TAMS 0x0000000084400000, 0x0000000084400000| Untracked 
|  69|0x0000000084500000, 0x0000000084500000, 0x0000000084600000|  0%| F|  |TAMS 0x0000000084500000, 0x0000000084500000| Untracked 
|  70|0x0000000084600000, 0x00000000846c2b68, 0x0000000084700000| 76%| S|CS|TAMS 0x0000000084600000, 0x0000000084600000| Complete 
|  71|0x0000000084700000, 0x0000000084800000, 0x0000000084800000|100%| S|CS|TAMS 0x0000000084700000, 0x0000000084700000| Complete 
|  72|0x0000000084800000, 0x0000000084900000, 0x0000000084900000|100%| S|CS|TAMS 0x0000000084800000, 0x0000000084800000| Complete 
|  73|0x0000000084900000, 0x0000000084a00000, 0x0000000084a00000|100%| S|CS|TAMS 0x0000000084900000, 0x0000000084900000| Complete 
|  74|0x0000000084a00000, 0x0000000084b00000, 0x0000000084b00000|100%| S|CS|TAMS 0x0000000084a00000, 0x0000000084a00000| Complete 
|  75|0x0000000084b00000, 0x0000000084b00000, 0x0000000084c00000|  0%| F|  |TAMS 0x0000000084b00000, 0x0000000084b00000| Untracked 
|  76|0x0000000084c00000, 0x0000000084c00000, 0x0000000084d00000|  0%| F|  |TAMS 0x0000000084c00000, 0x0000000084c00000| Untracked 
|  77|0x0000000084d00000, 0x0000000084d00000, 0x0000000084e00000|  0%| F|  |TAMS 0x0000000084d00000, 0x0000000084d00000| Untracked 
|  78|0x0000000084e00000, 0x0000000084e00000, 0x0000000084f00000|  0%| F|  |TAMS 0x0000000084e00000, 0x0000000084e00000| Untracked 
|  79|0x0000000084f00000, 0x0000000084f00000, 0x0000000085000000|  0%| F|  |TAMS 0x0000000084f00000, 0x0000000084f00000| Untracked 
|  80|0x0000000085000000, 0x0000000085000000, 0x0000000085100000|  0%| F|  |TAMS 0x0000000085000000, 0x0000000085000000| Untracked 
|  81|0x0000000085100000, 0x0000000085100000, 0x0000000085200000|  0%| F|  |TAMS 0x0000000085100000, 0x0000000085100000| Untracked 
|  82|0x0000000085200000, 0x0000000085200000, 0x0000000085300000|  0%| F|  |TAMS 0x0000000085200000, 0x0000000085200000| Untracked 
|  83|0x0000000085300000, 0x0000000085300000, 0x0000000085400000|  0%| F|  |TAMS 0x0000000085300000, 0x0000000085300000| Untracked 
|  84|0x0000000085400000, 0x0000000085400000, 0x0000000085500000|  0%| F|  |TAMS 0x0000000085400000, 0x0000000085400000| Untracked 
|  85|0x0000000085500000, 0x0000000085600000, 0x0000000085600000|100%| E|  |TAMS 0x0000000085500000, 0x0000000085500000| Complete 
|  86|0x0000000085600000, 0x0000000085700000, 0x0000000085700000|100%| E|CS|TAMS 0x0000000085600000, 0x0000000085600000| Complete 
|  87|0x0000000085700000, 0x0000000085800000, 0x0000000085800000|100%| E|CS|TAMS 0x0000000085700000, 0x0000000085700000| Complete 
|  88|0x0000000085800000, 0x0000000085900000, 0x0000000085900000|100%| E|CS|TAMS 0x0000000085800000, 0x0000000085800000| Complete 
|  89|0x0000000085900000, 0x0000000085a00000, 0x0000000085a00000|100%| E|CS|TAMS 0x0000000085900000, 0x0000000085900000| Complete 
|  90|0x0000000085a00000, 0x0000000085b00000, 0x0000000085b00000|100%| E|CS|TAMS 0x0000000085a00000, 0x0000000085a00000| Complete 
|  91|0x0000000085b00000, 0x0000000085c00000, 0x0000000085c00000|100%| E|CS|TAMS 0x0000000085b00000, 0x0000000085b00000| Complete 
|  92|0x0000000085c00000, 0x0000000085d00000, 0x0000000085d00000|100%| E|CS|TAMS 0x0000000085c00000, 0x0000000085c00000| Complete 
|  93|0x0000000085d00000, 0x0000000085e00000, 0x0000000085e00000|100%| E|CS|TAMS 0x0000000085d00000, 0x0000000085d00000| Complete 
|  94|0x0000000085e00000, 0x0000000085f00000, 0x0000000085f00000|100%| E|CS|TAMS 0x0000000085e00000, 0x0000000085e00000| Complete 
|  95|0x0000000085f00000, 0x0000000086000000, 0x0000000086000000|100%| E|CS|TAMS 0x0000000085f00000, 0x0000000085f00000| Complete 
|  96|0x0000000086000000, 0x0000000086100000, 0x0000000086100000|100%| E|CS|TAMS 0x0000000086000000, 0x0000000086000000| Complete 
|  97|0x0000000086100000, 0x0000000086200000, 0x0000000086200000|100%| E|CS|TAMS 0x0000000086100000, 0x0000000086100000| Complete 
|  98|0x0000000086200000, 0x0000000086300000, 0x0000000086300000|100%| E|CS|TAMS 0x0000000086200000, 0x0000000086200000| Complete 
|  99|0x0000000086300000, 0x0000000086400000, 0x0000000086400000|100%| E|CS|TAMS 0x0000000086300000, 0x0000000086300000| Complete 
| 100|0x0000000086400000, 0x0000000086500000, 0x0000000086500000|100%| E|CS|TAMS 0x0000000086400000, 0x0000000086400000| Complete 
| 101|0x0000000086500000, 0x0000000086600000, 0x0000000086600000|100%| E|CS|TAMS 0x0000000086500000, 0x0000000086500000| Complete 
| 102|0x0000000086600000, 0x0000000086700000, 0x0000000086700000|100%| E|CS|TAMS 0x0000000086600000, 0x0000000086600000| Complete 
| 103|0x0000000086700000, 0x0000000086800000, 0x0000000086800000|100%| E|CS|TAMS 0x0000000086700000, 0x0000000086700000| Complete 
| 104|0x0000000086800000, 0x0000000086900000, 0x0000000086900000|100%| E|CS|TAMS 0x0000000086800000, 0x0000000086800000| Complete 
| 105|0x0000000086900000, 0x0000000086a00000, 0x0000000086a00000|100%| E|CS|TAMS 0x0000000086900000, 0x0000000086900000| Complete 
| 106|0x0000000086a00000, 0x0000000086b00000, 0x0000000086b00000|100%| E|CS|TAMS 0x0000000086a00000, 0x0000000086a00000| Complete 
| 107|0x0000000086b00000, 0x0000000086c00000, 0x0000000086c00000|100%| E|CS|TAMS 0x0000000086b00000, 0x0000000086b00000| Complete 
| 108|0x0000000086c00000, 0x0000000086d00000, 0x0000000086d00000|100%| E|CS|TAMS 0x0000000086c00000, 0x0000000086c00000| Complete 
| 109|0x0000000086d00000, 0x0000000086e00000, 0x0000000086e00000|100%| E|CS|TAMS 0x0000000086d00000, 0x0000000086d00000| Complete 
| 110|0x0000000086e00000, 0x0000000086f00000, 0x0000000086f00000|100%| E|CS|TAMS 0x0000000086e00000, 0x0000000086e00000| Complete 
| 111|0x0000000086f00000, 0x0000000087000000, 0x0000000087000000|100%| E|CS|TAMS 0x0000000086f00000, 0x0000000086f00000| Complete 
| 112|0x0000000087000000, 0x0000000087100000, 0x0000000087100000|100%| E|CS|TAMS 0x0000000087000000, 0x0000000087000000| Complete 
| 113|0x0000000087100000, 0x0000000087200000, 0x0000000087200000|100%| E|CS|TAMS 0x0000000087100000, 0x0000000087100000| Complete 
| 114|0x0000000087200000, 0x0000000087300000, 0x0000000087300000|100%| E|CS|TAMS 0x0000000087200000, 0x0000000087200000| Complete 
| 115|0x0000000087300000, 0x0000000087400000, 0x0000000087400000|100%| E|CS|TAMS 0x0000000087300000, 0x0000000087300000| Complete 
| 116|0x0000000087400000, 0x0000000087500000, 0x0000000087500000|100%| E|CS|TAMS 0x0000000087400000, 0x0000000087400000| Complete 
| 117|0x0000000087500000, 0x0000000087600000, 0x0000000087600000|100%| E|CS|TAMS 0x0000000087500000, 0x0000000087500000| Complete 
| 118|0x0000000087600000, 0x0000000087700000, 0x0000000087700000|100%| E|CS|TAMS 0x0000000087600000, 0x0000000087600000| Complete 
| 119|0x0000000087700000, 0x0000000087800000, 0x0000000087800000|100%| E|CS|TAMS 0x0000000087700000, 0x0000000087700000| Complete 

Card table byte_map: [0x000001dd77cd0000,0x000001dd780d0000] _byte_map_base: 0x000001dd778d0000

Marking Bits (Prev, Next): (CMBitMap*) 0x000001dd741fcae0, (CMBitMap*) 0x000001dd741fcaa8
 Prev Bits: [0x000001dd7a4d0000, 0x000001dd7c4d0000)
 Next Bits: [0x000001dd784d0000, 0x000001dd7a4d0000)

Polling page: 0x000001dd71f10000

Metaspace:

Usage:
  Non-class:     29.53 MB capacity,    29.09 MB ( 98%) used,   385.24 KB (  1%) free+waste,    70.69 KB ( <1%) overhead. 
      Class:      4.63 MB capacity,     4.33 MB ( 94%) used,   273.66 KB (  6%) free+waste,    34.63 KB ( <1%) overhead. 
       Both:     34.17 MB capacity,    33.42 MB ( 98%) used,   658.91 KB (  2%) free+waste,   105.31 KB ( <1%) overhead. 

Virtual space:
  Non-class space:       30.00 MB reserved,      29.75 MB (>99%) committed 
      Class space:        1.00 GB reserved,       4.75 MB ( <1%) committed 
             Both:        1.03 GB reserved,      34.50 MB (  3%) committed 

Chunk freelists:
   Non-Class:  29.00 KB
       Class:  25.00 KB
        Both:  54.00 KB

MaxMetaspaceSize: 17179869184.00 GB
CompressedClassSpaceSize: 1.00 GB
Initial GC threshold: 20.80 MB
Current GC threshold: 35.00 MB
CDS: off

CodeHeap 'non-profiled nmethods': size=120064Kb used=1393Kb max_used=1393Kb free=118670Kb
 bounds [0x000001dd07ac0000, 0x000001dd07d30000, 0x000001dd0f000000]
CodeHeap 'profiled nmethods': size=120000Kb used=6265Kb max_used=6265Kb free=113735Kb
 bounds [0x000001dd00590000, 0x000001dd00bb0000, 0x000001dd07ac0000]
CodeHeap 'non-nmethods': size=5696Kb used=1240Kb max_used=1271Kb free=4456Kb
 bounds [0x000001dd00000000, 0x000001dd00270000, 0x000001dd00590000]
 total_blobs=3355 nmethods=2842 adapters=426
 compilation: enabled
              stopped_count=0, restarted_count=0
 full_count=0

Compilation events (20 events):
Event: 34.972 Thread 0x000001dd7e8a5800 2836       3       groovy.lang.MetaMethod::isPublic (15 bytes)
Event: 34.972 Thread 0x000001dd7e8a5800 nmethod 2836 0x000001dd00ba9d10 code [0x000001dd00ba9ec0, 0x000001dd00baa0c8]
Event: 34.972 Thread 0x000001dd7e8a5800 2837       3       org.codehaus.groovy.reflection.CachedMethod::getParamsCount (6 bytes)
Event: 34.972 Thread 0x000001dd7e8a2800 nmethod 2834 0x000001dd07c1c310 code [0x000001dd07c1c4a0, 0x000001dd07c1c6b8]
Event: 34.973 Thread 0x000001dd7e8a5800 nmethod 2837 0x000001dd00baa190 code [0x000001dd00baa360, 0x000001dd00baa5c8]
Event: 34.973 Thread 0x000001dd7e8a5800 2838       3       org.codehaus.groovy.runtime.metaclass.NewMetaMethod::<init> (56 bytes)
Event: 34.974 Thread 0x000001dd7e8a5800 nmethod 2838 0x000001dd00baa710 code [0x000001dd00baa960, 0x000001dd00bab2d8]
Event: 34.974 Thread 0x000001dd7e8a5800 2839       3       org.codehaus.groovy.runtime.metaclass.ReflectionMetaMethod::<init> (18 bytes)
Event: 34.975 Thread 0x000001dd7e8a5800 nmethod 2839 0x000001dd00bab610 code [0x000001dd00bab800, 0x000001dd00babd68]
Event: 34.975 Thread 0x000001dd7e8a2800 2840   !   4       java.util.concurrent.ConcurrentHashMap::computeIfAbsent (576 bytes)
Event: 34.984 Thread 0x000001dd7e8a5800 2841       3       java.util.zip.Inflater::<init> (24 bytes)
Event: 34.984 Thread 0x000001dd7e8a5800 nmethod 2841 0x000001dd00babf90 code [0x000001dd00bac160, 0x000001dd00bac3f8]
Event: 35.008 Thread 0x000001dd7e8a5800 2843   !   3       java.util.zip.Inflater::finished (19 bytes)
Event: 35.009 Thread 0x000001dd7e8a5800 nmethod 2843 0x000001dd00bac510 code [0x000001dd00bac6c0, 0x000001dd00bac958]
Event: 35.009 Thread 0x000001dd7e8a5800 2844       3       java.util.Optional::of (9 bytes)
Event: 35.009 Thread 0x000001dd7e8a5800 nmethod 2844 0x000001dd00baca10 code [0x000001dd00bacc00, 0x000001dd00bacfa8]
Event: 35.009 Thread 0x000001dd7e8a5800 2845       3       java.util.Optional::<init> (13 bytes)
Event: 35.010 Thread 0x000001dd7e8a5800 nmethod 2845 0x000001dd00bad110 code [0x000001dd00bad2e0, 0x000001dd00bad5e8]
Event: 35.016 Thread 0x000001dd7e8a5800 2846       3       java.lang.PublicMethods::toArray (76 bytes)
Event: 35.017 Thread 0x000001dd7e8a5800 nmethod 2846 0x000001dd00bad710 code [0x000001dd00bad940, 0x000001dd00bae1d8]

GC Heap History (16 events):
Event: 0.926 GC heap before
{Heap before GC invocations=0 (full 0):
 garbage-first heap   total 122880K, used 7168K [0x0000000080000000, 0x0000000100000000)
  region size 1024K, 7 young (7168K), 0 survivors (0K)
 Metaspace       used 6135K, capacity 6265K, committed 6528K, reserved 1056768K
  class space    used 536K, capacity 578K, committed 640K, reserved 1048576K
}
Event: 0.936 GC heap after
{Heap after GC invocations=1 (full 0):
 garbage-first heap   total 122880K, used 1383K [0x0000000080000000, 0x0000000100000000)
  region size 1024K, 1 young (1024K), 1 survivors (1024K)
 Metaspace       used 6135K, capacity 6265K, committed 6528K, reserved 1056768K
  class space    used 536K, capacity 578K, committed 640K, reserved 1048576K
}
Event: 10.849 GC heap before
{Heap before GC invocations=1 (full 0):
 garbage-first heap   total 122880K, used 80231K [0x0000000080000000, 0x0000000100000000)
  region size 1024K, 72 young (73728K), 1 survivors (1024K)
 Metaspace       used 13967K, capacity 14339K, committed 14464K, reserved 1062912K
  class space    used 1545K, capacity 1656K, committed 1664K, reserved 1048576K
}
Event: 10.875 GC heap after
{Heap after GC invocations=2 (full 0):
 garbage-first heap   total 122880K, used 14859K [0x0000000080000000, 0x0000000100000000)
  region size 1024K, 9 young (9216K), 9 survivors (9216K)
 Metaspace       used 13967K, capacity 14339K, committed 14464K, reserved 1062912K
  class space    used 1545K, capacity 1656K, committed 1664K, reserved 1048576K
}
Event: 11.756 GC heap before
{Heap before GC invocations=2 (full 0):
 garbage-first heap   total 122880K, used 18955K [0x0000000080000000, 0x0000000100000000)
  region size 1024K, 13 young (13312K), 9 survivors (9216K)
 Metaspace       used 15145K, capacity 15592K, committed 15744K, reserved 1062912K
  class space    used 1724K, capacity 1862K, committed 1920K, reserved 1048576K
}
Event: 11.773 GC heap after
{Heap after GC invocations=3 (full 0):
 garbage-first heap   total 122880K, used 15597K [0x0000000080000000, 0x0000000100000000)
  region size 1024K, 1 young (1024K), 1 survivors (1024K)
 Metaspace       used 15145K, capacity 15592K, committed 15744K, reserved 1062912K
  class space    used 1724K, capacity 1862K, committed 1920K, reserved 1048576K
}
Event: 20.276 GC heap before
{Heap before GC invocations=3 (full 0):
 garbage-first heap   total 122880K, used 29933K [0x0000000080000000, 0x0000000100000000)
  region size 1024K, 16 young (16384K), 1 survivors (1024K)
 Metaspace       used 17827K, capacity 18267K, committed 18432K, reserved 1064960K
  class space    used 2113K, capacity 2244K, committed 2304K, reserved 1048576K
}
Event: 20.283 GC heap after
{Heap after GC invocations=4 (full 0):
 garbage-first heap   total 122880K, used 16354K [0x0000000080000000, 0x0000000100000000)
  region size 1024K, 2 young (2048K), 2 survivors (2048K)
 Metaspace       used 17827K, capacity 18267K, committed 18432K, reserved 1064960K
  class space    used 2113K, capacity 2244K, committed 2304K, reserved 1048576K
}
Event: 21.608 GC heap before
{Heap before GC invocations=4 (full 0):
 garbage-first heap   total 122880K, used 39906K [0x0000000080000000, 0x0000000100000000)
  region size 1024K, 25 young (25600K), 2 survivors (2048K)
 Metaspace       used 20558K, capacity 21045K, committed 21120K, reserved 1067008K
  class space    used 2525K, capacity 2680K, committed 2688K, reserved 1048576K
}
Event: 21.619 GC heap after
{Heap after GC invocations=5 (full 0):
 garbage-first heap   total 122880K, used 16973K [0x0000000080000000, 0x0000000100000000)
  region size 1024K, 2 young (2048K), 2 survivors (2048K)
 Metaspace       used 20558K, capacity 21045K, committed 21120K, reserved 1067008K
  class space    used 2525K, capacity 2680K, committed 2688K, reserved 1048576K
}
Event: 21.716 GC heap before
{Heap before GC invocations=5 (full 0):
 garbage-first heap   total 122880K, used 17997K [0x0000000080000000, 0x0000000100000000)
  region size 1024K, 4 young (4096K), 2 survivors (2048K)
 Metaspace       used 20721K, capacity 21141K, committed 21248K, reserved 1067008K
  class space    used 2545K, capacity 2712K, committed 2816K, reserved 1048576K
}
Event: 21.724 GC heap after
{Heap after GC invocations=6 (full 0):
 garbage-first heap   total 122880K, used 17077K [0x0000000080000000, 0x0000000100000000)
  region size 1024K, 2 young (2048K), 2 survivors (2048K)
 Metaspace       used 20721K, capacity 21141K, committed 21248K, reserved 1067008K
  class space    used 2545K, capacity 2712K, committed 2816K, reserved 1048576K
}
Event: 24.288 GC heap before
{Heap before GC invocations=7 (full 0):
 garbage-first heap   total 122880K, used 48821K [0x0000000080000000, 0x0000000100000000)
  region size 1024K, 33 young (33792K), 2 survivors (2048K)
 Metaspace       used 24292K, capacity 24886K, committed 25088K, reserved 1071104K
  class space    used 3071K, capacity 3283K, committed 3328K, reserved 1048576K
}
Event: 24.301 GC heap after
{Heap after GC invocations=8 (full 0):
 garbage-first heap   total 122880K, used 18159K [0x0000000080000000, 0x0000000100000000)
  region size 1024K, 3 young (3072K), 3 survivors (3072K)
 Metaspace       used 24292K, capacity 24886K, committed 25088K, reserved 1071104K
  class space    used 3071K, capacity 3283K, committed 3328K, reserved 1048576K
}
Event: 28.009 GC heap before
{Heap before GC invocations=8 (full 0):
 garbage-first heap   total 122880K, used 61167K [0x0000000080000000, 0x0000000100000000)
  region size 1024K, 45 young (46080K), 3 survivors (3072K)
 Metaspace       used 28356K, capacity 29062K, committed 29312K, reserved 1075200K
  class space    used 3728K, capacity 3959K, committed 3968K, reserved 1048576K
}
Event: 28.025 GC heap after
{Heap after GC invocations=9 (full 0):
 garbage-first heap   total 122880K, used 19962K [0x0000000080000000, 0x0000000100000000)
  region size 1024K, 5 young (5120K), 5 survivors (5120K)
 Metaspace       used 28356K, capacity 29062K, committed 29312K, reserved 1075200K
  class space    used 3728K, capacity 3959K, committed 3968K, reserved 1048576K
}

Deoptimization events (20 events):
Event: 29.458 Thread 0x000001dd0f444000 Uncommon trap: trap_request=0xffffff4d fr.pc=0x000001dd07bf957c relative=0x00000000000001bc
Event: 29.458 Thread 0x000001dd0f444000 Uncommon trap: reason=unstable_if action=reinterpret pc=0x000001dd07bf957c method=java.util.regex.Pattern$BmpCharProperty.match(Ljava/util/regex/Matcher;ILjava/lang/CharSequence;)Z @ 39 c2
Event: 29.458 Thread 0x000001dd0f444000 DEOPT PACKING pc=0x000001dd07bf957c sp=0x000000c6aabf9240
Event: 29.458 Thread 0x000001dd0f444000 DEOPT UNPACKING pc=0x000001dd0004a1af sp=0x000000c6aabf91f0 mode 2
Event: 29.831 Thread 0x000001dd0f444000 Uncommon trap: trap_request=0xffffff4d fr.pc=0x000001dd07b98430 relative=0x0000000000000230
Event: 29.831 Thread 0x000001dd0f444000 Uncommon trap: reason=unstable_if action=reinterpret pc=0x000001dd07b98430 method=java.util.HashMap.putVal(ILjava/lang/Object;Ljava/lang/Object;ZZ)Ljava/lang/Object; @ 162 c2
Event: 29.831 Thread 0x000001dd0f444000 DEOPT PACKING pc=0x000001dd07b98430 sp=0x000000c6aabfa3b0
Event: 29.831 Thread 0x000001dd0f444000 DEOPT UNPACKING pc=0x000001dd0004a1af sp=0x000000c6aabfa2c0 mode 2
Event: 33.853 Thread 0x000001dd0f3cd800 Uncommon trap: trap_request=0xffffffde fr.pc=0x000001dd07c17190 relative=0x0000000000000310
Event: 33.853 Thread 0x000001dd0f3cd800 Uncommon trap: reason=class_check action=maybe_recompile pc=0x000001dd07c17190 method=java.util.stream.ReferencePipeline.forEachWithCancel(Ljava/util/Spliterator;Ljava/util/stream/Sink;)Z @ 1 c2
Event: 33.853 Thread 0x000001dd0f3cd800 DEOPT PACKING pc=0x000001dd07c17190 sp=0x000000c6aa4feba0
Event: 33.853 Thread 0x000001dd0f3cd800 DEOPT UNPACKING pc=0x000001dd0004a1af sp=0x000000c6aa4feb40 mode 2
Event: 34.860 Thread 0x000001dd0f444000 Uncommon trap: trap_request=0xffffff4d fr.pc=0x000001dd07bb5ca8 relative=0x0000000000004768
Event: 34.860 Thread 0x000001dd0f444000 Uncommon trap: reason=unstable_if action=reinterpret pc=0x000001dd07bb5ca8 method=jdk.internal.loader.BuiltinClassLoader.loadClassOrNull(Ljava/lang/String;Z)Ljava/lang/Class; @ 42 c2
Event: 34.860 Thread 0x000001dd0f444000 DEOPT PACKING pc=0x000001dd07bb5ca8 sp=0x000000c6aabf4fb0
Event: 34.860 Thread 0x000001dd0f444000 DEOPT UNPACKING pc=0x000001dd0004a1af sp=0x000000c6aabf4e10 mode 2
Event: 34.861 Thread 0x000001dd0f3cd800 Uncommon trap: trap_request=0xffffffde fr.pc=0x000001dd07c17190 relative=0x0000000000000310
Event: 34.865 Thread 0x000001dd0f3cd800 Uncommon trap: reason=class_check action=maybe_recompile pc=0x000001dd07c17190 method=java.util.stream.ReferencePipeline.forEachWithCancel(Ljava/util/Spliterator;Ljava/util/stream/Sink;)Z @ 1 c2
Event: 34.867 Thread 0x000001dd0f3cd800 DEOPT PACKING pc=0x000001dd07c17190 sp=0x000000c6aa4feba0
Event: 34.868 Thread 0x000001dd0f3cd800 DEOPT UNPACKING pc=0x000001dd0004a1af sp=0x000000c6aa4feb40 mode 2

Classes redefined (0 events):
No events

Internal exceptions (20 events):
Event: 26.153 Thread 0x000001dd0f444000 Exception <a 'java/lang/NoSuchMethodError'{0x00000000864094e8}: 'void java.lang.invoke.DirectMethodHandle$Holder.invokeStatic(java.lang.Object, java.lang.Object, java.lang.Object, java.lang.Object)'> (0x00000000864094e8) thrown at [./src/hotspot/share/interpreter/linkResolver.cpp, line 773]
Event: 26.168 Thread 0x000001dd0f444000 Exception <a 'java/lang/NoSuchMethodError'{0x0000000086438a68}: 'java.lang.Object java.lang.invoke.DirectMethodHandle$Holder.invokeVirtual(java.lang.Object, java.lang.Object, java.lang.Object)'> (0x0000000086438a68) thrown at [./src/hotspot/share/interpreter/linkResolver.cpp, line 773]
Event: 26.174 Thread 0x000001dd0f444000 Exception <a 'java/lang/NoSuchMethodError'{0x0000000086460fb8}: 'int java.lang.invoke.DirectMethodHandle$Holder.invokeVirtual(java.lang.Object, java.lang.Object)'> (0x0000000086460fb8) thrown at [./src/hotspot/share/interpreter/linkResolver.cpp, line 773]
Event: 26.198 Thread 0x000001dd0f444000 Exception <a 'java/lang/NoSuchMethodError'{0x00000000864c64a8}: 'int java.lang.invoke.DirectMethodHandle$Holder.invokeVirtual(java.lang.Object, java.lang.Object, java.lang.Object)'> (0x00000000864c64a8) thrown at [./src/hotspot/share/interpreter/linkResolver.cpp, line 773]
Event: 26.262 Thread 0x000001dd0f444000 Exception <a 'java/lang/NoSuchMethodError'{0x0000000086225e88}: 'void java.lang.invoke.DirectMethodHandle$Holder.invokeSpecial(java.lang.Object, java.lang.Object)'> (0x0000000086225e88) thrown at [./src/hotspot/share/interpreter/linkResolver.cpp, line 773]
Event: 26.700 Thread 0x000001dd0f444000 Exception <a 'java/lang/NoSuchMethodError'{0x000000008595bfa0}: 'java.lang.Object java.lang.invoke.DirectMethodHandle$Holder.invokeSpecialIFC(java.lang.Object, java.lang.Object, java.lang.Object, java.lang.Object)'> (0x000000008595bfa0) thrown at [./src/hotspot/share/interpreter/linkResolver.cpp, line 773]
Event: 26.770 Thread 0x000001dd0f444000 Exception <a 'java/lang/NoSuchMethodError'{0x0000000085861d80}: 'java.lang.Object java.lang.invoke.DirectMethodHandle$Holder.invokeSpecial(java.lang.Object, java.lang.Object, java.lang.Object, java.lang.Object, java.lang.Object, java.lang.Object, java.lang.Object, java.lang.Object, java.lang.Object, java.lang.Object, java.lang.Object, java.lang.Object, java.lang.Object)'> (0x0000000085861d80) thrown at [./src/hotspot/share/interpreter/linkResolver.cpp, line 773]
Event: 26.772 Thread 0x000001dd0f444000 Exception <a 'java/lang/NoSuchMethodError'{0x0000000085872be0}: 'java.lang.Object java.lang.invoke.DirectMethodHandle$Holder.invokeSpecial(java.lang.Object, java.lang.Object, java.lang.Object, java.lang.Object, java.lang.Object, java.lang.Object, java.lang.Object, java.lang.Object, java.lang.Object, java.lang.Object, java.lang.Object, java.lang.Object)'> (0x0000000085872be0) thrown at [./src/hotspot/share/interpreter/linkResolver.cpp, line 773]
Event: 26.773 Thread 0x000001dd0f444000 Exception <a 'java/lang/NoSuchMethodError'{0x0000000085877d08}: 'java.lang.Object java.lang.invoke.Invokers$Holder.linkToTargetMethod(java.lang.Object, java.lang.Object, java.lang.Object, java.lang.Object, java.lang.Object, java.lang.Object, java.lang.Object, java.lang.Object, java.lang.Object, java.lang.Object, java.lang.Object)'> (0x0000000085877d08) thrown at [./src/hotspot/share/interpreter/linkResolver.cpp, line 773]
Event: 27.019 Thread 0x000001dd0f444000 Exception <a 'java/lang/NoSuchMethodError'{0x00000000857b7860}: 'java.lang.Object java.lang.invoke.DirectMethodHandle$Holder.invokeSpecial(java.lang.Object, java.lang.Object, java.lang.Object, java.lang.Object, java.lang.Object, java.lang.Object, java.lang.Object, java.lang.Object, java.lang.Object, java.lang.Object, java.lang.Object, java.lang.Object, java.lang.Object, java.lang.Object)'> (0x00000000857b7860) thrown at [./src/hotspot/share/interpreter/linkResolver.cpp, line 773]
Event: 27.023 Thread 0x000001dd0f444000 Exception <a 'java/lang/NoSuchMethodError'{0x00000000857c8ed8}: 'java.lang.Object java.lang.invoke.Invokers$Holder.linkToTargetMethod(java.lang.Object, java.lang.Object, java.lang.Object, java.lang.Object, java.lang.Object, java.lang.Object, java.lang.Object, java.lang.Object, java.lang.Object, java.lang.Object, java.lang.Object, java.lang.Object)'> (0x00000000857c8ed8) thrown at [./src/hotspot/share/interpreter/linkResolver.cpp, line 773]
Event: 27.145 Thread 0x000001dd0f444000 Exception <a 'java/lang/NoSuchMethodError'{0x00000000853b1bf0}: 'java.lang.Object java.lang.invoke.DirectMethodHandle$Holder.invokeStaticInit(java.lang.Object, java.lang.Object, java.lang.Object, java.lang.Object)'> (0x00000000853b1bf0) thrown at [./src/hotspot/share/interpreter/linkResolver.cpp, line 773]
Event: 27.896 Thread 0x000001dd0f444000 Implicit null exception at 0x000001dd07ba01f5 to 0x000001dd07ba03a4
Event: 28.790 Thread 0x000001dd0f444000 Exception <a 'java/lang/NoSuchMethodError'{0x0000000086f9f680}: 'java.lang.Object java.lang.invoke.Invokers$Holder.linkToTargetMethod(java.lang.Object, java.lang.Object, java.lang.Object, java.lang.Object, java.lang.Object, java.lang.Object, java.lang.Object, java.lang.Object)'> (0x0000000086f9f680) thrown at [./src/hotspot/share/interpreter/linkResolver.cpp, line 773]
Event: 28.802 Thread 0x000001dd0f444000 Exception <a 'java/lang/NoSuchMethodError'{0x0000000086febcc8}: 'java.lang.Object java.lang.invoke.Invokers$Holder.linkToTargetMethod(java.lang.Object, java.lang.Object, java.lang.Object, java.lang.Object, java.lang.Object, java.lang.Object, java.lang.Object)'> (0x0000000086febcc8) thrown at [./src/hotspot/share/interpreter/linkResolver.cpp, line 773]
Event: 28.813 Thread 0x000001dd0f444000 Exception <a 'java/lang/IncompatibleClassChangeError'{0x0000000086e2a9f8}: Found class java.lang.Object, but interface was expected> (0x0000000086e2a9f8) thrown at [./src/hotspot/share/interpreter/linkResolver.cpp, line 839]
Event: 33.410 Thread 0x000001dd0f444000 Exception <a 'java/lang/NoSuchMethodError'{0x0000000085bfb9c8}: 'void java.lang.invoke.DirectMethodHandle$Holder.invokeStaticInit(java.lang.Object, java.lang.Object, java.lang.Object)'> (0x0000000085bfb9c8) thrown at [./src/hotspot/share/interpreter/linkResolver.cpp, line 773]
Event: 33.415 Thread 0x000001dd0f444000 Exception <a 'java/lang/NoSuchMethodError'{0x0000000085a030b0}: 'void java.lang.invoke.DirectMethodHandle$Holder.invokeStaticInit(java.lang.Object, java.lang.Object, java.lang.Object, java.lang.Object)'> (0x0000000085a030b0) thrown at [./src/hotspot/share/interpreter/linkResolver.cpp, line 773]
Event: 33.433 Thread 0x000001dd0f444000 Exception <a 'java/lang/NoSuchMethodError'{0x0000000085a25708}: 'void java.lang.invoke.DirectMethodHandle$Holder.invokeStaticInit(java.lang.Object, java.lang.Object, java.lang.Object, java.lang.Object, java.lang.Object)'> (0x0000000085a25708) thrown at [./src/hotspot/share/interpreter/linkResolver.cpp, line 773]
Event: 33.772 Thread 0x000001dd0f444000 Exception <a 'java/lang/NoSuchMethodError'{0x0000000085a916a0}: 'int java.lang.invoke.DirectMethodHandle$Holder.invokeStaticInit(java.lang.Object, java.lang.Object, java.lang.Object, java.lang.Object)'> (0x0000000085a916a0) thrown at [./src/hotspot/share/interpreter/linkResolver.cpp, line 773]

Events (20 events):
Event: 34.893 loading class java/nio/file/WatchEvent$Modifier done
Event: 34.974 Executing VM operation: RevokeBias
Event: 34.974 Executing VM operation: RevokeBias done
Event: 34.974 loading class org/apache/groovy/sql/extensions/SqlExtensions
Event: 34.974 loading class org/apache/groovy/sql/extensions/SqlExtensions done
Event: 34.985 loading class groovy/sql/GroovyRowResult
Event: 34.985 loading class groovy/sql/GroovyRowResult done
Event: 34.988 loading class groovy/sql/GroovyResultSet
Event: 34.988 loading class groovy/sql/GroovyResultSet done
Event: 35.020 Executing VM operation: RevokeBias
Event: 35.021 Executing VM operation: RevokeBias done
Event: 35.021 loading class org/apache/groovy/swing/extensions/SwingExtensions
Event: 35.021 loading class org/apache/groovy/swing/extensions/SwingExtensions done
Event: 35.024 loading class javax/swing/tree/MutableTreeNode
Event: 35.025 loading class javax/swing/tree/TreeNode
Event: 35.025 loading class javax/swing/tree/TreeNode done
Event: 35.025 loading class javax/swing/tree/MutableTreeNode done
Event: 35.025 loading class javax/swing/ListModel
Event: 35.025 loading class javax/swing/ListModel done
Event: 35.025 loading class javax/swing/tree/DefaultMutableTreeNode


Dynamic libraries:
0x00007ff67cc10000 - 0x00007ff67cc1a000 	C:\Program Files\Android\Android Studio\jre\bin\java.exe
0x00007ff9d79d0000 - 0x00007ff9d7bc5000 	C:\Windows\SYSTEM32\ntdll.dll
0x00007ff9d7250000 - 0x00007ff9d730d000 	C:\Windows\System32\KERNEL32.DLL
0x00007ff9d5170000 - 0x00007ff9d543d000 	C:\Windows\System32\KERNELBASE.dll
0x00007ff9d5600000 - 0x00007ff9d5700000 	C:\Windows\System32\ucrtbase.dll
0x00007ff9b1e60000 - 0x00007ff9b1e79000 	C:\Program Files\Android\Android Studio\jre\bin\jli.dll
0x00007ff9d7310000 - 0x00007ff9d74b0000 	C:\Windows\System32\USER32.dll
0x00007ff9d5440000 - 0x00007ff9d5462000 	C:\Windows\System32\win32u.dll
0x00007ff9d6260000 - 0x00007ff9d628a000 	C:\Windows\System32\GDI32.dll
0x00007ff9d54f0000 - 0x00007ff9d55fb000 	C:\Windows\System32\gdi32full.dll
0x00007ff9d5700000 - 0x00007ff9d579d000 	C:\Windows\System32\msvcp_win.dll
0x00007ff9af820000 - 0x00007ff9af837000 	C:\Program Files\Android\Android Studio\jre\bin\VCRUNTIME140.dll
0x00007ff9beeb0000 - 0x00007ff9bf14a000 	C:\Windows\WinSxS\amd64_microsoft.windows.common-controls_6595b64144ccf1df_6.0.19041.1110_none_60b5254171f9507e\COMCTL32.dll
0x00007ff9d60c0000 - 0x00007ff9d615e000 	C:\Windows\System32\msvcrt.dll
0x00007ff9d71c0000 - 0x00007ff9d71f0000 	C:\Windows\System32\IMM32.DLL
0x00007ff9ad430000 - 0x00007ff9ad4cd000 	C:\Program Files\Android\Android Studio\jre\bin\msvcp140.dll
0x00007ff96dde0000 - 0x00007ff96e8c5000 	C:\Program Files\Android\Android Studio\jre\bin\server\jvm.dll
0x00007ff9d74b0000 - 0x00007ff9d755e000 	C:\Windows\System32\ADVAPI32.dll
0x00007ff9d7560000 - 0x00007ff9d75fc000 	C:\Windows\System32\sechost.dll
0x00007ff9d6a60000 - 0x00007ff9d6b85000 	C:\Windows\System32\RPCRT4.dll
0x00007ff9d61d0000 - 0x00007ff9d61d8000 	C:\Windows\System32\PSAPI.DLL
0x00007ff9c7640000 - 0x00007ff9c7649000 	C:\Windows\SYSTEM32\WSOCK32.dll
0x00007ff9d62a0000 - 0x00007ff9d630b000 	C:\Windows\System32\WS2_32.dll
0x00007ff9cbe90000 - 0x00007ff9cbeb7000 	C:\Windows\SYSTEM32\WINMM.dll
0x00007ff9cbe80000 - 0x00007ff9cbe8a000 	C:\Windows\SYSTEM32\VERSION.dll
0x00007ff9d3000000 - 0x00007ff9d3012000 	C:\Windows\SYSTEM32\kernel.appcore.dll
0x00007ff9c6ec0000 - 0x00007ff9c6ed1000 	C:\Program Files\Android\Android Studio\jre\bin\verify.dll
0x00007ff9c48c0000 - 0x00007ff9c4aa4000 	C:\Windows\SYSTEM32\DBGHELP.DLL
0x00007ff9c4860000 - 0x00007ff9c488c000 	C:\Windows\SYSTEM32\dbgcore.DLL
0x00007ff9d50e0000 - 0x00007ff9d5162000 	C:\Windows\System32\bcryptPrimitives.dll
0x00007ff9af770000 - 0x00007ff9af799000 	C:\Program Files\Android\Android Studio\jre\bin\java.dll
0x00007ff9c6fe0000 - 0x00007ff9c6feb000 	C:\Program Files\Android\Android Studio\jre\bin\jimage.dll
0x00007ff9c6e40000 - 0x00007ff9c6e58000 	C:\Program Files\Android\Android Studio\jre\bin\zip.dll
0x00007ff9d6310000 - 0x00007ff9d6a54000 	C:\Windows\System32\SHELL32.dll
0x00007ff9d3200000 - 0x00007ff9d3994000 	C:\Windows\SYSTEM32\windows.storage.dll
0x00007ff9d6e60000 - 0x00007ff9d71b4000 	C:\Windows\System32\combase.dll
0x00007ff9d4ad0000 - 0x00007ff9d4afc000 	C:\Windows\SYSTEM32\Wldp.dll
0x00007ff9d7600000 - 0x00007ff9d76ad000 	C:\Windows\System32\SHCORE.dll
0x00007ff9d61e0000 - 0x00007ff9d6235000 	C:\Windows\System32\shlwapi.dll
0x00007ff9d5020000 - 0x00007ff9d503f000 	C:\Windows\SYSTEM32\profapi.dll
0x00007ff9af260000 - 0x00007ff9af27a000 	C:\Program Files\Android\Android Studio\jre\bin\net.dll
0x00007ff9c8d90000 - 0x00007ff9c8e9a000 	C:\Windows\SYSTEM32\WINHTTP.dll
0x00007ff9d4830000 - 0x00007ff9d489a000 	C:\Windows\system32\mswsock.dll
0x00007ff9aedd0000 - 0x00007ff9aede4000 	C:\Program Files\Android\Android Studio\jre\bin\nio.dll
0x00007ff9a7b50000 - 0x00007ff9a7b77000 	C:\Users\imano\.gradle\native\e1d6ef7f7dcc3fd88c89a11ec53ec762bb8ba0a96d01ffa2cd45eb1d1d8dd5c5\windows-amd64\native-platform.dll
0x00007ff9a45f0000 - 0x00007ff9a4734000 	C:\Users\imano\.gradle\native\5664cfc778a61ccfe75a443a1ab52a65af34e5dc3c78e0209fed803814484fcb\windows-amd64\native-platform-file-events.dll
0x00007ff9c6f30000 - 0x00007ff9c6f3a000 	C:\Program Files\Android\Android Studio\jre\bin\management.dll
0x00007ff9c6df0000 - 0x00007ff9c6dfd000 	C:\Program Files\Android\Android Studio\jre\bin\management_ext.dll
0x00007ff9d4a20000 - 0x00007ff9d4a38000 	C:\Windows\SYSTEM32\CRYPTSP.dll
0x00007ff9d4150000 - 0x00007ff9d4184000 	C:\Windows\system32\rsaenh.dll
0x00007ff9d5470000 - 0x00007ff9d5497000 	C:\Windows\System32\bcrypt.dll
0x00007ff9d4fa0000 - 0x00007ff9d4fce000 	C:\Windows\SYSTEM32\USERENV.dll
0x00007ff9d4a40000 - 0x00007ff9d4a4c000 	C:\Windows\SYSTEM32\CRYPTBASE.dll
0x00007ff9d44c0000 - 0x00007ff9d44fb000 	C:\Windows\SYSTEM32\IPHLPAPI.DLL
0x00007ff9d6290000 - 0x00007ff9d6298000 	C:\Windows\System32\NSI.dll
0x00007ff9ca170000 - 0x00007ff9ca187000 	C:\Windows\SYSTEM32\dhcpcsvc6.DLL
0x00007ff9ca150000 - 0x00007ff9ca16d000 	C:\Windows\SYSTEM32\dhcpcsvc.DLL
0x00007ff9d45c0000 - 0x00007ff9d468b000 	C:\Windows\SYSTEM32\DNSAPI.dll

dbghelp: loaded successfully - version: 4.0.5 - missing functions: none
symbol engine: initialized successfully - sym options: 0x614 - pdb path: .;C:\Program Files\Android\Android Studio\jre\bin;C:\Windows\SYSTEM32;C:\Windows\WinSxS\amd64_microsoft.windows.common-controls_6595b64144ccf1df_6.0.19041.1110_none_60b5254171f9507e;C:\Program Files\Android\Android Studio\jre\bin\server;C:\Users\imano\.gradle\native\e1d6ef7f7dcc3fd88c89a11ec53ec762bb8ba0a96d01ffa2cd45eb1d1d8dd5c5\windows-amd64;C:\Users\imano\.gradle\native\5664cfc778a61ccfe75a443a1ab52a65af34e5dc3c78e0209fed803814484fcb\windows-amd64

VM Arguments:
jvm_args: --add-opens=java.base/java.util=ALL-UNNAMED --add-opens=java.base/java.lang=ALL-UNNAMED --add-opens=java.base/java.lang.invoke=ALL-UNNAMED --add-opens=java.base/java.util=ALL-UNNAMED --add-opens=java.prefs/java.util.prefs=ALL-UNNAMED --add-opens=java.prefs/java.util.prefs=ALL-UNNAMED --add-opens=java.base/java.nio.charset=ALL-UNNAMED --add-opens=java.base/java.net=ALL-UNNAMED --add-opens=java.base/java.util.concurrent.atomic=ALL-UNNAMED -Xmx2048m -Dfile.encoding=UTF-8 -Duser.country=MX -Duser.language=es -Duser.variant 
java_command: org.gradle.launcher.daemon.bootstrap.GradleDaemon 7.3.3
java_class_path (initial): C:\Users\imano\.gradle\wrapper\dists\gradle-7.3.3-bin\6a41zxkdtcxs8rphpq6y0069z\gradle-7.3.3\lib\gradle-launcher-7.3.3.jar
Launcher Type: SUN_STANDARD

[Global flags]
     intx CICompilerCount                          = 2                                         {product} {ergonomic}
     uint ConcGCThreads                            = 1                                         {product} {ergonomic}
     uint G1ConcRefinementThreads                  = 2                                         {product} {ergonomic}
   size_t G1HeapRegionSize                         = 1048576                                   {product} {ergonomic}
    uintx GCDrainStackTargetSize                   = 64                                        {product} {ergonomic}
   size_t InitialHeapSize                          = 125829120                                 {product} {ergonomic}
   size_t MarkStackSize                            = 4194304                                   {product} {ergonomic}
   size_t MaxHeapSize                              = 2147483648                                {product} {command line}
   size_t MaxNewSize                               = 1287651328                                {product} {ergonomic}
   size_t MinHeapDeltaBytes                        = 1048576                                   {product} {ergonomic}
    uintx NonNMethodCodeHeapSize                   = 5825164                                {pd product} {ergonomic}
    uintx NonProfiledCodeHeapSize                  = 122916538                              {pd product} {ergonomic}
    uintx ProfiledCodeHeapSize                     = 122916538                              {pd product} {ergonomic}
    uintx ReservedCodeCacheSize                    = 251658240                              {pd product} {ergonomic}
     bool SegmentedCodeCache                       = true                                      {product} {ergonomic}
     bool UseCompressedClassPointers               = true                                 {lp64_product} {ergonomic}
     bool UseCompressedOops                        = true                                 {lp64_product} {ergonomic}
     bool UseG1GC                                  = true                                      {product} {ergonomic}
     bool UseLargePagesIndividualAllocation        = false                                  {pd product} {ergonomic}

Logging:
Log output configuration:
 #0: stdout all=warning uptime,level,tags
 #1: stderr all=off uptime,level,tags

Environment Variables:
PATH=C:\Program Files (x86)\VMware\VMware Workstation\bin\;C:\Program Files\Common Files\Oracle\Java\javapath;C:\Windows\system32;C:\Windows;C:\Windows\System32\Wbem;C:\Windows\System32\WindowsPowerShell\v1.0\;C:\Windows\System32\OpenSSH\;C:\Program Files\nodejs\;C:\Program Files\Git\cmd;C:\Program Files (x86)\dotnet\;C:\Users\imano\AppData\Local\Programs\Python\Python39\Scripts\;C:\Users\imano\AppData\Local\Programs\Python\Python39\;C:\Users\imano\AppData\Local\Microsoft\WindowsApps;C:\Python39\;C:\Python39\Scripts;;C:\Program Files\JetBrains\PyCharm 2021.2\bin;;C:\Program Files\heroku\bin;C:\Users\imano\AppData\Local\Programs\Microsoft VS Code\bin;C:\Users\imano\AppData\Roaming\npm
USERNAME=imano
OS=Windows_NT
PROCESSOR_IDENTIFIER=AMD64 Family 21 Model 112 Stepping 0, AuthenticAMD



---------------  S Y S T E M  ---------------

OS: Windows 10 , 64 bit Build 19041 (10.0.19041.1706)
OS uptime: 3 days 5:48 hours

CPU:total 2 (initial active 2) (2 cores per cpu, 1 threads per core) family 21 model 112 stepping 0 microcode 0x0, cmov, cx8, fxsr, mmx, sse, sse2, sse3, ssse3, sse4.1, sse4.2, popcnt, avx, avx2, aes, clmul, mmxext, 3dnowpref, lzcnt, sse4a, tsc, tscinvbit, tscinv, bmi1, bmi2, fma

Memory: 4k page, system-wide physical 7639M (570M free)
TotalPageFile size 11339M (AvailPageFile size 5M)
current process WorkingSet (physical memory assigned to process): 210M, peak: 210M
current process commit charge ("private bytes"): 260M, peak: 260M

vm_info: OpenJDK 64-Bit Server VM (11.0.12+7-b1504.28-7817840) for windows-amd64 JRE (11.0.12+7-b1504.28-7817840), built on Oct 13 2021 22:12:33 by "builder" with MS VC++ 14.0 (VS2015)

END.
