#
# There is insufficient memory for the Java Runtime Environment to continue.
# Native memory allocation (malloc) failed to allocate 1679056 bytes for Chunk::new
# Possible reasons:
#   The system is out of physical RAM or swap space
#   The process is running with CompressedOops enabled, and the Java Heap may be blocking the growth of the native heap
# Possible solutions:
#   Reduce memory load on the system
#   Increase physical memory or swap space
#   Check if swap backing store is full
#   Decrease Java heap size (-Xmx/-Xms)
#   Decrease number of Java threads
#   Decrease Java thread stack sizes (-Xss)
#   Set larger code cache with -XX:ReservedCodeCacheSize=
#   JVM is running with Unscaled Compressed Oops mode in which the Java heap is
#     placed in the first 4GB address space. The Java Heap base address is the
#     maximum limit for the native heap growth. Please use -XX:HeapBaseMinAddress
#     to set the Java Heap base and to place the Java Heap above 4GB virtual address.
# This output file may be truncated or incomplete.
#
#  Out of Memory Error (./src/hotspot/share/memory/arena.cpp:197), pid=12820, tid=14196
#
# JRE version: OpenJDK Runtime Environment (11.0.12+7) (build 11.0.12+7-b1504.28-7817840)
# Java VM: OpenJDK 64-Bit Server VM (11.0.12+7-b1504.28-7817840, mixed mode, tiered, compressed oops, g1 gc, windows-amd64)
# No core dump will be written. Minidumps are not enabled by default on client versions of Windows
#

---------------  S U M M A R Y ------------

Command Line: --add-opens=java.base/java.util=ALL-UNNAMED --add-opens=java.base/java.lang=ALL-UNNAMED --add-opens=java.base/java.lang.invoke=ALL-UNNAMED --add-opens=java.base/java.util=ALL-UNNAMED --add-opens=java.prefs/java.util.prefs=ALL-UNNAMED --add-opens=java.prefs/java.util.prefs=ALL-UNNAMED --add-opens=java.base/java.nio.charset=ALL-UNNAMED --add-opens=java.base/java.net=ALL-UNNAMED --add-opens=java.base/java.util.concurrent.atomic=ALL-UNNAMED -Xmx2048m -Dfile.encoding=UTF-8 -Duser.country=MX -Duser.language=es -Duser.variant org.gradle.launcher.daemon.bootstrap.GradleDaemon 7.3.3

Host: AMD A9-9410 RADEON R5, 5 COMPUTE CORES 2C+3G   , 2 cores, 7G,  Windows 10 , 64 bit Build 19041 (10.0.19041.1706)
Time: Tue Jun  7 21:30:18 2022 Hora de verano central (México) elapsed time: 1421.384126 seconds (0d 0h 23m 41s)

---------------  T H R E A D  ---------------

Current thread (0x000001ef7e752000):  JavaThread "C2 CompilerThread0" daemon [_thread_in_native, id=14196, stack(0x0000004badd00000,0x0000004bade00000)]


Current CompileTask:
C2:1421384 15256       4       org.gradle.internal.component.model.ComponentAttributeMatcher::match (259 bytes)

Stack: [0x0000004badd00000,0x0000004bade00000]
Native frames: (J=compiled Java code, j=interpreted, Vv=VM code, C=native code)
V  [jvm.dll+0x5fbcea]
V  [jvm.dll+0x731905]
V  [jvm.dll+0x732f1d]
V  [jvm.dll+0x7335d3]
V  [jvm.dll+0x247bf8]
V  [jvm.dll+0xc018c]
V  [jvm.dll+0xc06cc]
V  [jvm.dll+0x35b2db]
V  [jvm.dll+0x328803]
V  [jvm.dll+0x327cfa]
V  [jvm.dll+0x200602]
V  [jvm.dll+0x1ff794]
V  [jvm.dll+0x18868c]
V  [jvm.dll+0x20e0d7]
V  [jvm.dll+0x20c901]
V  [jvm.dll+0x6f9b7f]
V  [jvm.dll+0x6f26a5]
V  [jvm.dll+0x5fabf6]
C  [ucrtbase.dll+0x21bb2]
C  [KERNEL32.DLL+0x17034]
C  [ntdll.dll+0x52651]


---------------  P R O C E S S  ---------------

Threads class SMR info:
_java_thread_list=0x000001ef127943b0, length=59, elements={
0x000001ef7400c000, 0x000001ef7e733000, 0x000001ef7e734000, 0x000001ef7f103800,
0x000001ef7e74d000, 0x000001ef7e74f000, 0x000001ef7e752000, 0x000001ef7f11c800,
0x000001ef7f11d800, 0x000001ef7f212000, 0x000001ef11728800, 0x000001ef11e02800,
0x000001ef11762800, 0x000001ef7f41d000, 0x000001ef7f420000, 0x000001ef7f41e800,
0x000001ef7f41a800, 0x000001ef7f41f800, 0x000001ef14546800, 0x000001ef14544000,
0x000001ef14547800, 0x000001ef14543800, 0x000001ef1303e800, 0x000001ef1303c800,
0x000001ef11e9a800, 0x000001ef11ea5800, 0x000001ef11e9c800, 0x000001ef11e9a000,
0x000001ef11e9b800, 0x000001ef11e98800, 0x000001ef11e9e000, 0x000001ef11e9f000,
0x000001ef11e9d000, 0x000001ef11e99000, 0x000001ef11e9f800, 0x000001ef11ea0800,
0x000001ef11ea2000, 0x000001ef11ea3800, 0x000001ef11ea6000, 0x000001ef11ea4800,
0x000001ef11ea7000, 0x000001ef11ea1800, 0x000001ef11ea3000, 0x000001ef13035800,
0x000001ef13036000, 0x000001ef13037000, 0x000001ef13038000, 0x000001ef13032000,
0x000001ef13038800, 0x000001ef13033000, 0x000001ef13039800, 0x000001ef13033800,
0x000001ef13034800, 0x000001ef1303f000, 0x000001ef1303d800, 0x000001ef1303b000,
0x000001ef13040800, 0x000001ef1303c000, 0x000001ef13040000
}

Java Threads: ( => current thread )
  0x000001ef7400c000 JavaThread "main" [_thread_blocked, id=15416, stack(0x0000004bad000000,0x0000004bad100000)]
  0x000001ef7e733000 JavaThread "Reference Handler" daemon [_thread_blocked, id=6204, stack(0x0000004bad800000,0x0000004bad900000)]
  0x000001ef7e734000 JavaThread "Finalizer" daemon [_thread_blocked, id=18288, stack(0x0000004bad900000,0x0000004bada00000)]
  0x000001ef7f103800 JavaThread "Signal Dispatcher" daemon [_thread_blocked, id=13396, stack(0x0000004bada00000,0x0000004badb00000)]
  0x000001ef7e74d000 JavaThread "Attach Listener" daemon [_thread_blocked, id=1132, stack(0x0000004badb00000,0x0000004badc00000)]
  0x000001ef7e74f000 JavaThread "Service Thread" daemon [_thread_blocked, id=13612, stack(0x0000004badc00000,0x0000004badd00000)]
=>0x000001ef7e752000 JavaThread "C2 CompilerThread0" daemon [_thread_in_native, id=14196, stack(0x0000004badd00000,0x0000004bade00000)]
  0x000001ef7f11c800 JavaThread "C1 CompilerThread0" daemon [_thread_blocked, id=13856, stack(0x0000004bade00000,0x0000004badf00000)]
  0x000001ef7f11d800 JavaThread "Sweeper thread" daemon [_thread_blocked, id=2784, stack(0x0000004badf00000,0x0000004bae000000)]
  0x000001ef7f212000 JavaThread "Common-Cleaner" daemon [_thread_blocked, id=15560, stack(0x0000004bae000000,0x0000004bae100000)]
  0x000001ef11728800 JavaThread "Daemon health stats" [_thread_blocked, id=1756, stack(0x0000004bae300000,0x0000004bae400000)]
  0x000001ef11e02800 JavaThread "Incoming local TCP Connector on port 49803" [_thread_in_native, id=11776, stack(0x0000004bae500000,0x0000004bae600000)]
  0x000001ef11762800 JavaThread "Daemon periodic checks" [_thread_blocked, id=16584, stack(0x0000004bae600000,0x0000004bae700000)]
  0x000001ef7f41d000 JavaThread "Cache worker for journal cache (C:\Users\imano\.gradle\caches\journal-1)" [_thread_in_Java, id=13728, stack(0x0000004baee00000,0x0000004baef00000)]
  0x000001ef7f420000 JavaThread "File lock request listener" [_thread_in_native, id=14748, stack(0x0000004baef00000,0x0000004baf000000)]
  0x000001ef7f41e800 JavaThread "Cache worker for file hash cache (C:\Users\imano\.gradle\caches\7.3.3\fileHashes)" [_thread_blocked, id=16620, stack(0x0000004baf000000,0x0000004baf100000)]
  0x000001ef7f41a800 JavaThread "File watcher server" daemon [_thread_in_native, id=11916, stack(0x0000004baf200000,0x0000004baf300000)]
  0x000001ef7f41f800 JavaThread "File watcher consumer" daemon [_thread_blocked, id=10188, stack(0x0000004baf300000,0x0000004baf400000)]
  0x000001ef14546800 JavaThread "Cache worker for execution history cache (C:\Users\imano\.gradle\caches\7.3.3\executionHistory)" [_thread_blocked, id=6088, stack(0x0000004baf700000,0x0000004baf800000)]
  0x000001ef14544000 JavaThread "jar transforms" [_thread_blocked, id=13604, stack(0x0000004baf800000,0x0000004baf900000)]
  0x000001ef14547800 JavaThread "Cache worker for file content cache (C:\Users\imano\.gradle\caches\7.3.3\fileContent)" [_thread_blocked, id=2584, stack(0x0000004baf900000,0x0000004bafa00000)]
  0x000001ef14543800 JavaThread "jar transforms Thread 2" [_thread_blocked, id=9220, stack(0x0000004bafa00000,0x0000004bafb00000)]
  0x000001ef1303e800 JavaThread "Memory manager" [_thread_blocked, id=14232, stack(0x0000004bb1300000,0x0000004bb1400000)]
  0x000001ef1303c800 JavaThread "pool-3-thread-1" [_thread_blocked, id=12812, stack(0x0000004bad100000,0x0000004bad200000)]
  0x000001ef11e9a800 JavaThread "pool-7-thread-1" [_thread_blocked, id=17688, stack(0x0000004bb1100000,0x0000004bb1200000)]
  0x000001ef11ea5800 JavaThread "ForkJoinPool.commonPool-worker-1" daemon [_thread_blocked, id=15572, stack(0x0000004bb1e00000,0x0000004bb1f00000)]
  0x000001ef11e9c800 JavaThread "Daemon Thread 3" [_thread_blocked, id=9156, stack(0x0000004bacf00000,0x0000004bad000000)]
  0x000001ef11e9a000 JavaThread "Handler for socket connection from /127.0.0.1:49803 to /127.0.0.1:50117" [_thread_in_native, id=12936, stack(0x0000004bae700000,0x0000004bae800000)]
  0x000001ef11e9b800 JavaThread "Cancel handler" [_thread_blocked, id=12904, stack(0x0000004bae800000,0x0000004bae900000)]
  0x000001ef11e98800 JavaThread "Daemon worker Thread 3" [_thread_blocked, id=16352, stack(0x0000004bae900000,0x0000004baea00000)]
  0x000001ef11e9e000 JavaThread "Asynchronous log dispatcher for DefaultDaemonConnection: socket connection from /127.0.0.1:49803 to /127.0.0.1:50117" [_thread_blocked, id=18104, stack(0x0000004baea00000,0x0000004baeb00000)]
  0x000001ef11e9f000 JavaThread "Stdin handler" [_thread_blocked, id=8332, stack(0x0000004baeb00000,0x0000004baec00000)]
  0x000001ef11e9d000 JavaThread "Daemon client event forwarder" [_thread_blocked, id=9640, stack(0x0000004baec00000,0x0000004baed00000)]
  0x000001ef11e99000 JavaThread "Cache worker for file hash cache (C:\Users\imano\Desktop\ZZZTemporal\Wilis\App Proyecto\Prueba1\.gradle\7.3.3\fileHashes)" [_thread_blocked, id=16376, stack(0x0000004baed00000,0x0000004baee00000)]
  0x000001ef11e9f800 JavaThread "Cache worker for checksums cache (C:\Users\imano\Desktop\ZZZTemporal\Wilis\App Proyecto\Prueba1\.gradle\7.3.3\checksums)" [_thread_blocked, id=14096, stack(0x0000004baf100000,0x0000004baf200000)]
  0x000001ef11ea0800 JavaThread "Cache worker for cache directory md-supplier (C:\Users\imano\.gradle\caches\7.3.3\md-supplier)" [_thread_blocked, id=16412, stack(0x0000004baf400000,0x0000004baf500000)]
  0x000001ef11ea2000 JavaThread "Cache worker for cache directory md-rule (C:\Users\imano\.gradle\caches\7.3.3\md-rule)" [_thread_blocked, id=17984, stack(0x0000004baf500000,0x0000004baf600000)]
  0x000001ef11ea3800 JavaThread "Cache worker for dependencies-accessors (C:\Users\imano\Desktop\ZZZTemporal\Wilis\App Proyecto\Prueba1\.gradle\7.3.3\dependencies-accessors)" [_thread_blocked, id=9456, stack(0x0000004baf600000,0x0000004baf700000)]
  0x000001ef11ea6000 JavaThread "Cache worker for Build Output Cleanup Cache (C:\Users\imano\Desktop\ZZZTemporal\Wilis\App Proyecto\Prueba1\.gradle\buildOutputCleanup)" [_thread_blocked, id=11596, stack(0x0000004bafb00000,0x0000004bafc00000)]
  0x000001ef11ea4800 JavaThread "Unconstrained build operations" [_thread_new, id=17160, stack(0x0000000000000000,0x0000000000000000)]
  0x000001ef11ea7000 JavaThread "Unconstrained build operations Thread 2" [_thread_new, id=17896, stack(0x0000000000000000,0x0000000000000000)]
  0x000001ef11ea1800 JavaThread "Unconstrained build operations Thread 3" [_thread_new, id=4920, stack(0x0000000000000000,0x0000000000000000)]
  0x000001ef11ea3000 JavaThread "Unconstrained build operations Thread 4" [_thread_new, id=4040, stack(0x0000000000000000,0x0000000000000000)]
  0x000001ef13035800 JavaThread "Unconstrained build operations Thread 5" [_thread_new, id=15848, stack(0x0000000000000000,0x0000000000000000)]
  0x000001ef13036000 JavaThread "Unconstrained build operations Thread 6" [_thread_new, id=5364, stack(0x0000000000000000,0x0000000000000000)]
  0x000001ef13037000 JavaThread "Unconstrained build operations Thread 7" [_thread_new, id=2744, stack(0x0000000000000000,0x0000000000000000)]
  0x000001ef13038000 JavaThread "Unconstrained build operations Thread 8" [_thread_new, id=17264, stack(0x0000000000000000,0x0000000000000000)]
  0x000001ef13032000 JavaThread "Unconstrained build operations Thread 9" [_thread_new, id=10972, stack(0x0000000000000000,0x0000000000000000)]
  0x000001ef13038800 JavaThread "Unconstrained build operations Thread 10" [_thread_new, id=15752, stack(0x0000000000000000,0x0000000000000000)]
  0x000001ef13033000 JavaThread "Unconstrained build operations Thread 11" [_thread_new, id=11992, stack(0x0000000000000000,0x0000000000000000)]
  0x000001ef13039800 JavaThread "Unconstrained build operations Thread 12" [_thread_new, id=11056, stack(0x0000000000000000,0x0000000000000000)]
  0x000001ef13033800 JavaThread "Unconstrained build operations Thread 13" [_thread_new, id=17888, stack(0x0000000000000000,0x0000000000000000)]
  0x000001ef13034800 JavaThread "Unconstrained build operations Thread 14" [_thread_new, id=5192, stack(0x0000000000000000,0x0000000000000000)]
  0x000001ef1303f000 JavaThread "Unconstrained build operations Thread 15" [_thread_new, id=6748, stack(0x0000000000000000,0x0000000000000000)]
  0x000001ef1303d800 JavaThread "Unconstrained build operations Thread 16" [_thread_new, id=14040, stack(0x0000000000000000,0x0000000000000000)]
  0x000001ef1303b000 JavaThread "Unconstrained build operations Thread 17" [_thread_new, id=4908, stack(0x0000000000000000,0x0000000000000000)]
  0x000001ef13040800 JavaThread "Unconstrained build operations Thread 18" [_thread_new, id=13888, stack(0x0000000000000000,0x0000000000000000)]
  0x000001ef1303c000 JavaThread "Unconstrained build operations Thread 19" [_thread_new, id=16924, stack(0x0000000000000000,0x0000000000000000)]
  0x000001ef13040000 JavaThread "Unconstrained build operations Thread 20" [_thread_new, id=7688, stack(0x0000000000000000,0x0000000000000000)]

Other Threads:
  0x000001ef7e72b000 VMThread "VM Thread" [stack: 0x0000004bad700000,0x0000004bad800000] [id=16076]
  0x000001ef7f214000 WatcherThread [stack: 0x0000004bae100000,0x0000004bae200000] [id=11728]
  0x000001ef76035000 GCTaskThread "GC Thread#0" [stack: 0x0000004bad200000,0x0000004bad300000] [id=14544]
  0x000001ef7f438800 GCTaskThread "GC Thread#1" [stack: 0x0000004bae200000,0x0000004bae300000] [id=18000]
  0x000001ef76065800 ConcurrentGCThread "G1 Main Marker" [stack: 0x0000004bad300000,0x0000004bad400000] [id=6460]
  0x000001ef76067000 ConcurrentGCThread "G1 Conc#0" [stack: 0x0000004bad400000,0x0000004bad500000] [id=9152]
  0x000001ef760d9800 ConcurrentGCThread "G1 Refine#0" [stack: 0x0000004bad500000,0x0000004bad600000] [id=12884]
  0x000001ef7fb48800 ConcurrentGCThread "G1 Refine#1" [stack: 0x0000004bae400000,0x0000004bae500000] [id=8812]
  0x000001ef760dc000 ConcurrentGCThread "G1 Young RemSet Sampling" [stack: 0x0000004bad600000,0x0000004bad700000] [id=15156]

Threads with active compile tasks:
C2 CompilerThread01421560 15256       4       org.gradle.internal.component.model.ComponentAttributeMatcher::match (259 bytes)
C1 CompilerThread01421560 15273       3       org.gradle.api.internal.artifacts.ivyservice.ivyresolve.CachingModuleComponentRepository$LocateInCacheRepositoryAccess::resolveArtifactFromCache (295 bytes)

VM state:not at safepoint (normal execution)

VM Mutex/Monitor currently owned by a thread: None

Heap address: 0x0000000080000000, size: 2048 MB, Compressed Oops mode: 32-bit
Narrow klass base: 0x0000000000000000, Narrow klass shift: 3
Compressed class space size: 1073741824 Address: 0x0000000100000000

Heap:
 garbage-first heap   total 147456K, used 103129K [0x0000000080000000, 0x0000000100000000)
  region size 1024K, 8 young (8192K), 1 survivors (1024K)
 Metaspace       used 108910K, capacity 111731K, committed 112076K, reserved 1146880K
  class space    used 13881K, capacity 14947K, committed 15052K, reserved 1048576K
Heap Regions: E=young(eden), S=young(survivor), O=old, HS=humongous(starts), HC=humongous(continues), CS=collection set, F=free, A=archive, TAMS=top-at-mark-start (previous, next)
|   0|0x0000000080000000, 0x0000000080100000, 0x0000000080100000|100%| O|  |TAMS 0x0000000080100000, 0x0000000080000000| Untracked 
|   1|0x0000000080100000, 0x0000000080200000, 0x0000000080200000|100%| O|  |TAMS 0x0000000080200000, 0x0000000080100000| Untracked 
|   2|0x0000000080200000, 0x0000000080300000, 0x0000000080300000|100%| O|  |TAMS 0x0000000080300000, 0x0000000080200000| Untracked 
|   3|0x0000000080300000, 0x0000000080400000, 0x0000000080400000|100%| O|  |TAMS 0x0000000080400000, 0x0000000080300000| Untracked 
|   4|0x0000000080400000, 0x0000000080500000, 0x0000000080500000|100%|HS|  |TAMS 0x0000000080500000, 0x0000000080400000| Complete 
|   5|0x0000000080500000, 0x0000000080600000, 0x0000000080600000|100%|HC|  |TAMS 0x0000000080600000, 0x0000000080500000| Complete 
|   6|0x0000000080600000, 0x0000000080700000, 0x0000000080700000|100%|HC|  |TAMS 0x0000000080700000, 0x0000000080600000| Complete 
|   7|0x0000000080700000, 0x0000000080800000, 0x0000000080800000|100%| O|  |TAMS 0x0000000080800000, 0x0000000080700000| Untracked 
|   8|0x0000000080800000, 0x0000000080900000, 0x0000000080900000|100%| O|  |TAMS 0x0000000080900000, 0x0000000080800000| Untracked 
|   9|0x0000000080900000, 0x0000000080a00000, 0x0000000080a00000|100%| O|  |TAMS 0x0000000080a00000, 0x0000000080900000| Untracked 
|  10|0x0000000080a00000, 0x0000000080b00000, 0x0000000080b00000|100%| O|  |TAMS 0x0000000080b00000, 0x0000000080a00000| Untracked 
|  11|0x0000000080b00000, 0x0000000080c00000, 0x0000000080c00000|100%| O|  |TAMS 0x0000000080c00000, 0x0000000080b00000| Untracked 
|  12|0x0000000080c00000, 0x0000000080c00000, 0x0000000080d00000|  0%| F|  |TAMS 0x0000000080c00000, 0x0000000080c00000| Untracked 
|  13|0x0000000080d00000, 0x0000000080e00000, 0x0000000080e00000|100%| O|  |TAMS 0x0000000080e00000, 0x0000000080d00000| Untracked 
|  14|0x0000000080e00000, 0x0000000080f00000, 0x0000000080f00000|100%| O|  |TAMS 0x0000000080f00000, 0x0000000080e00000| Untracked 
|  15|0x0000000080f00000, 0x0000000081000000, 0x0000000081000000|100%| O|  |TAMS 0x0000000081000000, 0x0000000080f00000| Untracked 
|  16|0x0000000081000000, 0x0000000081100000, 0x0000000081100000|100%|HS|  |TAMS 0x0000000081100000, 0x0000000081000000| Complete 
|  17|0x0000000081100000, 0x0000000081200000, 0x0000000081200000|100%| O|  |TAMS 0x0000000081200000, 0x0000000081100000| Untracked 
|  18|0x0000000081200000, 0x0000000081300000, 0x0000000081300000|100%| O|  |TAMS 0x0000000081300000, 0x0000000081200000| Untracked 
|  19|0x0000000081300000, 0x0000000081400000, 0x0000000081400000|100%| O|  |TAMS 0x0000000081400000, 0x0000000081300000| Untracked 
|  20|0x0000000081400000, 0x0000000081500000, 0x0000000081500000|100%| O|  |TAMS 0x0000000081500000, 0x0000000081400000| Untracked 
|  21|0x0000000081500000, 0x0000000081600000, 0x0000000081600000|100%| O|  |TAMS 0x0000000081600000, 0x0000000081500000| Untracked 
|  22|0x0000000081600000, 0x0000000081700000, 0x0000000081700000|100%| O|  |TAMS 0x0000000081700000, 0x0000000081600000| Untracked 
|  23|0x0000000081700000, 0x0000000081800000, 0x0000000081800000|100%| O|  |TAMS 0x0000000081800000, 0x0000000081700000| Untracked 
|  24|0x0000000081800000, 0x0000000081900000, 0x0000000081900000|100%| O|  |TAMS 0x0000000081900000, 0x0000000081800000| Untracked 
|  25|0x0000000081900000, 0x0000000081a00000, 0x0000000081a00000|100%| O|  |TAMS 0x0000000081a00000, 0x0000000081900000| Untracked 
|  26|0x0000000081a00000, 0x0000000081a00000, 0x0000000081b00000|  0%| F|  |TAMS 0x0000000081a00000, 0x0000000081a00000| Untracked 
|  27|0x0000000081b00000, 0x0000000081c00000, 0x0000000081c00000|100%|HS|  |TAMS 0x0000000081c00000, 0x0000000081b00000| Complete 
|  28|0x0000000081c00000, 0x0000000081d00000, 0x0000000081d00000|100%|HS|  |TAMS 0x0000000081d00000, 0x0000000081c00000| Complete 
|  29|0x0000000081d00000, 0x0000000081e00000, 0x0000000081e00000|100%|HC|  |TAMS 0x0000000081e00000, 0x0000000081d00000| Complete 
|  30|0x0000000081e00000, 0x0000000081f00000, 0x0000000081f00000|100%| O|  |TAMS 0x0000000081f00000, 0x0000000081e00000| Untracked 
|  31|0x0000000081f00000, 0x0000000082000000, 0x0000000082000000|100%| O|  |TAMS 0x0000000082000000, 0x0000000081f00000| Untracked 
|  32|0x0000000082000000, 0x0000000082100000, 0x0000000082100000|100%| O|  |TAMS 0x0000000082100000, 0x0000000082000000| Untracked 
|  33|0x0000000082100000, 0x0000000082200000, 0x0000000082200000|100%| O|  |TAMS 0x0000000082200000, 0x0000000082100000| Untracked 
|  34|0x0000000082200000, 0x0000000082300000, 0x0000000082300000|100%| O|  |TAMS 0x0000000082300000, 0x0000000082200000| Untracked 
|  35|0x0000000082300000, 0x0000000082400000, 0x0000000082400000|100%| O|  |TAMS 0x0000000082400000, 0x0000000082300000| Untracked 
|  36|0x0000000082400000, 0x0000000082500000, 0x0000000082500000|100%| O|  |TAMS 0x0000000082500000, 0x0000000082400000| Untracked 
|  37|0x0000000082500000, 0x0000000082600000, 0x0000000082600000|100%| O|  |TAMS 0x0000000082600000, 0x0000000082500000| Untracked 
|  38|0x0000000082600000, 0x0000000082700000, 0x0000000082700000|100%| O|  |TAMS 0x0000000082700000, 0x0000000082600000| Untracked 
|  39|0x0000000082700000, 0x0000000082800000, 0x0000000082800000|100%| O|  |TAMS 0x0000000082800000, 0x0000000082700000| Untracked 
|  40|0x0000000082800000, 0x0000000082900000, 0x0000000082900000|100%| O|  |TAMS 0x0000000082900000, 0x0000000082800000| Untracked 
|  41|0x0000000082900000, 0x0000000082a00000, 0x0000000082a00000|100%| O|  |TAMS 0x0000000082a00000, 0x0000000082900000| Untracked 
|  42|0x0000000082a00000, 0x0000000082b00000, 0x0000000082b00000|100%| O|  |TAMS 0x0000000082b00000, 0x0000000082a00000| Untracked 
|  43|0x0000000082b00000, 0x0000000082c00000, 0x0000000082c00000|100%| O|  |TAMS 0x0000000082c00000, 0x0000000082b00000| Untracked 
|  44|0x0000000082c00000, 0x0000000082d00000, 0x0000000082d00000|100%| O|  |TAMS 0x0000000082d00000, 0x0000000082c00000| Untracked 
|  45|0x0000000082d00000, 0x0000000082e00000, 0x0000000082e00000|100%| O|  |TAMS 0x0000000082e00000, 0x0000000082d00000| Untracked 
|  46|0x0000000082e00000, 0x0000000082f00000, 0x0000000082f00000|100%| O|  |TAMS 0x0000000082f00000, 0x0000000082e00000| Untracked 
|  47|0x0000000082f00000, 0x0000000083000000, 0x0000000083000000|100%| O|  |TAMS 0x0000000083000000, 0x0000000082f00000| Untracked 
|  48|0x0000000083000000, 0x0000000083100000, 0x0000000083100000|100%| O|  |TAMS 0x0000000083100000, 0x0000000083000000| Untracked 
|  49|0x0000000083100000, 0x0000000083200000, 0x0000000083200000|100%| O|  |TAMS 0x0000000083200000, 0x0000000083100000| Untracked 
|  50|0x0000000083200000, 0x0000000083300000, 0x0000000083300000|100%| O|  |TAMS 0x0000000083300000, 0x0000000083200000| Untracked 
|  51|0x0000000083300000, 0x0000000083400000, 0x0000000083400000|100%| O|  |TAMS 0x0000000083400000, 0x0000000083300000| Untracked 
|  52|0x0000000083400000, 0x0000000083500000, 0x0000000083500000|100%| O|  |TAMS 0x0000000083500000, 0x0000000083400000| Untracked 
|  53|0x0000000083500000, 0x0000000083600000, 0x0000000083600000|100%| O|  |TAMS 0x0000000083600000, 0x0000000083500000| Untracked 
|  54|0x0000000083600000, 0x0000000083700000, 0x0000000083700000|100%| O|  |TAMS 0x0000000083700000, 0x0000000083600000| Untracked 
|  55|0x0000000083700000, 0x0000000083800000, 0x0000000083800000|100%| O|  |TAMS 0x0000000083800000, 0x0000000083700000| Untracked 
|  56|0x0000000083800000, 0x0000000083900000, 0x0000000083900000|100%| O|  |TAMS 0x0000000083900000, 0x0000000083800000| Untracked 
|  57|0x0000000083900000, 0x0000000083a00000, 0x0000000083a00000|100%| O|  |TAMS 0x0000000083a00000, 0x0000000083900000| Untracked 
|  58|0x0000000083a00000, 0x0000000083b00000, 0x0000000083b00000|100%| O|  |TAMS 0x0000000083b00000, 0x0000000083a00000| Untracked 
|  59|0x0000000083b00000, 0x0000000083c00000, 0x0000000083c00000|100%| O|  |TAMS 0x0000000083c00000, 0x0000000083b00000| Untracked 
|  60|0x0000000083c00000, 0x0000000083d00000, 0x0000000083d00000|100%| O|  |TAMS 0x0000000083c00000, 0x0000000083c00000| Untracked 
|  61|0x0000000083d00000, 0x0000000083e00000, 0x0000000083e00000|100%| O|  |TAMS 0x0000000083e00000, 0x0000000083d00000| Untracked 
|  62|0x0000000083e00000, 0x0000000083f00000, 0x0000000083f00000|100%| O|  |TAMS 0x0000000083f00000, 0x0000000083e00000| Untracked 
|  63|0x0000000083f00000, 0x0000000084000000, 0x0000000084000000|100%| O|  |TAMS 0x0000000084000000, 0x0000000083f00000| Untracked 
|  64|0x0000000084000000, 0x0000000084100000, 0x0000000084100000|100%| O|  |TAMS 0x0000000084100000, 0x0000000084000000| Untracked 
|  65|0x0000000084100000, 0x0000000084200000, 0x0000000084200000|100%| O|  |TAMS 0x0000000084200000, 0x0000000084100000| Untracked 
|  66|0x0000000084200000, 0x0000000084300000, 0x0000000084300000|100%| O|  |TAMS 0x0000000084300000, 0x0000000084200000| Untracked 
|  67|0x0000000084300000, 0x0000000084300000, 0x0000000084400000|  0%| F|  |TAMS 0x0000000084300000, 0x0000000084300000| Untracked 
|  68|0x0000000084400000, 0x0000000084500000, 0x0000000084500000|100%| O|  |TAMS 0x0000000084400000, 0x0000000084400000| Untracked 
|  69|0x0000000084500000, 0x0000000084600000, 0x0000000084600000|100%| O|  |TAMS 0x0000000084600000, 0x0000000084500000| Untracked 
|  70|0x0000000084600000, 0x0000000084700000, 0x0000000084700000|100%| O|  |TAMS 0x0000000084700000, 0x0000000084600000| Untracked 
|  71|0x0000000084700000, 0x0000000084800000, 0x0000000084800000|100%| O|  |TAMS 0x0000000084800000, 0x0000000084700000| Untracked 
|  72|0x0000000084800000, 0x0000000084900000, 0x0000000084900000|100%| O|  |TAMS 0x0000000084900000, 0x0000000084800000| Untracked 
|  73|0x0000000084900000, 0x0000000084a00000, 0x0000000084a00000|100%| O|  |TAMS 0x0000000084a00000, 0x0000000084900000| Untracked 
|  74|0x0000000084a00000, 0x0000000084a00000, 0x0000000084b00000|  0%| F|  |TAMS 0x0000000084a00000, 0x0000000084a00000| Untracked 
|  75|0x0000000084b00000, 0x0000000084c00000, 0x0000000084c00000|100%| O|  |TAMS 0x0000000084c00000, 0x0000000084b00000| Untracked 
|  76|0x0000000084c00000, 0x0000000084d00000, 0x0000000084d00000|100%| O|  |TAMS 0x0000000084d00000, 0x0000000084c00000| Untracked 
|  77|0x0000000084d00000, 0x0000000084d00000, 0x0000000084e00000|  0%| F|  |TAMS 0x0000000084d00000, 0x0000000084d00000| Untracked 
|  78|0x0000000084e00000, 0x0000000084f00000, 0x0000000084f00000|100%| O|  |TAMS 0x0000000084ee3e00, 0x0000000084e00000| Untracked 
|  79|0x0000000084f00000, 0x0000000084f00000, 0x0000000085000000|  0%| F|  |TAMS 0x0000000084f00000, 0x0000000084f00000| Untracked 
|  80|0x0000000085000000, 0x0000000085100000, 0x0000000085100000|100%| O|  |TAMS 0x0000000085100000, 0x0000000085000000| Untracked 
|  81|0x0000000085100000, 0x0000000085200000, 0x0000000085200000|100%| O|  |TAMS 0x0000000085200000, 0x0000000085100000| Untracked 
|  82|0x0000000085200000, 0x0000000085300000, 0x0000000085300000|100%| O|  |TAMS 0x0000000085300000, 0x0000000085200000| Untracked 
|  83|0x0000000085300000, 0x0000000085400000, 0x0000000085400000|100%| O|  |TAMS 0x0000000085400000, 0x0000000085300000| Untracked 
|  84|0x0000000085400000, 0x0000000085500000, 0x0000000085500000|100%| O|  |TAMS 0x0000000085500000, 0x0000000085400000| Untracked 
|  85|0x0000000085500000, 0x0000000085600000, 0x0000000085600000|100%| O|  |TAMS 0x0000000085600000, 0x0000000085500000| Untracked 
|  86|0x0000000085600000, 0x0000000085600000, 0x0000000085700000|  0%| F|  |TAMS 0x0000000085600000, 0x0000000085600000| Untracked 
|  87|0x0000000085700000, 0x0000000085800000, 0x0000000085800000|100%| O|  |TAMS 0x0000000085800000, 0x0000000085700000| Untracked 
|  88|0x0000000085800000, 0x0000000085900000, 0x0000000085900000|100%| O|  |TAMS 0x0000000085900000, 0x0000000085800000| Untracked 
|  89|0x0000000085900000, 0x0000000085a00000, 0x0000000085a00000|100%| O|  |TAMS 0x0000000085a00000, 0x0000000085900000| Untracked 
|  90|0x0000000085a00000, 0x0000000085b00000, 0x0000000085b00000|100%| O|  |TAMS 0x0000000085b00000, 0x0000000085a00000| Untracked 
|  91|0x0000000085b00000, 0x0000000085c00000, 0x0000000085c00000|100%| O|  |TAMS 0x0000000085c00000, 0x0000000085b00000| Untracked 
|  92|0x0000000085c00000, 0x0000000085c00000, 0x0000000085d00000|  0%| F|  |TAMS 0x0000000085c00000, 0x0000000085c00000| Untracked 
|  93|0x0000000085d00000, 0x0000000085d00000, 0x0000000085e00000|  0%| F|  |TAMS 0x0000000085d00000, 0x0000000085d00000| Untracked 
|  94|0x0000000085e00000, 0x0000000085e00000, 0x0000000085f00000|  0%| F|  |TAMS 0x0000000085e00000, 0x0000000085e00000| Untracked 
|  95|0x0000000085f00000, 0x0000000086000000, 0x0000000086000000|100%| O|  |TAMS 0x0000000085f00000, 0x0000000085f00000| Untracked 
|  96|0x0000000086000000, 0x0000000086100000, 0x0000000086100000|100%| O|  |TAMS 0x0000000086100000, 0x0000000086000000| Untracked 
|  97|0x0000000086100000, 0x0000000086100000, 0x0000000086200000|  0%| F|  |TAMS 0x0000000086100000, 0x0000000086100000| Untracked 
|  98|0x0000000086200000, 0x0000000086300000, 0x0000000086300000|100%| O|  |TAMS 0x0000000086300000, 0x0000000086200000| Untracked 
|  99|0x0000000086300000, 0x0000000086400000, 0x0000000086400000|100%| O|  |TAMS 0x0000000086400000, 0x0000000086300000| Untracked 
| 100|0x0000000086400000, 0x0000000086500000, 0x0000000086500000|100%| O|  |TAMS 0x0000000086500000, 0x0000000086400000| Untracked 
| 101|0x0000000086500000, 0x0000000086600000, 0x0000000086600000|100%| O|  |TAMS 0x0000000086600000, 0x0000000086500000| Untracked 
| 102|0x0000000086600000, 0x0000000086700000, 0x0000000086700000|100%| O|  |TAMS 0x0000000086600000, 0x0000000086600000| Untracked 
| 103|0x0000000086700000, 0x00000000867b6600, 0x0000000086800000| 71%| O|  |TAMS 0x0000000086700000, 0x0000000086700000| Untracked 
| 104|0x0000000086800000, 0x0000000086900000, 0x0000000086900000|100%| O|  |TAMS 0x0000000086900000, 0x0000000086800000| Untracked 
| 105|0x0000000086900000, 0x0000000086900000, 0x0000000086a00000|  0%| F|  |TAMS 0x0000000086900000, 0x0000000086900000| Untracked 
| 106|0x0000000086a00000, 0x0000000086a00000, 0x0000000086b00000|  0%| F|  |TAMS 0x0000000086a00000, 0x0000000086a00000| Untracked 
| 107|0x0000000086b00000, 0x0000000086b00000, 0x0000000086c00000|  0%| F|  |TAMS 0x0000000086b00000, 0x0000000086b00000| Untracked 
| 108|0x0000000086c00000, 0x0000000086c00000, 0x0000000086d00000|  0%| F|  |TAMS 0x0000000086c00000, 0x0000000086c00000| Untracked 
| 109|0x0000000086d00000, 0x0000000086d00000, 0x0000000086e00000|  0%| F|  |TAMS 0x0000000086d00000, 0x0000000086d00000| Untracked 
| 110|0x0000000086e00000, 0x0000000086e00000, 0x0000000086f00000|  0%| F|  |TAMS 0x0000000086e00000, 0x0000000086e00000| Untracked 
| 111|0x0000000086f00000, 0x0000000086f00000, 0x0000000087000000|  0%| F|  |TAMS 0x0000000086f00000, 0x0000000086f00000| Untracked 
| 112|0x0000000087000000, 0x0000000087000000, 0x0000000087100000|  0%| F|  |TAMS 0x0000000087000000, 0x0000000087000000| Untracked 
| 113|0x0000000087100000, 0x0000000087100000, 0x0000000087200000|  0%| F|  |TAMS 0x0000000087100000, 0x0000000087100000| Untracked 
| 114|0x0000000087200000, 0x0000000087200000, 0x0000000087300000|  0%| F|  |TAMS 0x0000000087200000, 0x0000000087200000| Untracked 
| 115|0x0000000087300000, 0x0000000087300000, 0x0000000087400000|  0%| F|  |TAMS 0x0000000087300000, 0x0000000087300000| Untracked 
| 116|0x0000000087400000, 0x0000000087400000, 0x0000000087500000|  0%| F|  |TAMS 0x0000000087400000, 0x0000000087400000| Untracked 
| 117|0x0000000087500000, 0x0000000087500000, 0x0000000087600000|  0%| F|  |TAMS 0x0000000087500000, 0x0000000087500000| Untracked 
| 118|0x0000000087600000, 0x0000000087600000, 0x0000000087700000|  0%| F|  |TAMS 0x0000000087600000, 0x0000000087600000| Untracked 
| 119|0x0000000087700000, 0x0000000087700000, 0x0000000087800000|  0%| F|  |TAMS 0x0000000087700000, 0x0000000087700000| Untracked 
| 120|0x0000000087800000, 0x0000000087800000, 0x0000000087900000|  0%| F|  |TAMS 0x0000000087800000, 0x0000000087800000| Untracked 
| 121|0x0000000087900000, 0x0000000087900000, 0x0000000087a00000|  0%| F|  |TAMS 0x0000000087900000, 0x0000000087900000| Untracked 
| 122|0x0000000087a00000, 0x0000000087a00000, 0x0000000087b00000|  0%| F|  |TAMS 0x0000000087a00000, 0x0000000087a00000| Untracked 
| 123|0x0000000087b00000, 0x0000000087b00000, 0x0000000087c00000|  0%| F|  |TAMS 0x0000000087b00000, 0x0000000087b00000| Untracked 
| 124|0x0000000087c00000, 0x0000000087c00000, 0x0000000087d00000|  0%| F|  |TAMS 0x0000000087c00000, 0x0000000087c00000| Untracked 
| 125|0x0000000087d00000, 0x0000000087d00000, 0x0000000087e00000|  0%| F|  |TAMS 0x0000000087d00000, 0x0000000087d00000| Untracked 
| 126|0x0000000087e00000, 0x0000000087e00000, 0x0000000087f00000|  0%| F|  |TAMS 0x0000000087e00000, 0x0000000087e00000| Untracked 
| 127|0x0000000087f00000, 0x0000000087f00000, 0x0000000088000000|  0%| F|  |TAMS 0x0000000087f00000, 0x0000000087f00000| Untracked 
| 128|0x0000000088000000, 0x0000000088000000, 0x0000000088100000|  0%| F|  |TAMS 0x0000000088000000, 0x0000000088000000| Untracked 
| 129|0x0000000088100000, 0x0000000088100000, 0x0000000088200000|  0%| F|  |TAMS 0x0000000088100000, 0x0000000088100000| Untracked 
| 130|0x0000000088200000, 0x0000000088200000, 0x0000000088300000|  0%| F|  |TAMS 0x0000000088200000, 0x0000000088200000| Untracked 
| 131|0x0000000088300000, 0x0000000088300000, 0x0000000088400000|  0%| F|  |TAMS 0x0000000088300000, 0x0000000088300000| Untracked 
| 132|0x0000000088400000, 0x0000000088400000, 0x0000000088500000|  0%| F|  |TAMS 0x0000000088400000, 0x0000000088400000| Untracked 
| 133|0x0000000088500000, 0x0000000088500000, 0x0000000088600000|  0%| F|  |TAMS 0x0000000088500000, 0x0000000088500000| Untracked 
| 134|0x0000000088600000, 0x0000000088600000, 0x0000000088700000|  0%| F|  |TAMS 0x0000000088600000, 0x0000000088600000| Untracked 
| 135|0x0000000088700000, 0x0000000088700000, 0x0000000088800000|  0%| F|  |TAMS 0x0000000088700000, 0x0000000088700000| Untracked 
| 136|0x0000000088800000, 0x00000000888232a0, 0x0000000088900000| 13%| E|  |TAMS 0x0000000088800000, 0x0000000088800000| Complete 
| 137|0x0000000088900000, 0x0000000088a00000, 0x0000000088a00000|100%| S|CS|TAMS 0x0000000088900000, 0x0000000088900000| Complete 
| 138|0x0000000088a00000, 0x0000000088b00000, 0x0000000088b00000|100%| E|CS|TAMS 0x0000000088a00000, 0x0000000088a00000| Complete 
| 139|0x0000000088b00000, 0x0000000088c00000, 0x0000000088c00000|100%| E|CS|TAMS 0x0000000088b00000, 0x0000000088b00000| Complete 
| 140|0x0000000088c00000, 0x0000000088d00000, 0x0000000088d00000|100%| E|CS|TAMS 0x0000000088c00000, 0x0000000088c00000| Complete 
| 141|0x0000000088d00000, 0x0000000088e00000, 0x0000000088e00000|100%| E|CS|TAMS 0x0000000088d00000, 0x0000000088d00000| Complete 
| 142|0x0000000088e00000, 0x0000000088f00000, 0x0000000088f00000|100%| E|CS|TAMS 0x0000000088e00000, 0x0000000088e00000| Complete 
| 143|0x0000000088f00000, 0x0000000089000000, 0x0000000089000000|100%| E|CS|TAMS 0x0000000088f00000, 0x0000000088f00000| Complete 

Card table byte_map: [0x000001ef79b30000,0x000001ef79f30000] _byte_map_base: 0x000001ef79730000

Marking Bits (Prev, Next): (CMBitMap*) 0x000001ef7605c990, (CMBitMap*) 0x000001ef7605c958
 Prev Bits: [0x000001ef7c330000, 0x000001ef7e330000)
 Next Bits: [0x000001ef7a330000, 0x000001ef7c330000)

Polling page: 0x000001ef73eb0000

Metaspace:

Usage:
  Non-class:     94.52 MB capacity,    92.80 MB ( 98%) used,     1.37 MB (  1%) free+waste,   350.69 KB ( <1%) overhead. 
      Class:     14.60 MB capacity,    13.56 MB ( 93%) used,   911.48 KB (  6%) free+waste,   154.44 KB (  1%) overhead. 
       Both:    109.11 MB capacity,   106.36 MB ( 97%) used,     2.26 MB (  2%) free+waste,   505.13 KB ( <1%) overhead. 

Virtual space:
  Non-class space:       96.00 MB reserved,      94.75 MB ( 99%) committed 
      Class space:        1.00 GB reserved,      14.70 MB (  1%) committed 
             Both:        1.09 GB reserved,     109.45 MB ( 10%) committed 

Chunk freelists:
   Non-Class:  48.00 KB
       Class:  0 bytes
        Both:  48.00 KB

MaxMetaspaceSize: 17179869184.00 GB
CompressedClassSpaceSize: 1.00 GB
Initial GC threshold: 20.80 MB
Current GC threshold: 182.00 MB
CDS: off

CodeHeap 'non-profiled nmethods': size=120064Kb used=10130Kb max_used=10130Kb free=109933Kb
 bounds [0x000001ef07ac0000, 0x000001ef084b0000, 0x000001ef0f000000]
CodeHeap 'profiled nmethods': size=120000Kb used=33885Kb max_used=33885Kb free=86114Kb
 bounds [0x000001ef00590000, 0x000001ef026b0000, 0x000001ef07ac0000]
CodeHeap 'non-nmethods': size=5696Kb used=2421Kb max_used=2461Kb free=3274Kb
 bounds [0x000001ef00000000, 0x000001ef00280000, 0x000001ef00590000]
 total_blobs=16090 nmethods=15145 adapters=858
 compilation: enabled
              stopped_count=0, restarted_count=0
 full_count=0

Compilation events (20 events):
Event: 1420.872 Thread 0x000001ef7e752000 15251       4       org.gradle.api.internal.artifacts.dependencies.AbstractVersionConstraint::hashCode (36 bytes)
Event: 1420.887 Thread 0x000001ef7e752000 nmethod 15251 0x000001ef084a1b10 code [0x000001ef084a1cc0, 0x000001ef084a2138]
Event: 1420.922 Thread 0x000001ef7e752000 15252       4       org.gradle.api.internal.artifacts.dependencies.DefaultImmutableVersionConstraint::<init> (152 bytes)
Event: 1420.934 Thread 0x000001ef7f11c800 15253       1       org.gradle.internal.component.external.model.AbstractVariantBackedConfigurationMetadata::isTransitive (2 bytes)
Event: 1420.934 Thread 0x000001ef7f11c800 nmethod 15253 0x000001ef084a2290 code [0x000001ef084a2440, 0x000001ef084a24f8]
Event: 1420.935 Thread 0x000001ef7f11c800 15254   !   3       org.gradle.api.internal.artifacts.ivyservice.ivyresolve.ErrorHandlingModuleComponentRepository$ErrorHandlingModuleComponentRepositoryAccess::tryResolveAndMaybeBlacklist (221 bytes)
Event: 1420.939 Thread 0x000001ef7f11c800 nmethod 15254 0x000001ef02691490 code [0x000001ef026918c0, 0x000001ef02693c88]
Event: 1420.961 Thread 0x000001ef7e752000 nmethod 15252 0x000001ef084a2590 code [0x000001ef084a27a0, 0x000001ef084a3458]
Event: 1420.982 Thread 0x000001ef7f11c800 15255       3       org.gradle.internal.component.model.MultipleCandidateMatcher::setRequestedValue (8 bytes)
Event: 1420.983 Thread 0x000001ef7f11c800 nmethod 15255 0x000001ef02694990 code [0x000001ef02694b60, 0x000001ef02694df8]
Event: 1420.996 Thread 0x000001ef7e752000 15256       4       org.gradle.internal.component.model.ComponentAttributeMatcher::match (259 bytes)
Event: 1421.058 Thread 0x000001ef7f11c800 15257       1       org.gradle.internal.component.external.model.AbstractVariantBackedConfigurationMetadata::getVariant (5 bytes)
Event: 1421.058 Thread 0x000001ef7f11c800 nmethod 15257 0x000001ef084a3b90 code [0x000001ef084a3d40, 0x000001ef084a3df8]
Event: 1421.058 Thread 0x000001ef7f11c800 15258       1       org.gradle.internal.component.external.model.AbstractVariantBackedConfigurationMetadata::getDependencies (5 bytes)
Event: 1421.058 Thread 0x000001ef7f11c800 nmethod 15258 0x000001ef084a3e90 code [0x000001ef084a4040, 0x000001ef084a40f8]
Event: 1421.239 Thread 0x000001ef7f11c800 15260       3       org.gradle.api.internal.artifacts.ivyservice.resolveengine.graph.builder.NodeState::visitOutgoingDependencies (159 bytes)
Event: 1421.242 Thread 0x000001ef7f11c800 nmethod 15260 0x000001ef02694f10 code [0x000001ef026952c0, 0x000001ef02696bc8]
Event: 1421.348 Thread 0x000001ef7f11c800 15261       3       org.gradle.internal.component.model.MultipleCandidateMatcher::matchCandidate (78 bytes)
Event: 1421.348 Thread 0x000001ef7f11c800 nmethod 15261 0x000001ef02697390 code [0x000001ef02697580, 0x000001ef026979a8]
Event: 1421.372 Thread 0x000001ef7f11c800 15264       3       org.gradle.api.internal.artifacts.ivyservice.resolveengine.graph.builder.DependencyGraphBuilder::maybeDownloadMetadataInParallel (183 bytes)

GC Heap History (20 events):
Event: 610.095 GC heap before
{Heap before GC invocations=39 (full 0):
 garbage-first heap   total 147456K, used 105934K [0x0000000080000000, 0x0000000100000000)
  region size 1024K, 7 young (7168K), 3 survivors (3072K)
 Metaspace       used 97265K, capacity 99496K, committed 99660K, reserved 1136640K
  class space    used 12206K, capacity 13073K, committed 13132K, reserved 1048576K
}
Event: 610.128 GC heap after
{Heap after GC invocations=40 (full 0):
 garbage-first heap   total 147456K, used 99992K [0x0000000080000000, 0x0000000100000000)
  region size 1024K, 1 young (1024K), 1 survivors (1024K)
 Metaspace       used 97265K, capacity 99496K, committed 99660K, reserved 1136640K
  class space    used 12206K, capacity 13073K, committed 13132K, reserved 1048576K
}
Event: 612.406 GC heap before
{Heap before GC invocations=40 (full 0):
 garbage-first heap   total 147456K, used 120472K [0x0000000080000000, 0x0000000100000000)
  region size 1024K, 22 young (22528K), 1 survivors (1024K)
 Metaspace       used 97688K, capacity 100029K, committed 100172K, reserved 1136640K
  class space    used 12257K, capacity 13119K, committed 13132K, reserved 1048576K
}
Event: 612.420 GC heap after
{Heap after GC invocations=41 (full 0):
 garbage-first heap   total 147456K, used 100616K [0x0000000080000000, 0x0000000100000000)
  region size 1024K, 2 young (2048K), 2 survivors (2048K)
 Metaspace       used 97688K, capacity 100029K, committed 100172K, reserved 1136640K
  class space    used 12257K, capacity 13119K, committed 13132K, reserved 1048576K
}
Event: 616.066 GC heap before
{Heap before GC invocations=42 (full 0):
 garbage-first heap   total 147456K, used 123144K [0x0000000080000000, 0x0000000100000000)
  region size 1024K, 24 young (24576K), 2 survivors (2048K)
 Metaspace       used 101270K, capacity 103649K, committed 103884K, reserved 1138688K
  class space    used 12777K, capacity 13647K, committed 13772K, reserved 1048576K
}
Event: 616.094 GC heap after
{Heap after GC invocations=43 (full 0):
 garbage-first heap   total 147456K, used 105143K [0x0000000080000000, 0x0000000100000000)
  region size 1024K, 3 young (3072K), 3 survivors (3072K)
 Metaspace       used 101270K, capacity 103649K, committed 103884K, reserved 1138688K
  class space    used 12777K, capacity 13647K, committed 13772K, reserved 1048576K
}
Event: 616.538 GC heap before
{Heap before GC invocations=43 (full 0):
 garbage-first heap   total 147456K, used 109239K [0x0000000080000000, 0x0000000100000000)
  region size 1024K, 7 young (7168K), 3 survivors (3072K)
 Metaspace       used 102339K, capacity 104729K, committed 104908K, reserved 1140736K
  class space    used 13048K, capacity 13942K, committed 14028K, reserved 1048576K
}
Event: 616.593 GC heap after
{Heap after GC invocations=44 (full 0):
 garbage-first heap   total 147456K, used 101699K [0x0000000080000000, 0x0000000100000000)
  region size 1024K, 1 young (1024K), 1 survivors (1024K)
 Metaspace       used 102339K, capacity 104729K, committed 104908K, reserved 1140736K
  class space    used 13048K, capacity 13942K, committed 14028K, reserved 1048576K
}
Event: 619.600 GC heap before
{Heap before GC invocations=44 (full 0):
 garbage-first heap   total 147456K, used 122179K [0x0000000080000000, 0x0000000100000000)
  region size 1024K, 21 young (21504K), 1 survivors (1024K)
 Metaspace       used 105920K, capacity 108535K, committed 108748K, reserved 1142784K
  class space    used 13522K, capacity 14495K, committed 14540K, reserved 1048576K
}
Event: 619.629 GC heap after
{Heap after GC invocations=45 (full 0):
 garbage-first heap   total 147456K, used 105004K [0x0000000080000000, 0x0000000100000000)
  region size 1024K, 3 young (3072K), 3 survivors (3072K)
 Metaspace       used 105920K, capacity 108535K, committed 108748K, reserved 1142784K
  class space    used 13522K, capacity 14495K, committed 14540K, reserved 1048576K
}
Event: 622.668 GC heap before
{Heap before GC invocations=46 (full 0):
 garbage-first heap   total 147456K, used 123436K [0x0000000080000000, 0x0000000100000000)
  region size 1024K, 21 young (21504K), 3 survivors (3072K)
 Metaspace       used 107544K, capacity 110310K, committed 110540K, reserved 1144832K
  class space    used 13712K, capacity 14758K, committed 14796K, reserved 1048576K
}
Event: 622.682 GC heap after
{Heap after GC invocations=47 (full 0):
 garbage-first heap   total 147456K, used 105766K [0x0000000080000000, 0x0000000100000000)
  region size 1024K, 1 young (1024K), 1 survivors (1024K)
 Metaspace       used 107544K, capacity 110310K, committed 110540K, reserved 1144832K
  class space    used 13712K, capacity 14758K, committed 14796K, reserved 1048576K
}
Event: 622.831 GC heap before
{Heap before GC invocations=47 (full 0):
 garbage-first heap   total 147456K, used 111910K [0x0000000080000000, 0x0000000100000000)
  region size 1024K, 7 young (7168K), 1 survivors (1024K)
 Metaspace       used 107604K, capacity 110386K, committed 110540K, reserved 1144832K
  class space    used 13720K, capacity 14763K, committed 14796K, reserved 1048576K
}
Event: 622.845 GC heap after
{Heap after GC invocations=48 (full 0):
 garbage-first heap   total 147456K, used 104574K [0x0000000080000000, 0x0000000100000000)
  region size 1024K, 1 young (1024K), 1 survivors (1024K)
 Metaspace       used 107604K, capacity 110386K, committed 110540K, reserved 1144832K
  class space    used 13720K, capacity 14763K, committed 14796K, reserved 1048576K
}
Event: 637.194 GC heap before
{Heap before GC invocations=48 (full 0):
 garbage-first heap   total 147456K, used 135294K [0x0000000080000000, 0x0000000100000000)
  region size 1024K, 19 young (19456K), 1 survivors (1024K)
 Metaspace       used 108648K, capacity 111529K, committed 111820K, reserved 1146880K
  class space    used 13872K, capacity 14931K, committed 15052K, reserved 1048576K
}
Event: 637.202 GC heap after
{Heap after GC invocations=49 (full 0):
 garbage-first heap   total 147456K, used 104713K [0x0000000080000000, 0x0000000100000000)
  region size 1024K, 1 young (1024K), 1 survivors (1024K)
 Metaspace       used 108648K, capacity 111529K, committed 111820K, reserved 1146880K
  class space    used 13872K, capacity 14931K, committed 15052K, reserved 1048576K
}
Event: 1412.403 GC heap before
{Heap before GC invocations=50 (full 0):
 garbage-first heap   total 147456K, used 122121K [0x0000000080000000, 0x0000000100000000)
  region size 1024K, 20 young (20480K), 1 survivors (1024K)
 Metaspace       used 108779K, capacity 111574K, committed 111820K, reserved 1146880K
  class space    used 13868K, capacity 14924K, committed 15052K, reserved 1048576K
}
Event: 1412.409 GC heap after
{Heap after GC invocations=51 (full 0):
 garbage-first heap   total 147456K, used 103657K [0x0000000080000000, 0x0000000100000000)
  region size 1024K, 1 young (1024K), 1 survivors (1024K)
 Metaspace       used 108779K, capacity 111574K, committed 111820K, reserved 1146880K
  class space    used 13868K, capacity 14924K, committed 15052K, reserved 1048576K
}
Event: 1420.890 GC heap before
{Heap before GC invocations=51 (full 0):
 garbage-first heap   total 147456K, used 109801K [0x0000000080000000, 0x0000000100000000)
  region size 1024K, 7 young (7168K), 1 survivors (1024K)
 Metaspace       used 108908K, capacity 111731K, committed 112076K, reserved 1146880K
  class space    used 13881K, capacity 14947K, committed 15052K, reserved 1048576K
}
Event: 1420.920 GC heap after
{Heap after GC invocations=52 (full 0):
 garbage-first heap   total 147456K, used 96985K [0x0000000080000000, 0x0000000100000000)
  region size 1024K, 1 young (1024K), 1 survivors (1024K)
 Metaspace       used 108908K, capacity 111731K, committed 112076K, reserved 1146880K
  class space    used 13881K, capacity 14947K, committed 15052K, reserved 1048576K
}

Deoptimization events (20 events):
Event: 626.734 Thread 0x000001ef13036000 DEOPT PACKING pc=0x000001ef00fd82dc sp=0x0000004bacffeee0
Event: 626.734 Thread 0x000001ef13036000 DEOPT UNPACKING pc=0x000001ef0004a95e sp=0x0000004bacffe4b0 mode 0
Event: 637.831 Thread 0x000001ef7f212000 Uncommon trap: trap_request=0xffffffde fr.pc=0x000001ef07bf63ec relative=0x000000000000052c
Event: 637.831 Thread 0x000001ef7f212000 Uncommon trap: reason=class_check action=maybe_recompile pc=0x000001ef07bf63ec method=jdk.internal.ref.PhantomCleanable.clean()V @ 12 c2
Event: 637.831 Thread 0x000001ef7f212000 DEOPT PACKING pc=0x000001ef07bf63ec sp=0x0000004bae0ff460
Event: 637.831 Thread 0x000001ef7f212000 DEOPT UNPACKING pc=0x000001ef0004a1af sp=0x0000004bae0ff440 mode 2
Event: 1419.664 Thread 0x000001ef11e98800 Uncommon trap: trap_request=0xffffff4d fr.pc=0x000001ef081015e8 relative=0x00000000000003e8
Event: 1419.664 Thread 0x000001ef11e98800 Uncommon trap: reason=unstable_if action=reinterpret pc=0x000001ef081015e8 method=org.gradle.api.internal.tasks.compile.tooling.JavaCompileTaskSuccessResultPostProcessor.started(Lorg/gradle/internal/operations/BuildOperationDescriptor;Lorg/gradle/internal
Event: 1419.664 Thread 0x000001ef11e98800 DEOPT PACKING pc=0x000001ef081015e8 sp=0x0000004bae9fd8a0
Event: 1419.664 Thread 0x000001ef11e98800 DEOPT UNPACKING pc=0x000001ef0004a1af sp=0x0000004bae9fd848 mode 2
Event: 1419.980 Thread 0x000001ef11e98800 Uncommon trap: trap_request=0xffffffc6 fr.pc=0x000001ef0801cd24 relative=0x0000000000001284
Event: 1419.980 Thread 0x000001ef11e98800 Uncommon trap: reason=bimorphic_or_optimized_type_check action=maybe_recompile pc=0x000001ef0801cd24 method=java.util.stream.MatchOps$MatchOp.evaluateSequential(Ljava/util/stream/PipelineHelper;Ljava/util/Spliterator;)Ljava/lang/Boolean; @ 14 c2
Event: 1419.980 Thread 0x000001ef11e98800 DEOPT PACKING pc=0x000001ef0801cd24 sp=0x0000004bae9fbd30
Event: 1419.980 Thread 0x000001ef11e98800 DEOPT UNPACKING pc=0x000001ef0004a1af sp=0x0000004bae9fbc68 mode 2
Event: 1420.176 Thread 0x000001ef11e98800 DEOPT PACKING pc=0x000001ef00aa2df9 sp=0x0000004bae9fb920
Event: 1420.176 Thread 0x000001ef11e98800 DEOPT UNPACKING pc=0x000001ef0004a95e sp=0x0000004bae9fade8 mode 0
Event: 1420.747 Thread 0x000001ef11e98800 Uncommon trap: trap_request=0xffffffde fr.pc=0x000001ef08175c20 relative=0x0000000000000640
Event: 1420.747 Thread 0x000001ef11e98800 Uncommon trap: reason=class_check action=maybe_recompile pc=0x000001ef08175c20 method=org.gradle.cache.internal.LockOnDemandCrossProcessCacheAccess.incrementLockCount()V @ 97 c2
Event: 1420.747 Thread 0x000001ef11e98800 DEOPT PACKING pc=0x000001ef08175c20 sp=0x0000004bae9f7ce0
Event: 1420.747 Thread 0x000001ef11e98800 DEOPT UNPACKING pc=0x000001ef0004a1af sp=0x0000004bae9f7c90 mode 2

Classes redefined (0 events):
No events

Internal exceptions (20 events):
Event: 618.169 Thread 0x000001ef11ea3000 Exception <a 'java/lang/NoSuchMethodError'{0x00000000882f6120}: 'void java.lang.invoke.DirectMethodHandle$Holder.invokeStatic(java.lang.Object, java.lang.Object, java.lang.Object, java.lang.Object, java.lang.Object, java.lang.Object, java.lang.Object, java.lang.Object)'> (0x00000000882f6120) thrown at [./src/hotspot/share/interpreter/linkResolver.cpp, line 773]
Event: 619.356 Thread 0x000001ef11e9f800 Exception <a 'java/lang/IncompatibleClassChangeError'{0x0000000087b24050}: Found class java.lang.Object, but interface was expected> (0x0000000087b24050) thrown at [./src/hotspot/share/interpreter/linkResolver.cpp, line 839]
Event: 620.636 Thread 0x000001ef11ea3000 Exception <a 'java/lang/NoSuchMethodError'{0x0000000088a7b9d8}: 'void java.lang.invoke.DirectMethodHandle$Holder.invokeSpecial(java.lang.Object, java.lang.Object, int)'> (0x0000000088a7b9d8) thrown at [./src/hotspot/share/interpreter/linkResolver.cpp, line 773]
Event: 620.837 Thread 0x000001ef11e9f800 Exception <a 'sun/nio/fs/WindowsException'{0x0000000088986ea8}> (0x0000000088986ea8) thrown at [./src/hotspot/share/prims/jni.cpp, line 615]
Event: 621.031 Thread 0x000001ef11ea3000 Exception <a 'sun/nio/fs/WindowsException'{0x0000000088865ce0}> (0x0000000088865ce0) thrown at [./src/hotspot/share/prims/jni.cpp, line 615]
Event: 622.027 Thread 0x000001ef11e9e000 Implicit null exception at 0x000001ef080efa4f to 0x000001ef080f02c8
Event: 622.191 Thread 0x000001ef11e9e000 Exception <a 'sun/nio/fs/WindowsException'{0x00000000882d1598}> (0x00000000882d1598) thrown at [./src/hotspot/share/prims/jni.cpp, line 615]
Event: 622.223 Thread 0x000001ef11e9e000 Implicit null exception at 0x000001ef07be7bf8 to 0x000001ef07beb6fc
Event: 622.663 Thread 0x000001ef11e9e000 Exception <a 'java/lang/NoSuchMethodError'{0x0000000087ee3e28}: 'java.lang.Object java.lang.invoke.DirectMethodHandle$Holder.invokeStatic(java.lang.Object, java.lang.Object, java.lang.Object, java.lang.Object, java.lang.Object, int, java.lang.Object)'> (0x0000000087ee3e28) thrown at [./src/hotspot/share/interpreter/linkResolver.cpp, line 773]
Event: 622.664 Thread 0x000001ef11e9e000 Exception <a 'java/lang/NoSuchMethodError'{0x0000000087eeb028}: 'java.lang.Object java.lang.invoke.Invokers$Holder.linkToTargetMethod(java.lang.Object, java.lang.Object, java.lang.Object, java.lang.Object, int, java.lang.Object, java.lang.Object)'> (0x0000000087eeb028) thrown at [./src/hotspot/share/interpreter/linkResolver.cpp, line 773]
Event: 622.789 Thread 0x000001ef11e9e000 Exception <a 'java/lang/NoSuchMethodError'{0x0000000088cdcc58}: 'java.lang.Object java.lang.invoke.DirectMethodHandle$Holder.invokeStatic(java.lang.Object, java.lang.Object, java.lang.Object, java.lang.Object, java.lang.Object, java.lang.Object, java.lang.Object, int)'> (0x0000000088cdcc58) thrown at [./src/hotspot/share/interpreter/linkResolver.cpp, line 773]
Event: 622.790 Thread 0x000001ef11e9e000 Exception <a 'java/lang/NoSuchMethodError'{0x0000000088ce1090}: 'java.lang.Object java.lang.invoke.DirectMethodHandle$Holder.invokeSpecial(java.lang.Object, java.lang.Object, java.lang.Object, java.lang.Object, java.lang.Object, java.lang.Object, java.lang.Object, java.lang.Object, int)'> (0x0000000088ce1090) thrown at [./src/hotspot/share/interpreter/linkResolver.cpp, line 773]
Event: 622.790 Thread 0x000001ef11e9e000 Exception <a 'java/lang/NoSuchMethodError'{0x0000000088ce4e48}: 'java.lang.Object java.lang.invoke.Invokers$Holder.linkToTargetMethod(java.lang.Object, java.lang.Object, java.lang.Object, java.lang.Object, java.lang.Object, java.lang.Object, int, java.lang.Object)'> (0x0000000088ce4e48) thrown at [./src/hotspot/share/interpreter/linkResolver.cpp, line 773]
Event: 624.356 Thread 0x000001ef11e9e000 Implicit null exception at 0x000001ef0822036d to 0x000001ef08220398
Event: 624.357 Thread 0x000001ef11e9e000 Implicit null exception at 0x000001ef07c4be6b to 0x000001ef07c4be8c
Event: 625.574 Thread 0x000001ef11e9b800 Exception <a 'sun/nio/fs/WindowsException'{0x0000000088084020}> (0x0000000088084020) thrown at [./src/hotspot/share/prims/jni.cpp, line 615]
Event: 625.587 Thread 0x000001ef13034800 Exception <a 'sun/nio/fs/WindowsException'{0x000000008806f5a8}> (0x000000008806f5a8) thrown at [./src/hotspot/share/prims/jni.cpp, line 615]
Event: 625.587 Thread 0x000001ef13034800 Exception <a 'sun/nio/fs/WindowsException'{0x000000008806f738}> (0x000000008806f738) thrown at [./src/hotspot/share/prims/jni.cpp, line 615]
Event: 625.587 Thread 0x000001ef13034800 Exception <a 'sun/nio/fs/WindowsException'{0x0000000088071170}> (0x0000000088071170) thrown at [./src/hotspot/share/prims/jni.cpp, line 615]
Event: 1419.664 Thread 0x000001ef11e98800 Implicit null exception at 0x000001ef081012c5 to 0x000001ef081015d1

Events (20 events):
Event: 1417.279 Thread 0x000001ef11e9a000 Thread added: 0x000001ef11e9a000
Event: 1418.422 Thread 0x000001ef11e9b800 Thread added: 0x000001ef11e9b800
Event: 1419.543 Thread 0x000001ef11e98800 Thread added: 0x000001ef11e98800
Event: 1419.634 Executing VM operation: RevokeBias
Event: 1419.634 Executing VM operation: RevokeBias done
Event: 1419.641 Thread 0x000001ef11e9e000 Thread added: 0x000001ef11e9e000
Event: 1419.642 Thread 0x000001ef11e9f000 Thread added: 0x000001ef11e9f000
Event: 1419.644 Thread 0x000001ef11e9d000 Thread added: 0x000001ef11e9d000
Event: 1419.814 Thread 0x000001ef11e99000 Thread added: 0x000001ef11e99000
Event: 1420.187 Thread 0x000001ef11e9f800 Thread added: 0x000001ef11e9f800
Event: 1420.221 Thread 0x000001ef11ea0800 Thread added: 0x000001ef11ea0800
Event: 1420.249 Thread 0x000001ef11ea2000 Thread added: 0x000001ef11ea2000
Event: 1420.279 Thread 0x000001ef11ea3800 Thread added: 0x000001ef11ea3800
Event: 1420.316 Executing VM operation: RevokeBias
Event: 1420.317 Executing VM operation: RevokeBias done
Event: 1420.323 Executing VM operation: RevokeBias
Event: 1420.323 Executing VM operation: RevokeBias done
Event: 1420.706 Thread 0x000001ef11ea6000 Thread added: 0x000001ef11ea6000
Event: 1420.890 Executing VM operation: G1CollectForAllocation
Event: 1420.920 Executing VM operation: G1CollectForAllocation done


Dynamic libraries:
0x00007ff67cc10000 - 0x00007ff67cc1a000 	C:\Program Files\Android\Android Studio\jre\bin\java.exe
0x00007ff9d79d0000 - 0x00007ff9d7bc5000 	C:\Windows\SYSTEM32\ntdll.dll
0x00007ff9d7250000 - 0x00007ff9d730d000 	C:\Windows\System32\KERNEL32.DLL
0x00007ff9d5170000 - 0x00007ff9d543d000 	C:\Windows\System32\KERNELBASE.dll
0x00007ff9d5600000 - 0x00007ff9d5700000 	C:\Windows\System32\ucrtbase.dll
0x00007ff9a78b0000 - 0x00007ff9a78c9000 	C:\Program Files\Android\Android Studio\jre\bin\jli.dll
0x00007ff9d7310000 - 0x00007ff9d74b0000 	C:\Windows\System32\USER32.dll
0x00007ff9d5440000 - 0x00007ff9d5462000 	C:\Windows\System32\win32u.dll
0x00007ff9d6260000 - 0x00007ff9d628a000 	C:\Windows\System32\GDI32.dll
0x00007ff9d54f0000 - 0x00007ff9d55fb000 	C:\Windows\System32\gdi32full.dll
0x00007ff9d5700000 - 0x00007ff9d579d000 	C:\Windows\System32\msvcp_win.dll
0x00007ff9a7220000 - 0x00007ff9a7237000 	C:\Program Files\Android\Android Studio\jre\bin\VCRUNTIME140.dll
0x00007ff9beeb0000 - 0x00007ff9bf14a000 	C:\Windows\WinSxS\amd64_microsoft.windows.common-controls_6595b64144ccf1df_6.0.19041.1110_none_60b5254171f9507e\COMCTL32.dll
0x00007ff9d60c0000 - 0x00007ff9d615e000 	C:\Windows\System32\msvcrt.dll
0x00007ff9d71c0000 - 0x00007ff9d71f0000 	C:\Windows\System32\IMM32.DLL
0x00007ff9a4370000 - 0x00007ff9a440d000 	C:\Program Files\Android\Android Studio\jre\bin\msvcp140.dll
0x00007ff96dde0000 - 0x00007ff96e8c5000 	C:\Program Files\Android\Android Studio\jre\bin\server\jvm.dll
0x00007ff9d74b0000 - 0x00007ff9d755e000 	C:\Windows\System32\ADVAPI32.dll
0x00007ff9d7560000 - 0x00007ff9d75fc000 	C:\Windows\System32\sechost.dll
0x00007ff9d6a60000 - 0x00007ff9d6b85000 	C:\Windows\System32\RPCRT4.dll
0x00007ff9d61d0000 - 0x00007ff9d61d8000 	C:\Windows\System32\PSAPI.DLL
0x00007ff9c7640000 - 0x00007ff9c7649000 	C:\Windows\SYSTEM32\WSOCK32.dll
0x00007ff9d62a0000 - 0x00007ff9d630b000 	C:\Windows\System32\WS2_32.dll
0x00007ff9cbe90000 - 0x00007ff9cbeb7000 	C:\Windows\SYSTEM32\WINMM.dll
0x00007ff9cbe80000 - 0x00007ff9cbe8a000 	C:\Windows\SYSTEM32\VERSION.dll
0x00007ff9d3000000 - 0x00007ff9d3012000 	C:\Windows\SYSTEM32\kernel.appcore.dll
0x00007ff9c6ec0000 - 0x00007ff9c6ed1000 	C:\Program Files\Android\Android Studio\jre\bin\verify.dll
0x00007ff9c48c0000 - 0x00007ff9c4aa4000 	C:\Windows\SYSTEM32\DBGHELP.DLL
0x00007ff9c4860000 - 0x00007ff9c488c000 	C:\Windows\SYSTEM32\dbgcore.DLL
0x00007ff9d50e0000 - 0x00007ff9d5162000 	C:\Windows\System32\bcryptPrimitives.dll
0x00007ff9af770000 - 0x00007ff9af799000 	C:\Program Files\Android\Android Studio\jre\bin\java.dll
0x00007ff9c6fe0000 - 0x00007ff9c6feb000 	C:\Program Files\Android\Android Studio\jre\bin\jimage.dll
0x00007ff9c6e40000 - 0x00007ff9c6e58000 	C:\Program Files\Android\Android Studio\jre\bin\zip.dll
0x00007ff9d6310000 - 0x00007ff9d6a54000 	C:\Windows\System32\SHELL32.dll
0x00007ff9d3200000 - 0x00007ff9d3994000 	C:\Windows\SYSTEM32\windows.storage.dll
0x00007ff9d6e60000 - 0x00007ff9d71b4000 	C:\Windows\System32\combase.dll
0x00007ff9d4ad0000 - 0x00007ff9d4afc000 	C:\Windows\SYSTEM32\Wldp.dll
0x00007ff9d7600000 - 0x00007ff9d76ad000 	C:\Windows\System32\SHCORE.dll
0x00007ff9d61e0000 - 0x00007ff9d6235000 	C:\Windows\System32\shlwapi.dll
0x00007ff9d5020000 - 0x00007ff9d503f000 	C:\Windows\SYSTEM32\profapi.dll
0x00007ff9af260000 - 0x00007ff9af27a000 	C:\Program Files\Android\Android Studio\jre\bin\net.dll
0x00007ff9c8d90000 - 0x00007ff9c8e9a000 	C:\Windows\SYSTEM32\WINHTTP.dll
0x00007ff9d4830000 - 0x00007ff9d489a000 	C:\Windows\system32\mswsock.dll
0x00007ff9aedd0000 - 0x00007ff9aede4000 	C:\Program Files\Android\Android Studio\jre\bin\nio.dll
0x00007ff9a7b50000 - 0x00007ff9a7b77000 	C:\Users\imano\.gradle\native\e1d6ef7f7dcc3fd88c89a11ec53ec762bb8ba0a96d01ffa2cd45eb1d1d8dd5c5\windows-amd64\native-platform.dll
0x00007ff9a1c70000 - 0x00007ff9a1db4000 	C:\Users\imano\.gradle\native\5664cfc778a61ccfe75a443a1ab52a65af34e5dc3c78e0209fed803814484fcb\windows-amd64\native-platform-file-events.dll
0x00007ff9c6f30000 - 0x00007ff9c6f3a000 	C:\Program Files\Android\Android Studio\jre\bin\management.dll
0x00007ff9c6df0000 - 0x00007ff9c6dfd000 	C:\Program Files\Android\Android Studio\jre\bin\management_ext.dll
0x00007ff9d4a20000 - 0x00007ff9d4a38000 	C:\Windows\SYSTEM32\CRYPTSP.dll
0x00007ff9d4150000 - 0x00007ff9d4184000 	C:\Windows\system32\rsaenh.dll
0x00007ff9d5470000 - 0x00007ff9d5497000 	C:\Windows\System32\bcrypt.dll
0x00007ff9d4fa0000 - 0x00007ff9d4fce000 	C:\Windows\SYSTEM32\USERENV.dll
0x00007ff9d4a40000 - 0x00007ff9d4a4c000 	C:\Windows\SYSTEM32\CRYPTBASE.dll
0x00007ff9d44c0000 - 0x00007ff9d44fb000 	C:\Windows\SYSTEM32\IPHLPAPI.DLL
0x00007ff9d6290000 - 0x00007ff9d6298000 	C:\Windows\System32\NSI.dll
0x00007ff9ca170000 - 0x00007ff9ca187000 	C:\Windows\SYSTEM32\dhcpcsvc6.DLL
0x00007ff9ca150000 - 0x00007ff9ca16d000 	C:\Windows\SYSTEM32\dhcpcsvc.DLL
0x00007ff9d45c0000 - 0x00007ff9d468b000 	C:\Windows\SYSTEM32\DNSAPI.dll
0x00007ff9aea30000 - 0x00007ff9aea57000 	C:\Program Files\Android\Android Studio\jre\bin\sunec.dll

dbghelp: loaded successfully - version: 4.0.5 - missing functions: none
symbol engine: initialized successfully - sym options: 0x614 - pdb path: .;C:\Program Files\Android\Android Studio\jre\bin;C:\Windows\SYSTEM32;C:\Windows\WinSxS\amd64_microsoft.windows.common-controls_6595b64144ccf1df_6.0.19041.1110_none_60b5254171f9507e;C:\Program Files\Android\Android Studio\jre\bin\server;C:\Users\imano\.gradle\native\e1d6ef7f7dcc3fd88c89a11ec53ec762bb8ba0a96d01ffa2cd45eb1d1d8dd5c5\windows-amd64;C:\Users\imano\.gradle\native\5664cfc778a61ccfe75a443a1ab52a65af34e5dc3c78e0209fed803814484fcb\windows-amd64

VM Arguments:
jvm_args: --add-opens=java.base/java.util=ALL-UNNAMED --add-opens=java.base/java.lang=ALL-UNNAMED --add-opens=java.base/java.lang.invoke=ALL-UNNAMED --add-opens=java.base/java.util=ALL-UNNAMED --add-opens=java.prefs/java.util.prefs=ALL-UNNAMED --add-opens=java.prefs/java.util.prefs=ALL-UNNAMED --add-opens=java.base/java.nio.charset=ALL-UNNAMED --add-opens=java.base/java.net=ALL-UNNAMED --add-opens=java.base/java.util.concurrent.atomic=ALL-UNNAMED -Xmx2048m -Dfile.encoding=UTF-8 -Duser.country=MX -Duser.language=es -Duser.variant 
java_command: org.gradle.launcher.daemon.bootstrap.GradleDaemon 7.3.3
java_class_path (initial): C:\Users\imano\.gradle\wrapper\dists\gradle-7.3.3-bin\6a41zxkdtcxs8rphpq6y0069z\gradle-7.3.3\lib\gradle-launcher-7.3.3.jar
Launcher Type: SUN_STANDARD

[Global flags]
     intx CICompilerCount                          = 2                                         {product} {ergonomic}
     uint ConcGCThreads                            = 1                                         {product} {ergonomic}
     uint G1ConcRefinementThreads                  = 2                                         {product} {ergonomic}
   size_t G1HeapRegionSize                         = 1048576                                   {product} {ergonomic}
    uintx GCDrainStackTargetSize                   = 64                                        {product} {ergonomic}
   size_t InitialHeapSize                          = 125829120                                 {product} {ergonomic}
   size_t MarkStackSize                            = 4194304                                   {product} {ergonomic}
   size_t MaxHeapSize                              = 2147483648                                {product} {command line}
   size_t MaxNewSize                               = 1287651328                                {product} {ergonomic}
   size_t MinHeapDeltaBytes                        = 1048576                                   {product} {ergonomic}
    uintx NonNMethodCodeHeapSize                   = 5825164                                {pd product} {ergonomic}
    uintx NonProfiledCodeHeapSize                  = 122916538                              {pd product} {ergonomic}
    uintx ProfiledCodeHeapSize                     = 122916538                              {pd product} {ergonomic}
    uintx ReservedCodeCacheSize                    = 251658240                              {pd product} {ergonomic}
     bool SegmentedCodeCache                       = true                                      {product} {ergonomic}
     bool UseCompressedClassPointers               = true                                 {lp64_product} {ergonomic}
     bool UseCompressedOops                        = true                                 {lp64_product} {ergonomic}
     bool UseG1GC                                  = true                                      {product} {ergonomic}
     bool UseLargePagesIndividualAllocation        = false                                  {pd product} {ergonomic}

Logging:
Log output configuration:
 #0: stdout all=warning uptime,level,tags
 #1: stderr all=off uptime,level,tags

Environment Variables:
PATH=C:\Program Files (x86)\VMware\VMware Workstation\bin\;C:\Program Files\Common Files\Oracle\Java\javapath;C:\Windows\system32;C:\Windows;C:\Windows\System32\Wbem;C:\Windows\System32\WindowsPowerShell\v1.0\;C:\Windows\System32\OpenSSH\;C:\Program Files\nodejs\;C:\Program Files\Git\cmd;C:\Program Files (x86)\dotnet\;C:\Users\imano\AppData\Local\Programs\Python\Python39\Scripts\;C:\Users\imano\AppData\Local\Programs\Python\Python39\;C:\Users\imano\AppData\Local\Microsoft\WindowsApps;C:\Python39\;C:\Python39\Scripts;;C:\Program Files\JetBrains\PyCharm 2021.2\bin;;C:\Program Files\heroku\bin;C:\Users\imano\AppData\Local\Programs\Microsoft VS Code\bin;C:\Users\imano\AppData\Roaming\npm
USERNAME=imano
OS=Windows_NT
PROCESSOR_IDENTIFIER=AMD64 Family 21 Model 112 Stepping 0, AuthenticAMD



---------------  S Y S T E M  ---------------

OS: Windows 10 , 64 bit Build 19041 (10.0.19041.1706)
OS uptime: 3 days 5:44 hours

CPU:total 2 (initial active 2) (2 cores per cpu, 1 threads per core) family 21 model 112 stepping 0 microcode 0x0, cmov, cx8, fxsr, mmx, sse, sse2, sse3, ssse3, sse4.1, sse4.2, popcnt, avx, avx2, aes, clmul, mmxext, 3dnowpref, lzcnt, sse4a, tsc, tscinvbit, tscinv, bmi1, bmi2, fma

Memory: 4k page, system-wide physical 7639M (543M free)
TotalPageFile size 11339M (AvailPageFile size 3M)
current process WorkingSet (physical memory assigned to process): 410M, peak: 426M
current process commit charge ("private bytes"): 442M, peak: 451M

vm_info: OpenJDK 64-Bit Server VM (11.0.12+7-b1504.28-7817840) for windows-amd64 JRE (11.0.12+7-b1504.28-7817840), built on Oct 13 2021 22:12:33 by "builder" with MS VC++ 14.0 (VS2015)

END.
