#
# There is insufficient memory for the Java Runtime Environment to continue.
# Native memory allocation (malloc) failed to allocate 1492496 bytes for Chunk::new
# Possible reasons:
#   The system is out of physical RAM or swap space
#   The process is running with CompressedOops enabled, and the Java Heap may be blocking the growth of the native heap
# Possible solutions:
#   Reduce memory load on the system
#   Increase physical memory or swap space
#   Check if swap backing store is full
#   Decrease Java heap size (-Xmx/-Xms)
#   Decrease number of Java threads
#   Decrease Java thread stack sizes (-Xss)
#   Set larger code cache with -XX:ReservedCodeCacheSize=
#   JVM is running with Unscaled Compressed Oops mode in which the Java heap is
#     placed in the first 4GB address space. The Java Heap base address is the
#     maximum limit for the native heap growth. Please use -XX:HeapBaseMinAddress
#     to set the Java Heap base and to place the Java Heap above 4GB virtual address.
# This output file may be truncated or incomplete.
#
#  Out of Memory Error (./src/hotspot/share/memory/arena.cpp:197), pid=18240, tid=4116
#
# JRE version: OpenJDK Runtime Environment (11.0.12+7) (build 11.0.12+7-b1504.28-7817840)
# Java VM: OpenJDK 64-Bit Server VM (11.0.12+7-b1504.28-7817840, mixed mode, tiered, compressed oops, g1 gc, windows-amd64)
# No core dump will be written. Minidumps are not enabled by default on client versions of Windows
#

---------------  S U M M A R Y ------------

Command Line: --add-opens=java.base/java.util=ALL-UNNAMED --add-opens=java.base/java.lang=ALL-UNNAMED --add-opens=java.base/java.lang.invoke=ALL-UNNAMED --add-opens=java.base/java.util=ALL-UNNAMED --add-opens=java.prefs/java.util.prefs=ALL-UNNAMED --add-opens=java.prefs/java.util.prefs=ALL-UNNAMED --add-opens=java.base/java.nio.charset=ALL-UNNAMED --add-opens=java.base/java.net=ALL-UNNAMED --add-opens=java.base/java.util.concurrent.atomic=ALL-UNNAMED -Xmx2048m -Dfile.encoding=UTF-8 -Duser.country=MX -Duser.language=es -Duser.variant org.gradle.launcher.daemon.bootstrap.GradleDaemon 7.3.3

Host: AMD A9-9410 RADEON R5, 5 COMPUTE CORES 2C+3G   , 2 cores, 7G,  Windows 10 , 64 bit Build 19041 (10.0.19041.1706)
Time: Tue Jun  7 21:02:58 2022 Hora de verano central (México) elapsed time: 200.436243 seconds (0d 0h 3m 20s)

---------------  T H R E A D  ---------------

Current thread (0x000002e06e152000):  JavaThread "C2 CompilerThread0" daemon [_thread_in_native, id=4116, stack(0x000000e8ab900000,0x000000e8aba00000)]


Current CompileTask:
C2: 200464 17081       4       com.android.tools.r8.dex.j::m (2094 bytes)

Stack: [0x000000e8ab900000,0x000000e8aba00000]
Native frames: (J=compiled Java code, j=interpreted, Vv=VM code, C=native code)
V  [jvm.dll+0x5fbcea]
V  [jvm.dll+0x731905]
V  [jvm.dll+0x732f1d]
V  [jvm.dll+0x7335d3]
V  [jvm.dll+0x247bf8]
V  [jvm.dll+0xc018c]
V  [jvm.dll+0xc06cc]
V  [jvm.dll+0x35b31d]
V  [jvm.dll+0x328803]
V  [jvm.dll+0x327cfa]
V  [jvm.dll+0x200602]
V  [jvm.dll+0x1ff794]
V  [jvm.dll+0x18868c]
V  [jvm.dll+0x20e0d7]
V  [jvm.dll+0x20c901]
V  [jvm.dll+0x6f9b7f]
V  [jvm.dll+0x6f26a5]
V  [jvm.dll+0x5fabf6]
C  [ucrtbase.dll+0x21bb2]
C  [KERNEL32.DLL+0x17034]
C  [ntdll.dll+0x52651]


---------------  P R O C E S S  ---------------

Threads class SMR info:
_java_thread_list=0x000002e077880580, length=69, elements={
0x000002e05290c000, 0x000002e06e133000, 0x000002e06e134800, 0x000002e06eb13800,
0x000002e06e14d000, 0x000002e06e14f000, 0x000002e06e152000, 0x000002e06e155800,
0x000002e06e19c000, 0x000002e06ec2c800, 0x000002e070130800, 0x000002e06fa84000,
0x000002e06fbd8800, 0x000002e06fc5d800, 0x000002e06f8bd000, 0x000002e06f9da800,
0x000002e06eebd000, 0x000002e070385800, 0x000002e06fc4f800, 0x000002e06fc52800,
0x000002e06fc54000, 0x000002e06fc55000, 0x000002e06fc50000, 0x000002e06fc53800,
0x000002e06fc56000, 0x000002e06fc51000, 0x000002e06fc51800, 0x000002e070c74800,
0x000002e070c7b000, 0x000002e070c75000, 0x000002e070c7b800, 0x000002e070c79000,
0x000002e070c7a000, 0x000002e070c76000, 0x000002e070c7c800, 0x000002e070c77000,
0x000002e070c80800, 0x000002e070c82000, 0x000002e070c81800, 0x000002e070c7d800,
0x000002e070c7f000, 0x000002e070c83000, 0x000002e070c7e000, 0x000002e070c7f800,
0x000002e0712c3800, 0x000002e0712ca000, 0x000002e0712c4000, 0x000002e0712c6800,
0x000002e0712c7800, 0x000002e0712c5800, 0x000002e0712c8000, 0x000002e0712c9000,
0x000002e0712ca800, 0x000002e0712c5000, 0x000002e0712ce000, 0x000002e0712d1000,
0x000002e0712ce800, 0x000002e0712d2000, 0x000002e0712cc000, 0x000002e0712cd000,
0x000002e0712cf800, 0x000002e0712d0800, 0x000002e07304d800, 0x000002e073049800,
0x000002e07304e000, 0x000002e07304f000, 0x000002e07304b000, 0x000002e07304b800,
0x000002e07304a000
}

Java Threads: ( => current thread )
  0x000002e05290c000 JavaThread "main" [_thread_blocked, id=12952, stack(0x000000e8aad00000,0x000000e8aae00000)]
  0x000002e06e133000 JavaThread "Reference Handler" daemon [_thread_blocked, id=13576, stack(0x000000e8ab400000,0x000000e8ab500000)]
  0x000002e06e134800 JavaThread "Finalizer" daemon [_thread_blocked, id=7408, stack(0x000000e8ab500000,0x000000e8ab600000)]
  0x000002e06eb13800 JavaThread "Signal Dispatcher" daemon [_thread_blocked, id=15496, stack(0x000000e8ab600000,0x000000e8ab700000)]
  0x000002e06e14d000 JavaThread "Attach Listener" daemon [_thread_blocked, id=13452, stack(0x000000e8ab700000,0x000000e8ab800000)]
  0x000002e06e14f000 JavaThread "Service Thread" daemon [_thread_blocked, id=14736, stack(0x000000e8ab800000,0x000000e8ab900000)]
=>0x000002e06e152000 JavaThread "C2 CompilerThread0" daemon [_thread_in_native, id=4116, stack(0x000000e8ab900000,0x000000e8aba00000)]
  0x000002e06e155800 JavaThread "C1 CompilerThread0" daemon [_thread_in_native, id=15284, stack(0x000000e8aba00000,0x000000e8abb00000)]
  0x000002e06e19c000 JavaThread "Sweeper thread" daemon [_thread_blocked, id=18228, stack(0x000000e8abb00000,0x000000e8abc00000)]
  0x000002e06ec2c800 JavaThread "Common-Cleaner" daemon [_thread_blocked, id=6340, stack(0x000000e8abc00000,0x000000e8abd00000)]
  0x000002e070130800 JavaThread "Daemon health stats" [_thread_blocked, id=8012, stack(0x000000e8abf00000,0x000000e8ac000000)]
  0x000002e06fa84000 JavaThread "Incoming local TCP Connector on port 49583" [_thread_in_native, id=17100, stack(0x000000e8ac100000,0x000000e8ac200000)]
  0x000002e06fbd8800 JavaThread "Daemon periodic checks" [_thread_blocked, id=1228, stack(0x000000e8ac200000,0x000000e8ac300000)]
  0x000002e06fc5d800 JavaThread "Daemon" [_thread_blocked, id=15280, stack(0x000000e8ac300000,0x000000e8ac400000)]
  0x000002e06f8bd000 JavaThread "Handler for socket connection from /127.0.0.1:49583 to /127.0.0.1:49584" [_thread_in_native, id=11976, stack(0x000000e8ac400000,0x000000e8ac500000)]
  0x000002e06f9da800 JavaThread "Cancel handler" [_thread_blocked, id=8148, stack(0x000000e8ac500000,0x000000e8ac600000)]
  0x000002e06eebd000 JavaThread "Daemon worker" [_thread_blocked, id=11392, stack(0x000000e8ac600000,0x000000e8ac700000)]
  0x000002e070385800 JavaThread "Asynchronous log dispatcher for DefaultDaemonConnection: socket connection from /127.0.0.1:49583 to /127.0.0.1:49584" [_thread_blocked, id=6360, stack(0x000000e8ac700000,0x000000e8ac800000)]
  0x000002e06fc4f800 JavaThread "Daemon client event forwarder" [_thread_blocked, id=10324, stack(0x000000e8ac900000,0x000000e8aca00000)]
  0x000002e06fc52800 JavaThread "Cache worker for journal cache (C:\Users\imano\.gradle\caches\journal-1)" [_thread_blocked, id=13160, stack(0x000000e8aca00000,0x000000e8acb00000)]
  0x000002e06fc54000 JavaThread "File lock request listener" [_thread_in_native, id=16604, stack(0x000000e8acb00000,0x000000e8acc00000)]
  0x000002e06fc55000 JavaThread "Cache worker for file hash cache (C:\Users\imano\.gradle\caches\7.3.3\fileHashes)" [_thread_blocked, id=14856, stack(0x000000e8acc00000,0x000000e8acd00000)]
  0x000002e06fc50000 JavaThread "Cache worker for file hash cache (C:\Users\imano\Desktop\ZZZTemporal\Wilis\App Proyecto\Prueba1\.gradle\7.3.3\fileHashes)" [_thread_blocked, id=14884, stack(0x000000e8acd00000,0x000000e8ace00000)]
  0x000002e06fc53800 JavaThread "File watcher server" daemon [_thread_in_native, id=18284, stack(0x000000e8ace00000,0x000000e8acf00000)]
  0x000002e06fc56000 JavaThread "File watcher consumer" daemon [_thread_blocked, id=18172, stack(0x000000e8acf00000,0x000000e8ad000000)]
  0x000002e06fc51000 JavaThread "Cache worker for checksums cache (C:\Users\imano\Desktop\ZZZTemporal\Wilis\App Proyecto\Prueba1\.gradle\7.3.3\checksums)" [_thread_blocked, id=6664, stack(0x000000e8ad000000,0x000000e8ad100000)]
  0x000002e06fc51800 JavaThread "Cache worker for cache directory md-supplier (C:\Users\imano\.gradle\caches\7.3.3\md-supplier)" [_thread_blocked, id=14964, stack(0x000000e8ad100000,0x000000e8ad200000)]
  0x000002e070c74800 JavaThread "Cache worker for cache directory md-rule (C:\Users\imano\.gradle\caches\7.3.3\md-rule)" [_thread_blocked, id=6616, stack(0x000000e8ad200000,0x000000e8ad300000)]
  0x000002e070c7b000 JavaThread "Cache worker for execution history cache (C:\Users\imano\.gradle\caches\7.3.3\executionHistory)" [_thread_blocked, id=8280, stack(0x000000e8ad300000,0x000000e8ad400000)]
  0x000002e070c75000 JavaThread "jar transforms" [_thread_blocked, id=1104, stack(0x000000e8ad400000,0x000000e8ad500000)]
  0x000002e070c7b800 JavaThread "Cache worker for file content cache (C:\Users\imano\.gradle\caches\7.3.3\fileContent)" [_thread_blocked, id=7848, stack(0x000000e8ad500000,0x000000e8ad600000)]
  0x000002e070c79000 JavaThread "jar transforms Thread 2" [_thread_blocked, id=16300, stack(0x000000e8ad600000,0x000000e8ad700000)]
  0x000002e070c7a000 JavaThread "Cache worker for dependencies-accessors (C:\Users\imano\Desktop\ZZZTemporal\Wilis\App Proyecto\Prueba1\.gradle\7.3.3\dependencies-accessors)" [_thread_blocked, id=14288, stack(0x000000e8ad900000,0x000000e8ada00000)]
  0x000002e070c76000 JavaThread "Cache worker for Build Output Cleanup Cache (C:\Users\imano\Desktop\ZZZTemporal\Wilis\App Proyecto\Prueba1\.gradle\buildOutputCleanup)" [_thread_blocked, id=13568, stack(0x000000e8ada00000,0x000000e8adb00000)]
  0x000002e070c7c800 JavaThread "Unconstrained build operations" [_thread_blocked, id=4040, stack(0x000000e8adb00000,0x000000e8adc00000)]
  0x000002e070c77000 JavaThread "Unconstrained build operations Thread 2" [_thread_blocked, id=8716, stack(0x000000e8adc00000,0x000000e8add00000)]
  0x000002e070c80800 JavaThread "Unconstrained build operations Thread 3" [_thread_blocked, id=6888, stack(0x000000e8add00000,0x000000e8ade00000)]
  0x000002e070c82000 JavaThread "Unconstrained build operations Thread 4" [_thread_blocked, id=10788, stack(0x000000e8ade00000,0x000000e8adf00000)]
  0x000002e070c81800 JavaThread "Unconstrained build operations Thread 5" [_thread_blocked, id=10160, stack(0x000000e8adf00000,0x000000e8ae000000)]
  0x000002e070c7d800 JavaThread "Unconstrained build operations Thread 6" [_thread_blocked, id=15056, stack(0x000000e8ae000000,0x000000e8ae100000)]
  0x000002e070c7f000 JavaThread "Unconstrained build operations Thread 7" [_thread_blocked, id=1244, stack(0x000000e8ae100000,0x000000e8ae200000)]
  0x000002e070c83000 JavaThread "Unconstrained build operations Thread 8" [_thread_blocked, id=5884, stack(0x000000e8ae200000,0x000000e8ae300000)]
  0x000002e070c7e000 JavaThread "Unconstrained build operations Thread 9" [_thread_blocked, id=3136, stack(0x000000e8ae300000,0x000000e8ae400000)]
  0x000002e070c7f800 JavaThread "Unconstrained build operations Thread 10" [_thread_blocked, id=17180, stack(0x000000e8ae400000,0x000000e8ae500000)]
  0x000002e0712c3800 JavaThread "Unconstrained build operations Thread 11" [_thread_blocked, id=15708, stack(0x000000e8ae500000,0x000000e8ae600000)]
  0x000002e0712ca000 JavaThread "Unconstrained build operations Thread 12" [_thread_blocked, id=8248, stack(0x000000e8ae600000,0x000000e8ae700000)]
  0x000002e0712c4000 JavaThread "Unconstrained build operations Thread 13" [_thread_blocked, id=14024, stack(0x000000e8ae700000,0x000000e8ae800000)]
  0x000002e0712c6800 JavaThread "Unconstrained build operations Thread 14" [_thread_blocked, id=9508, stack(0x000000e8ae800000,0x000000e8ae900000)]
  0x000002e0712c7800 JavaThread "Unconstrained build operations Thread 15" [_thread_blocked, id=16260, stack(0x000000e8ae900000,0x000000e8aea00000)]
  0x000002e0712c5800 JavaThread "Unconstrained build operations Thread 16" [_thread_blocked, id=10624, stack(0x000000e8aea00000,0x000000e8aeb00000)]
  0x000002e0712c8000 JavaThread "Unconstrained build operations Thread 17" [_thread_blocked, id=18368, stack(0x000000e8aeb00000,0x000000e8aec00000)]
  0x000002e0712c9000 JavaThread "Unconstrained build operations Thread 18" [_thread_blocked, id=13340, stack(0x000000e8aec00000,0x000000e8aed00000)]
  0x000002e0712ca800 JavaThread "Unconstrained build operations Thread 19" [_thread_blocked, id=10676, stack(0x000000e8aed00000,0x000000e8aee00000)]
  0x000002e0712c5000 JavaThread "Unconstrained build operations Thread 20" [_thread_blocked, id=13656, stack(0x000000e8aee00000,0x000000e8aef00000)]
  0x000002e0712ce000 JavaThread "Memory manager" [_thread_blocked, id=15528, stack(0x000000e8aab00000,0x000000e8aac00000)]
  0x000002e0712d1000 JavaThread "build event listener" [_thread_blocked, id=8112, stack(0x000000e8aac00000,0x000000e8aad00000)]
  0x000002e0712ce800 JavaThread "pool-3-thread-1" [_thread_blocked, id=9328, stack(0x000000e8ac800000,0x000000e8ac900000)]
  0x000002e0712d2000 JavaThread "build event listener" [_thread_blocked, id=7752, stack(0x000000e8aef00000,0x000000e8af000000)]
  0x000002e0712cc000 JavaThread "Execution worker for ':'" [_thread_blocked, id=12208, stack(0x000000e8af000000,0x000000e8af100000)]
  0x000002e0712cd000 JavaThread "Cache worker for execution history cache (C:\Users\imano\Desktop\ZZZTemporal\Wilis\App Proyecto\Prueba1\.gradle\7.3.3\executionHistory)" [_thread_blocked, id=5360, stack(0x000000e8af100000,0x000000e8af200000)]
  0x000002e0712cf800 JavaThread "WorkerExecutor Queue" [_thread_in_Java, id=9252, stack(0x000000e8af200000,0x000000e8af300000)]
  0x000002e0712d0800 JavaThread "pool-4-thread-1" [_thread_blocked, id=14956, stack(0x000000e8ad700000,0x000000e8ad800000)]
  0x000002e07304d800 JavaThread "stderr" [_thread_in_native, id=8020, stack(0x000000e8af300000,0x000000e8af400000)]
  0x000002e073049800 JavaThread "stdout" [_thread_in_native, id=2520, stack(0x000000e8af400000,0x000000e8af500000)]
  0x000002e07304e000 JavaThread "Cache worker for Java compile cache (C:\Users\imano\.gradle\caches\7.3.3\javaCompile)" [_thread_blocked, id=5204, stack(0x000000e8af500000,0x000000e8af600000)]
  0x000002e07304f000 JavaThread "Build operations" [_thread_blocked, id=1812, stack(0x000000e8af600000,0x000000e8af700000)]
  0x000002e07304b000 JavaThread "Build operations Thread 2" [_thread_blocked, id=14168, stack(0x000000e8af700000,0x000000e8af800000)]
  0x000002e07304b800 JavaThread "WorkerExecutor Queue Thread 2" [_thread_blocked, id=17520, stack(0x000000e8af800000,0x000000e8af900000)]
  0x000002e07304a000 JavaThread "WorkerExecutor Queue Thread 4" [_thread_in_vm, id=10800, stack(0x000000e8af900000,0x000000e8afa00000)]

Other Threads:
  0x000002e06e12b800 VMThread "VM Thread" [stack: 0x000000e8ab300000,0x000000e8ab400000] [id=17240]
  0x000002e06ec93000 WatcherThread [stack: 0x000000e8abd00000,0x000000e8abe00000] [id=14604]
  0x000002e054a35000 GCTaskThread "GC Thread#0" [stack: 0x000000e8aae00000,0x000000e8aaf00000] [id=15092]
  0x000002e06ee59800 GCTaskThread "GC Thread#1" [stack: 0x000000e8abe00000,0x000000e8abf00000] [id=2640]
  0x000002e054a65800 ConcurrentGCThread "G1 Main Marker" [stack: 0x000000e8aaf00000,0x000000e8ab000000] [id=15656]
  0x000002e054a67000 ConcurrentGCThread "G1 Conc#0" [stack: 0x000000e8ab000000,0x000000e8ab100000] [id=9052]
  0x000002e054adb000 ConcurrentGCThread "G1 Refine#0" [stack: 0x000000e8ab100000,0x000000e8ab200000] [id=9132]
  0x000002e06f992800 ConcurrentGCThread "G1 Refine#1" [stack: 0x000000e8ac000000,0x000000e8ac100000] [id=6500]
  0x000002e054adc000 ConcurrentGCThread "G1 Young RemSet Sampling" [stack: 0x000000e8ab200000,0x000000e8ab300000] [id=13832]

Threads with active compile tasks:
C2 CompilerThread0 200688 17081       4       com.android.tools.r8.dex.j::m (2094 bytes)

VM state:not at safepoint (normal execution)

VM Mutex/Monitor currently owned by a thread: None

Heap address: 0x0000000080000000, size: 2048 MB, Compressed Oops mode: 32-bit
Narrow klass base: 0x0000000000000000, Narrow klass shift: 3
Compressed class space size: 1073741824 Address: 0x0000000100000000

Heap:
 garbage-first heap   total 177152K, used 142763K [0x0000000080000000, 0x0000000100000000)
  region size 1024K, 22 young (22528K), 3 survivors (3072K)
 Metaspace       used 117733K, capacity 120872K, committed 121032K, reserved 1155072K
  class space    used 14976K, capacity 16165K, committed 16204K, reserved 1048576K
Heap Regions: E=young(eden), S=young(survivor), O=old, HS=humongous(starts), HC=humongous(continues), CS=collection set, F=free, A=archive, TAMS=top-at-mark-start (previous, next)
|   0|0x0000000080000000, 0x0000000080100000, 0x0000000080100000|100%| O|  |TAMS 0x0000000080100000, 0x0000000080000000| Untracked 
|   1|0x0000000080100000, 0x0000000080200000, 0x0000000080200000|100%| O|  |TAMS 0x0000000080200000, 0x0000000080100000| Untracked 
|   2|0x0000000080200000, 0x0000000080300000, 0x0000000080300000|100%| O|  |TAMS 0x0000000080300000, 0x0000000080200000| Untracked 
|   3|0x0000000080300000, 0x0000000080400000, 0x0000000080400000|100%| O|  |TAMS 0x0000000080400000, 0x0000000080300000| Untracked 
|   4|0x0000000080400000, 0x0000000080500000, 0x0000000080500000|100%|HS|  |TAMS 0x0000000080500000, 0x0000000080400000| Complete 
|   5|0x0000000080500000, 0x0000000080600000, 0x0000000080600000|100%|HC|  |TAMS 0x0000000080600000, 0x0000000080500000| Complete 
|   6|0x0000000080600000, 0x0000000080700000, 0x0000000080700000|100%|HC|  |TAMS 0x0000000080700000, 0x0000000080600000| Complete 
|   7|0x0000000080700000, 0x0000000080800000, 0x0000000080800000|100%| O|  |TAMS 0x0000000080800000, 0x0000000080700000| Untracked 
|   8|0x0000000080800000, 0x0000000080900000, 0x0000000080900000|100%| O|  |TAMS 0x0000000080900000, 0x0000000080800000| Untracked 
|   9|0x0000000080900000, 0x0000000080a00000, 0x0000000080a00000|100%| O|  |TAMS 0x0000000080a00000, 0x0000000080900000| Untracked 
|  10|0x0000000080a00000, 0x0000000080b00000, 0x0000000080b00000|100%| O|  |TAMS 0x0000000080b00000, 0x0000000080a00000| Untracked 
|  11|0x0000000080b00000, 0x0000000080c00000, 0x0000000080c00000|100%| O|  |TAMS 0x0000000080c00000, 0x0000000080b00000| Untracked 
|  12|0x0000000080c00000, 0x0000000080d00000, 0x0000000080d00000|100%| O|  |TAMS 0x0000000080d00000, 0x0000000080c00000| Untracked 
|  13|0x0000000080d00000, 0x0000000080e00000, 0x0000000080e00000|100%| O|  |TAMS 0x0000000080e00000, 0x0000000080d00000| Untracked 
|  14|0x0000000080e00000, 0x0000000080f00000, 0x0000000080f00000|100%| O|  |TAMS 0x0000000080f00000, 0x0000000080e00000| Untracked 
|  15|0x0000000080f00000, 0x0000000081000000, 0x0000000081000000|100%| O|  |TAMS 0x0000000081000000, 0x0000000080f00000| Untracked 
|  16|0x0000000081000000, 0x0000000081100000, 0x0000000081100000|100%|HS|  |TAMS 0x0000000081100000, 0x0000000081000000| Complete 
|  17|0x0000000081100000, 0x0000000081200000, 0x0000000081200000|100%| O|  |TAMS 0x0000000081200000, 0x0000000081100000| Untracked 
|  18|0x0000000081200000, 0x0000000081300000, 0x0000000081300000|100%| O|  |TAMS 0x0000000081300000, 0x0000000081200000| Untracked 
|  19|0x0000000081300000, 0x0000000081400000, 0x0000000081400000|100%| O|  |TAMS 0x0000000081400000, 0x0000000081300000| Untracked 
|  20|0x0000000081400000, 0x0000000081500000, 0x0000000081500000|100%| O|  |TAMS 0x0000000081500000, 0x0000000081400000| Untracked 
|  21|0x0000000081500000, 0x0000000081600000, 0x0000000081600000|100%| O|  |TAMS 0x0000000081600000, 0x0000000081500000| Untracked 
|  22|0x0000000081600000, 0x0000000081700000, 0x0000000081700000|100%| O|  |TAMS 0x0000000081700000, 0x0000000081600000| Untracked 
|  23|0x0000000081700000, 0x0000000081800000, 0x0000000081800000|100%| O|  |TAMS 0x0000000081800000, 0x0000000081700000| Untracked 
|  24|0x0000000081800000, 0x0000000081900000, 0x0000000081900000|100%| O|  |TAMS 0x0000000081900000, 0x0000000081800000| Untracked 
|  25|0x0000000081900000, 0x0000000081a00000, 0x0000000081a00000|100%| O|  |TAMS 0x0000000081a00000, 0x0000000081900000| Untracked 
|  26|0x0000000081a00000, 0x0000000081b00000, 0x0000000081b00000|100%| O|  |TAMS 0x0000000081b00000, 0x0000000081a00000| Untracked 
|  27|0x0000000081b00000, 0x0000000081c00000, 0x0000000081c00000|100%|HS|  |TAMS 0x0000000081c00000, 0x0000000081b00000| Complete 
|  28|0x0000000081c00000, 0x0000000081d00000, 0x0000000081d00000|100%|HS|  |TAMS 0x0000000081d00000, 0x0000000081c00000| Complete 
|  29|0x0000000081d00000, 0x0000000081e00000, 0x0000000081e00000|100%|HC|  |TAMS 0x0000000081e00000, 0x0000000081d00000| Complete 
|  30|0x0000000081e00000, 0x0000000081f00000, 0x0000000081f00000|100%| O|  |TAMS 0x0000000081f00000, 0x0000000081e00000| Untracked 
|  31|0x0000000081f00000, 0x0000000082000000, 0x0000000082000000|100%| O|  |TAMS 0x0000000082000000, 0x0000000081f00000| Untracked 
|  32|0x0000000082000000, 0x0000000082100000, 0x0000000082100000|100%| O|  |TAMS 0x0000000082100000, 0x0000000082000000| Untracked 
|  33|0x0000000082100000, 0x0000000082200000, 0x0000000082200000|100%| O|  |TAMS 0x0000000082200000, 0x0000000082100000| Untracked 
|  34|0x0000000082200000, 0x0000000082300000, 0x0000000082300000|100%| O|  |TAMS 0x0000000082300000, 0x0000000082200000| Untracked 
|  35|0x0000000082300000, 0x0000000082400000, 0x0000000082400000|100%| O|  |TAMS 0x0000000082400000, 0x0000000082300000| Untracked 
|  36|0x0000000082400000, 0x0000000082500000, 0x0000000082500000|100%| O|  |TAMS 0x0000000082500000, 0x0000000082400000| Untracked 
|  37|0x0000000082500000, 0x0000000082600000, 0x0000000082600000|100%| O|  |TAMS 0x0000000082600000, 0x0000000082500000| Untracked 
|  38|0x0000000082600000, 0x0000000082700000, 0x0000000082700000|100%| O|  |TAMS 0x0000000082700000, 0x0000000082600000| Untracked 
|  39|0x0000000082700000, 0x0000000082800000, 0x0000000082800000|100%| O|  |TAMS 0x0000000082800000, 0x0000000082700000| Untracked 
|  40|0x0000000082800000, 0x0000000082900000, 0x0000000082900000|100%| O|  |TAMS 0x0000000082900000, 0x0000000082800000| Untracked 
|  41|0x0000000082900000, 0x0000000082a00000, 0x0000000082a00000|100%| O|  |TAMS 0x0000000082a00000, 0x0000000082900000| Untracked 
|  42|0x0000000082a00000, 0x0000000082b00000, 0x0000000082b00000|100%| O|  |TAMS 0x0000000082b00000, 0x0000000082a00000| Untracked 
|  43|0x0000000082b00000, 0x0000000082c00000, 0x0000000082c00000|100%| O|  |TAMS 0x0000000082c00000, 0x0000000082b00000| Untracked 
|  44|0x0000000082c00000, 0x0000000082d00000, 0x0000000082d00000|100%| O|  |TAMS 0x0000000082d00000, 0x0000000082c00000| Untracked 
|  45|0x0000000082d00000, 0x0000000082e00000, 0x0000000082e00000|100%| O|  |TAMS 0x0000000082e00000, 0x0000000082d00000| Untracked 
|  46|0x0000000082e00000, 0x0000000082f00000, 0x0000000082f00000|100%| O|  |TAMS 0x0000000082f00000, 0x0000000082e00000| Untracked 
|  47|0x0000000082f00000, 0x0000000083000000, 0x0000000083000000|100%| O|  |TAMS 0x0000000083000000, 0x0000000082f00000| Untracked 
|  48|0x0000000083000000, 0x0000000083100000, 0x0000000083100000|100%| O|  |TAMS 0x0000000083100000, 0x0000000083000000| Untracked 
|  49|0x0000000083100000, 0x0000000083200000, 0x0000000083200000|100%| O|  |TAMS 0x0000000083200000, 0x0000000083100000| Untracked 
|  50|0x0000000083200000, 0x0000000083300000, 0x0000000083300000|100%| O|  |TAMS 0x0000000083300000, 0x0000000083200000| Untracked 
|  51|0x0000000083300000, 0x0000000083400000, 0x0000000083400000|100%| O|  |TAMS 0x0000000083400000, 0x0000000083300000| Untracked 
|  52|0x0000000083400000, 0x0000000083500000, 0x0000000083500000|100%| O|  |TAMS 0x0000000083500000, 0x0000000083400000| Untracked 
|  53|0x0000000083500000, 0x0000000083600000, 0x0000000083600000|100%| O|  |TAMS 0x0000000083600000, 0x0000000083500000| Untracked 
|  54|0x0000000083600000, 0x0000000083700000, 0x0000000083700000|100%| O|  |TAMS 0x0000000083700000, 0x0000000083600000| Untracked 
|  55|0x0000000083700000, 0x0000000083800000, 0x0000000083800000|100%| O|  |TAMS 0x0000000083800000, 0x0000000083700000| Untracked 
|  56|0x0000000083800000, 0x0000000083900000, 0x0000000083900000|100%| O|  |TAMS 0x0000000083900000, 0x0000000083800000| Untracked 
|  57|0x0000000083900000, 0x0000000083a00000, 0x0000000083a00000|100%| O|  |TAMS 0x0000000083a00000, 0x0000000083900000| Untracked 
|  58|0x0000000083a00000, 0x0000000083b00000, 0x0000000083b00000|100%| O|  |TAMS 0x0000000083b00000, 0x0000000083a00000| Untracked 
|  59|0x0000000083b00000, 0x0000000083c00000, 0x0000000083c00000|100%| O|  |TAMS 0x0000000083b00000, 0x0000000083b00000| Untracked 
|  60|0x0000000083c00000, 0x0000000083d00000, 0x0000000083d00000|100%| O|  |TAMS 0x0000000083d00000, 0x0000000083c00000| Untracked 
|  61|0x0000000083d00000, 0x0000000083e00000, 0x0000000083e00000|100%| O|  |TAMS 0x0000000083e00000, 0x0000000083d00000| Untracked 
|  62|0x0000000083e00000, 0x0000000083f00000, 0x0000000083f00000|100%| O|  |TAMS 0x0000000083f00000, 0x0000000083e00000| Untracked 
|  63|0x0000000083f00000, 0x0000000084000000, 0x0000000084000000|100%| O|  |TAMS 0x0000000084000000, 0x0000000083f00000| Untracked 
|  64|0x0000000084000000, 0x0000000084100000, 0x0000000084100000|100%| O|  |TAMS 0x0000000084100000, 0x0000000084000000| Untracked 
|  65|0x0000000084100000, 0x0000000084200000, 0x0000000084200000|100%| O|  |TAMS 0x0000000084200000, 0x0000000084100000| Untracked 
|  66|0x0000000084200000, 0x0000000084300000, 0x0000000084300000|100%| O|  |TAMS 0x0000000084300000, 0x0000000084200000| Untracked 
|  67|0x0000000084300000, 0x0000000084400000, 0x0000000084400000|100%| O|  |TAMS 0x0000000084400000, 0x0000000084300000| Untracked 
|  68|0x0000000084400000, 0x0000000084500000, 0x0000000084500000|100%| O|  |TAMS 0x0000000084500000, 0x0000000084400000| Untracked 
|  69|0x0000000084500000, 0x0000000084600000, 0x0000000084600000|100%| O|  |TAMS 0x0000000084600000, 0x0000000084500000| Untracked 
|  70|0x0000000084600000, 0x0000000084700000, 0x0000000084700000|100%| O|  |TAMS 0x0000000084700000, 0x0000000084600000| Untracked 
|  71|0x0000000084700000, 0x0000000084800000, 0x0000000084800000|100%| O|  |TAMS 0x0000000084800000, 0x0000000084700000| Untracked 
|  72|0x0000000084800000, 0x0000000084900000, 0x0000000084900000|100%| O|  |TAMS 0x0000000084900000, 0x0000000084800000| Untracked 
|  73|0x0000000084900000, 0x0000000084a00000, 0x0000000084a00000|100%| O|  |TAMS 0x0000000084a00000, 0x0000000084900000| Untracked 
|  74|0x0000000084a00000, 0x0000000084b00000, 0x0000000084b00000|100%| O|  |TAMS 0x0000000084b00000, 0x0000000084a00000| Untracked 
|  75|0x0000000084b00000, 0x0000000084c00000, 0x0000000084c00000|100%| O|  |TAMS 0x0000000084c00000, 0x0000000084b00000| Untracked 
|  76|0x0000000084c00000, 0x0000000084d00000, 0x0000000084d00000|100%| O|  |TAMS 0x0000000084d00000, 0x0000000084c00000| Untracked 
|  77|0x0000000084d00000, 0x0000000084e00000, 0x0000000084e00000|100%| O|  |TAMS 0x0000000084e00000, 0x0000000084d00000| Untracked 
|  78|0x0000000084e00000, 0x0000000084f00000, 0x0000000084f00000|100%| O|  |TAMS 0x0000000084f00000, 0x0000000084e00000| Untracked 
|  79|0x0000000084f00000, 0x0000000085000000, 0x0000000085000000|100%| O|  |TAMS 0x0000000085000000, 0x0000000084f00000| Untracked 
|  80|0x0000000085000000, 0x0000000085100000, 0x0000000085100000|100%| O|  |TAMS 0x0000000085100000, 0x0000000085000000| Untracked 
|  81|0x0000000085100000, 0x0000000085200000, 0x0000000085200000|100%| O|  |TAMS 0x0000000085200000, 0x0000000085100000| Untracked 
|  82|0x0000000085200000, 0x0000000085300000, 0x0000000085300000|100%| O|  |TAMS 0x0000000085300000, 0x0000000085200000| Untracked 
|  83|0x0000000085300000, 0x0000000085400000, 0x0000000085400000|100%| O|  |TAMS 0x0000000085400000, 0x0000000085300000| Untracked 
|  84|0x0000000085400000, 0x0000000085500000, 0x0000000085500000|100%| O|  |TAMS 0x0000000085500000, 0x0000000085400000| Untracked 
|  85|0x0000000085500000, 0x0000000085600000, 0x0000000085600000|100%| O|  |TAMS 0x0000000085600000, 0x0000000085500000| Untracked 
|  86|0x0000000085600000, 0x0000000085700000, 0x0000000085700000|100%| O|  |TAMS 0x0000000085700000, 0x0000000085600000| Untracked 
|  87|0x0000000085700000, 0x0000000085800000, 0x0000000085800000|100%| O|  |TAMS 0x0000000085800000, 0x0000000085700000| Untracked 
|  88|0x0000000085800000, 0x0000000085900000, 0x0000000085900000|100%| O|  |TAMS 0x0000000085900000, 0x0000000085800000| Untracked 
|  89|0x0000000085900000, 0x0000000085a00000, 0x0000000085a00000|100%| O|  |TAMS 0x0000000085a00000, 0x0000000085900000| Untracked 
|  90|0x0000000085a00000, 0x0000000085b00000, 0x0000000085b00000|100%| O|  |TAMS 0x0000000085b00000, 0x0000000085a00000| Untracked 
|  91|0x0000000085b00000, 0x0000000085c00000, 0x0000000085c00000|100%| O|  |TAMS 0x0000000085c00000, 0x0000000085b00000| Untracked 
|  92|0x0000000085c00000, 0x0000000085d00000, 0x0000000085d00000|100%| O|  |TAMS 0x0000000085c00000, 0x0000000085c00000| Untracked 
|  93|0x0000000085d00000, 0x0000000085e00000, 0x0000000085e00000|100%| O|  |TAMS 0x0000000085e00000, 0x0000000085d00000| Untracked 
|  94|0x0000000085e00000, 0x0000000085f00000, 0x0000000085f00000|100%| O|  |TAMS 0x0000000085f00000, 0x0000000085e00000| Untracked 
|  95|0x0000000085f00000, 0x0000000086000000, 0x0000000086000000|100%| O|  |TAMS 0x0000000086000000, 0x0000000085f00000| Untracked 
|  96|0x0000000086000000, 0x0000000086100000, 0x0000000086100000|100%| O|  |TAMS 0x0000000086100000, 0x0000000086000000| Untracked 
|  97|0x0000000086100000, 0x0000000086200000, 0x0000000086200000|100%| O|  |TAMS 0x0000000086200000, 0x0000000086100000| Untracked 
|  98|0x0000000086200000, 0x0000000086300000, 0x0000000086300000|100%| O|  |TAMS 0x0000000086300000, 0x0000000086200000| Untracked 
|  99|0x0000000086300000, 0x0000000086400000, 0x0000000086400000|100%|HS|  |TAMS 0x0000000086400000, 0x0000000086300000| Complete 
| 100|0x0000000086400000, 0x0000000086500000, 0x0000000086500000|100%|HC|  |TAMS 0x0000000086500000, 0x0000000086400000| Complete 
| 101|0x0000000086500000, 0x0000000086600000, 0x0000000086600000|100%| O|  |TAMS 0x0000000086500000, 0x0000000086500000| Untracked 
| 102|0x0000000086600000, 0x0000000086700000, 0x0000000086700000|100%| O|  |TAMS 0x0000000086600000, 0x0000000086600000| Untracked 
| 103|0x0000000086700000, 0x0000000086800000, 0x0000000086800000|100%| O|  |TAMS 0x0000000086700000, 0x0000000086700000| Untracked 
| 104|0x0000000086800000, 0x0000000086900000, 0x0000000086900000|100%| O|  |TAMS 0x0000000086800000, 0x0000000086800000| Untracked 
| 105|0x0000000086900000, 0x0000000086a00000, 0x0000000086a00000|100%| O|  |TAMS 0x0000000086a00000, 0x0000000086900000| Untracked 
| 106|0x0000000086a00000, 0x0000000086b00000, 0x0000000086b00000|100%| O|  |TAMS 0x0000000086b00000, 0x0000000086a00000| Untracked 
| 107|0x0000000086b00000, 0x0000000086c00000, 0x0000000086c00000|100%| O|  |TAMS 0x0000000086c00000, 0x0000000086b00000| Untracked 
| 108|0x0000000086c00000, 0x0000000086d00000, 0x0000000086d00000|100%| O|  |TAMS 0x0000000086d00000, 0x0000000086c00000| Untracked 
| 109|0x0000000086d00000, 0x0000000086e00000, 0x0000000086e00000|100%| O|  |TAMS 0x0000000086e00000, 0x0000000086d00000| Untracked 
| 110|0x0000000086e00000, 0x0000000086f00000, 0x0000000086f00000|100%| O|  |TAMS 0x0000000086f00000, 0x0000000086e00000| Untracked 
| 111|0x0000000086f00000, 0x0000000087000000, 0x0000000087000000|100%| O|  |TAMS 0x0000000087000000, 0x0000000086f00000| Untracked 
| 112|0x0000000087000000, 0x0000000087100000, 0x0000000087100000|100%| O|  |TAMS 0x00000000870d8600, 0x0000000087000000| Untracked 
| 113|0x0000000087100000, 0x0000000087200000, 0x0000000087200000|100%| O|  |TAMS 0x0000000087100000, 0x0000000087100000| Untracked 
| 114|0x0000000087200000, 0x0000000087300000, 0x0000000087300000|100%| O|  |TAMS 0x0000000087200000, 0x0000000087200000| Untracked 
| 115|0x0000000087300000, 0x0000000087400000, 0x0000000087400000|100%| O|  |TAMS 0x0000000087300000, 0x0000000087300000| Untracked 
| 116|0x0000000087400000, 0x0000000087500000, 0x0000000087500000|100%| O|  |TAMS 0x0000000087400000, 0x0000000087400000| Untracked 
| 117|0x0000000087500000, 0x000000008756ae00, 0x0000000087600000| 41%| O|  |TAMS 0x0000000087500000, 0x0000000087500000| Untracked 
| 118|0x0000000087600000, 0x0000000087700000, 0x0000000087700000|100%|HS|  |TAMS 0x0000000087600000, 0x0000000087600000| Complete 
| 119|0x0000000087700000, 0x0000000087800000, 0x0000000087800000|100%|HS|  |TAMS 0x0000000087700000, 0x0000000087700000| Complete 
| 120|0x0000000087800000, 0x0000000087800000, 0x0000000087900000|  0%| F|  |TAMS 0x0000000087800000, 0x0000000087800000| Untracked 
| 121|0x0000000087900000, 0x0000000087900000, 0x0000000087a00000|  0%| F|  |TAMS 0x0000000087900000, 0x0000000087900000| Untracked 
| 122|0x0000000087a00000, 0x0000000087a00000, 0x0000000087b00000|  0%| F|  |TAMS 0x0000000087a00000, 0x0000000087a00000| Untracked 
| 123|0x0000000087b00000, 0x0000000087b00000, 0x0000000087c00000|  0%| F|  |TAMS 0x0000000087b00000, 0x0000000087b00000| Untracked 
| 124|0x0000000087c00000, 0x0000000087c00000, 0x0000000087d00000|  0%| F|  |TAMS 0x0000000087c00000, 0x0000000087c00000| Untracked 
| 125|0x0000000087d00000, 0x0000000087d00000, 0x0000000087e00000|  0%| F|  |TAMS 0x0000000087d00000, 0x0000000087d00000| Untracked 
| 126|0x0000000087e00000, 0x0000000087e00000, 0x0000000087f00000|  0%| F|  |TAMS 0x0000000087e00000, 0x0000000087e00000| Untracked 
| 127|0x0000000087f00000, 0x0000000087f00000, 0x0000000088000000|  0%| F|  |TAMS 0x0000000087f00000, 0x0000000087f00000| Untracked 
| 128|0x0000000088000000, 0x0000000088000000, 0x0000000088100000|  0%| F|  |TAMS 0x0000000088000000, 0x0000000088000000| Untracked 
| 129|0x0000000088100000, 0x0000000088100000, 0x0000000088200000|  0%| F|  |TAMS 0x0000000088100000, 0x0000000088100000| Untracked 
| 130|0x0000000088200000, 0x0000000088200000, 0x0000000088300000|  0%| F|  |TAMS 0x0000000088200000, 0x0000000088200000| Untracked 
| 131|0x0000000088300000, 0x0000000088300000, 0x0000000088400000|  0%| F|  |TAMS 0x0000000088300000, 0x0000000088300000| Untracked 
| 132|0x0000000088400000, 0x0000000088400000, 0x0000000088500000|  0%| F|  |TAMS 0x0000000088400000, 0x0000000088400000| Untracked 
| 133|0x0000000088500000, 0x0000000088500000, 0x0000000088600000|  0%| F|  |TAMS 0x0000000088500000, 0x0000000088500000| Untracked 
| 134|0x0000000088600000, 0x0000000088600000, 0x0000000088700000|  0%| F|  |TAMS 0x0000000088600000, 0x0000000088600000| Untracked 
| 135|0x0000000088700000, 0x0000000088700000, 0x0000000088800000|  0%| F|  |TAMS 0x0000000088700000, 0x0000000088700000| Untracked 
| 136|0x0000000088800000, 0x0000000088800000, 0x0000000088900000|  0%| F|  |TAMS 0x0000000088800000, 0x0000000088800000| Untracked 
| 137|0x0000000088900000, 0x0000000088900000, 0x0000000088a00000|  0%| F|  |TAMS 0x0000000088900000, 0x0000000088900000| Untracked 
| 138|0x0000000088a00000, 0x0000000088a00000, 0x0000000088b00000|  0%| F|  |TAMS 0x0000000088a00000, 0x0000000088a00000| Untracked 
| 139|0x0000000088b00000, 0x0000000088b00000, 0x0000000088c00000|  0%| F|  |TAMS 0x0000000088b00000, 0x0000000088b00000| Untracked 
| 140|0x0000000088c00000, 0x0000000088c00000, 0x0000000088d00000|  0%| F|  |TAMS 0x0000000088c00000, 0x0000000088c00000| Untracked 
| 141|0x0000000088d00000, 0x0000000088d00000, 0x0000000088e00000|  0%| F|  |TAMS 0x0000000088d00000, 0x0000000088d00000| Untracked 
| 142|0x0000000088e00000, 0x0000000088e00000, 0x0000000088f00000|  0%| F|  |TAMS 0x0000000088e00000, 0x0000000088e00000| Untracked 
| 143|0x0000000088f00000, 0x0000000088f00000, 0x0000000089000000|  0%| F|  |TAMS 0x0000000088f00000, 0x0000000088f00000| Untracked 
| 144|0x0000000089000000, 0x0000000089000000, 0x0000000089100000|  0%| F|  |TAMS 0x0000000089000000, 0x0000000089000000| Untracked 
| 145|0x0000000089100000, 0x0000000089100000, 0x0000000089200000|  0%| F|  |TAMS 0x0000000089100000, 0x0000000089100000| Untracked 
| 146|0x0000000089200000, 0x0000000089200000, 0x0000000089300000|  0%| F|  |TAMS 0x0000000089200000, 0x0000000089200000| Untracked 
| 147|0x0000000089300000, 0x0000000089300000, 0x0000000089400000|  0%| F|  |TAMS 0x0000000089300000, 0x0000000089300000| Untracked 
| 148|0x0000000089400000, 0x0000000089400000, 0x0000000089500000|  0%| F|  |TAMS 0x0000000089400000, 0x0000000089400000| Untracked 
| 149|0x0000000089500000, 0x0000000089600000, 0x0000000089600000|100%| S|CS|TAMS 0x0000000089500000, 0x0000000089500000| Complete 
| 150|0x0000000089600000, 0x0000000089700000, 0x0000000089700000|100%| S|CS|TAMS 0x0000000089600000, 0x0000000089600000| Complete 
| 151|0x0000000089700000, 0x0000000089800000, 0x0000000089800000|100%| S|CS|TAMS 0x0000000089700000, 0x0000000089700000| Complete 
| 152|0x0000000089800000, 0x0000000089800000, 0x0000000089900000|  0%| F|  |TAMS 0x0000000089800000, 0x0000000089800000| Untracked 
| 153|0x0000000089900000, 0x0000000089900000, 0x0000000089a00000|  0%| F|  |TAMS 0x0000000089900000, 0x0000000089900000| Untracked 
| 154|0x0000000089a00000, 0x0000000089a70fe0, 0x0000000089b00000| 44%| E|  |TAMS 0x0000000089a00000, 0x0000000089a00000| Complete 
| 155|0x0000000089b00000, 0x0000000089c00000, 0x0000000089c00000|100%| E|CS|TAMS 0x0000000089b00000, 0x0000000089b00000| Complete 
| 156|0x0000000089c00000, 0x0000000089d00000, 0x0000000089d00000|100%| E|CS|TAMS 0x0000000089c00000, 0x0000000089c00000| Complete 
| 157|0x0000000089d00000, 0x0000000089e00000, 0x0000000089e00000|100%| E|CS|TAMS 0x0000000089d00000, 0x0000000089d00000| Complete 
| 158|0x0000000089e00000, 0x0000000089f00000, 0x0000000089f00000|100%| E|CS|TAMS 0x0000000089e00000, 0x0000000089e00000| Complete 
| 159|0x0000000089f00000, 0x000000008a000000, 0x000000008a000000|100%| E|CS|TAMS 0x0000000089f00000, 0x0000000089f00000| Complete 
| 160|0x000000008a000000, 0x000000008a100000, 0x000000008a100000|100%| E|CS|TAMS 0x000000008a000000, 0x000000008a000000| Complete 
| 161|0x000000008a100000, 0x000000008a200000, 0x000000008a200000|100%| E|CS|TAMS 0x000000008a100000, 0x000000008a100000| Complete 
| 162|0x000000008a200000, 0x000000008a300000, 0x000000008a300000|100%| E|CS|TAMS 0x000000008a200000, 0x000000008a200000| Complete 
| 163|0x000000008a300000, 0x000000008a400000, 0x000000008a400000|100%| E|  |TAMS 0x000000008a300000, 0x000000008a300000| Complete 
| 164|0x000000008a400000, 0x000000008a500000, 0x000000008a500000|100%| E|CS|TAMS 0x000000008a400000, 0x000000008a400000| Complete 
| 165|0x000000008a500000, 0x000000008a600000, 0x000000008a600000|100%| E|CS|TAMS 0x000000008a500000, 0x000000008a500000| Complete 
| 166|0x000000008a600000, 0x000000008a700000, 0x000000008a700000|100%| E|CS|TAMS 0x000000008a600000, 0x000000008a600000| Complete 
| 167|0x000000008a700000, 0x000000008a800000, 0x000000008a800000|100%| E|CS|TAMS 0x000000008a700000, 0x000000008a700000| Complete 
| 168|0x000000008a800000, 0x000000008a900000, 0x000000008a900000|100%| E|CS|TAMS 0x000000008a800000, 0x000000008a800000| Complete 
| 169|0x000000008a900000, 0x000000008aa00000, 0x000000008aa00000|100%| E|CS|TAMS 0x000000008a900000, 0x000000008a900000| Complete 
| 170|0x000000008aa00000, 0x000000008ab00000, 0x000000008ab00000|100%| E|CS|TAMS 0x000000008aa00000, 0x000000008aa00000| Complete 
| 171|0x000000008ab00000, 0x000000008ac00000, 0x000000008ac00000|100%| E|CS|TAMS 0x000000008ab00000, 0x000000008ab00000| Complete 
| 172|0x000000008ac00000, 0x000000008ad00000, 0x000000008ad00000|100%| E|CS|TAMS 0x000000008ac00000, 0x000000008ac00000| Complete 

Card table byte_map: [0x000002e067530000,0x000002e067930000] _byte_map_base: 0x000002e067130000

Marking Bits (Prev, Next): (CMBitMap*) 0x000002e054a5ca18, (CMBitMap*) 0x000002e054a5ca50
 Prev Bits: [0x000002e067d30000, 0x000002e069d30000)
 Next Bits: [0x000002e069d30000, 0x000002e06bd30000)

Polling page: 0x000002e052a20000

Metaspace:

Usage:
  Non-class:    102.25 MB capacity,   100.36 MB ( 98%) used,     1.51 MB (  1%) free+waste,   398.88 KB ( <1%) overhead. 
      Class:     15.79 MB capacity,    14.63 MB ( 93%) used,  1010.89 KB (  6%) free+waste,   178.00 KB (  1%) overhead. 
       Both:    118.04 MB capacity,   114.98 MB ( 97%) used,     2.50 MB (  2%) free+waste,   576.88 KB ( <1%) overhead. 

Virtual space:
  Non-class space:      104.00 MB reserved,     102.37 MB ( 98%) committed 
      Class space:        1.00 GB reserved,      15.82 MB (  2%) committed 
             Both:        1.10 GB reserved,     118.20 MB ( 10%) committed 

Chunk freelists:
   Non-Class:  0 bytes
       Class:  0 bytes
        Both:  0 bytes

MaxMetaspaceSize: 17179869184.00 GB
CompressedClassSpaceSize: 1.00 GB
Initial GC threshold: 20.80 MB
Current GC threshold: 171.79 MB
CDS: off

CodeHeap 'non-profiled nmethods': size=120064Kb used=10394Kb max_used=11024Kb free=109669Kb
 bounds [0x000002e05fff0000, 0x000002e060ac0000, 0x000002e067530000]
CodeHeap 'profiled nmethods': size=120000Kb used=38401Kb max_used=40700Kb free=81598Kb
 bounds [0x000002e058ac0000, 0x000002e05b280000, 0x000002e05fff0000]
CodeHeap 'non-nmethods': size=5696Kb used=2435Kb max_used=2465Kb free=3260Kb
 bounds [0x000002e058530000, 0x000002e0587b0000, 0x000002e058ac0000]
 total_blobs=17183 nmethods=16222 adapters=873
 compilation: enabled
              stopped_count=0, restarted_count=0
 full_count=0

Compilation events (20 events):
Event: 200.009 Thread 0x000002e06e155800 nmethod 17080 0x000002e058c7d890 code [0x000002e058c7da60, 0x000002e058c7dcf8]
Event: 200.009 Thread 0x000002e06e152000 17081       4       com.android.tools.r8.dex.j::m (2094 bytes)
Event: 200.010 Thread 0x000002e06e155800 17082       3       com.android.tools.r8.internal.mI::e (33 bytes)
Event: 200.010 Thread 0x000002e06e155800 nmethod 17082 0x000002e058c90290 code [0x000002e058c90440, 0x000002e058c90578]
Event: 200.010 Thread 0x000002e06e155800 17083       3       com.android.tools.r8.internal.mI::f (33 bytes)
Event: 200.011 Thread 0x000002e06e155800 nmethod 17083 0x000002e058d2c690 code [0x000002e058d2c840, 0x000002e058d2c978]
Event: 200.012 Thread 0x000002e06e155800 17084       3       com.android.tools.r8.internal.mI::a (34 bytes)
Event: 200.013 Thread 0x000002e06e155800 nmethod 17084 0x000002e058c7e190 code [0x000002e058c7e360, 0x000002e058c7e5f8]
Event: 200.016 Thread 0x000002e06e155800 17086       3       com.android.tools.r8.internal.Wt::m (202 bytes)
Event: 200.018 Thread 0x000002e06e155800 nmethod 17086 0x000002e058bd1910 code [0x000002e058bd1c60, 0x000002e058bd2bc8]
Event: 200.019 Thread 0x000002e06e155800 17087       3       com.android.tools.r8.internal.Wt::k (109 bytes)
Event: 200.020 Thread 0x000002e06e155800 nmethod 17087 0x000002e058d11090 code [0x000002e058d113a0, 0x000002e058d12118]
Event: 200.024 Thread 0x000002e06e155800 17089       3       com.android.tools.r8.internal.mI::d (33 bytes)
Event: 200.025 Thread 0x000002e06e155800 nmethod 17089 0x000002e058e30b90 code [0x000002e058e30d40, 0x000002e058e30e78]
Event: 200.025 Thread 0x000002e06e155800 17090       3       com.android.tools.r8.internal.mI::a (34 bytes)
Event: 200.025 Thread 0x000002e06e155800 nmethod 17090 0x000002e058d78710 code [0x000002e058d788e0, 0x000002e058d78b78]
Event: 200.030 Thread 0x000002e06e155800 17091       3       com.android.tools.r8.dex.j::h (23 bytes)
Event: 200.030 Thread 0x000002e06e155800 nmethod 17091 0x000002e058af3390 code [0x000002e058af35a0, 0x000002e058af3be8]
Event: 200.030 Thread 0x000002e06e155800 17092       3       com.android.tools.r8.internal.mI::a (34 bytes)
Event: 200.031 Thread 0x000002e06e155800 nmethod 17092 0x000002e058df4510 code [0x000002e058df46e0, 0x000002e058df4978]

GC Heap History (20 events):
Event: 185.024 GC heap before
{Heap before GC invocations=86 (full 0):
 garbage-first heap   total 147456K, used 123776K [0x0000000080000000, 0x0000000100000000)
  region size 1024K, 7 young (7168K), 1 survivors (1024K)
 Metaspace       used 103853K, capacity 106388K, committed 106440K, reserved 1142784K
  class space    used 13172K, capacity 14114K, committed 14156K, reserved 1048576K
}
Event: 185.038 GC heap after
{Heap after GC invocations=87 (full 0):
 garbage-first heap   total 147456K, used 111941K [0x0000000080000000, 0x0000000100000000)
  region size 1024K, 1 young (1024K), 1 survivors (1024K)
 Metaspace       used 103853K, capacity 106388K, committed 106440K, reserved 1142784K
  class space    used 13172K, capacity 14114K, committed 14156K, reserved 1048576K
}
Event: 185.282 GC heap before
{Heap before GC invocations=87 (full 0):
 garbage-first heap   total 147456K, used 120133K [0x0000000080000000, 0x0000000100000000)
  region size 1024K, 10 young (10240K), 1 survivors (1024K)
 Metaspace       used 104160K, capacity 106705K, committed 107080K, reserved 1142784K
  class space    used 13208K, capacity 14154K, committed 14284K, reserved 1048576K
}
Event: 185.291 GC heap after
{Heap after GC invocations=88 (full 0):
 garbage-first heap   total 147456K, used 112945K [0x0000000080000000, 0x0000000100000000)
  region size 1024K, 2 young (2048K), 2 survivors (2048K)
 Metaspace       used 104160K, capacity 106705K, committed 107080K, reserved 1142784K
  class space    used 13208K, capacity 14154K, committed 14284K, reserved 1048576K
}
Event: 187.140 GC heap before
{Heap before GC invocations=88 (full 0):
 garbage-first heap   total 147456K, used 121137K [0x0000000080000000, 0x0000000100000000)
  region size 1024K, 11 young (11264K), 2 survivors (2048K)
 Metaspace       used 106570K, capacity 109144K, committed 109384K, reserved 1144832K
  class space    used 13514K, capacity 14480K, committed 14540K, reserved 1048576K
}
Event: 187.149 GC heap after
{Heap after GC invocations=89 (full 0):
 garbage-first heap   total 147456K, used 113670K [0x0000000080000000, 0x0000000100000000)
  region size 1024K, 2 young (2048K), 2 survivors (2048K)
 Metaspace       used 106570K, capacity 109144K, committed 109384K, reserved 1144832K
  class space    used 13514K, capacity 14480K, committed 14540K, reserved 1048576K
}
Event: 187.619 GC heap before
{Heap before GC invocations=89 (full 0):
 garbage-first heap   total 147456K, used 122886K [0x0000000080000000, 0x0000000100000000)
  region size 1024K, 11 young (11264K), 2 survivors (2048K)
 Metaspace       used 106891K, capacity 109499K, committed 109640K, reserved 1144832K
  class space    used 13545K, capacity 14513K, committed 14540K, reserved 1048576K
}
Event: 187.638 GC heap after
{Heap after GC invocations=90 (full 0):
 garbage-first heap   total 147456K, used 116799K [0x0000000080000000, 0x0000000100000000)
  region size 1024K, 2 young (2048K), 2 survivors (2048K)
 Metaspace       used 106891K, capacity 109499K, committed 109640K, reserved 1144832K
  class space    used 13545K, capacity 14513K, committed 14540K, reserved 1048576K
}
Event: 188.218 GC heap before
{Heap before GC invocations=90 (full 0):
 garbage-first heap   total 147456K, used 122943K [0x0000000080000000, 0x0000000100000000)
  region size 1024K, 9 young (9216K), 2 survivors (2048K)
 Metaspace       used 107661K, capacity 110287K, committed 110536K, reserved 1144832K
  class space    used 13648K, capacity 14601K, committed 14668K, reserved 1048576K
}
Event: 188.239 GC heap after
{Heap after GC invocations=91 (full 0):
 garbage-first heap   total 147456K, used 118260K [0x0000000080000000, 0x0000000100000000)
  region size 1024K, 2 young (2048K), 2 survivors (2048K)
 Metaspace       used 107661K, capacity 110287K, committed 110536K, reserved 1144832K
  class space    used 13648K, capacity 14601K, committed 14668K, reserved 1048576K
}
Event: 188.684 GC heap before
{Heap before GC invocations=91 (full 0):
 garbage-first heap   total 147456K, used 124404K [0x0000000080000000, 0x0000000100000000)
  region size 1024K, 9 young (9216K), 2 survivors (2048K)
 Metaspace       used 109060K, capacity 111732K, committed 111816K, reserved 1146880K
  class space    used 13839K, capacity 14851K, committed 14924K, reserved 1048576K
}
Event: 188.698 GC heap after
{Heap after GC invocations=92 (full 0):
 garbage-first heap   total 177152K, used 119303K [0x0000000080000000, 0x0000000100000000)
  region size 1024K, 1 young (1024K), 1 survivors (1024K)
 Metaspace       used 109060K, capacity 111732K, committed 111816K, reserved 1146880K
  class space    used 13839K, capacity 14851K, committed 14924K, reserved 1048576K
}
Event: 190.805 GC heap before
{Heap before GC invocations=92 (full 0):
 garbage-first heap   total 177152K, used 135687K [0x0000000080000000, 0x0000000100000000)
  region size 1024K, 18 young (18432K), 1 survivors (1024K)
 Metaspace       used 112437K, capacity 115284K, committed 115400K, reserved 1148928K
  class space    used 14358K, capacity 15417K, committed 15436K, reserved 1048576K
}
Event: 190.819 GC heap after
{Heap after GC invocations=93 (full 0):
 garbage-first heap   total 177152K, used 120189K [0x0000000080000000, 0x0000000100000000)
  region size 1024K, 2 young (2048K), 2 survivors (2048K)
 Metaspace       used 112437K, capacity 115284K, committed 115400K, reserved 1148928K
  class space    used 14358K, capacity 15417K, committed 15436K, reserved 1048576K
}
Event: 193.113 GC heap before
{Heap before GC invocations=93 (full 0):
 garbage-first heap   total 177152K, used 138621K [0x0000000080000000, 0x0000000100000000)
  region size 1024K, 20 young (20480K), 2 survivors (2048K)
 Metaspace       used 114059K, capacity 116946K, committed 117192K, reserved 1150976K
  class space    used 14480K, capacity 15576K, committed 15692K, reserved 1048576K
}
Event: 193.133 GC heap after
{Heap after GC invocations=94 (full 0):
 garbage-first heap   total 177152K, used 121631K [0x0000000080000000, 0x0000000100000000)
  region size 1024K, 3 young (3072K), 3 survivors (3072K)
 Metaspace       used 114059K, capacity 116946K, committed 117192K, reserved 1150976K
  class space    used 14480K, capacity 15576K, committed 15692K, reserved 1048576K
}
Event: 195.702 GC heap before
{Heap before GC invocations=94 (full 0):
 garbage-first heap   total 177152K, used 140063K [0x0000000080000000, 0x0000000100000000)
  region size 1024K, 21 young (21504K), 3 survivors (3072K)
 Metaspace       used 115173K, capacity 118150K, committed 118344K, reserved 1153024K
  class space    used 14603K, capacity 15718K, committed 15820K, reserved 1048576K
}
Event: 195.718 GC heap after
{Heap after GC invocations=95 (full 0):
 garbage-first heap   total 177152K, used 120977K [0x0000000080000000, 0x0000000100000000)
  region size 1024K, 1 young (1024K), 1 survivors (1024K)
 Metaspace       used 115173K, capacity 118150K, committed 118344K, reserved 1153024K
  class space    used 14603K, capacity 15718K, committed 15820K, reserved 1048576K
}
Event: 197.813 GC heap before
{Heap before GC invocations=95 (full 0):
 garbage-first heap   total 177152K, used 141457K [0x0000000080000000, 0x0000000100000000)
  region size 1024K, 21 young (21504K), 1 survivors (1024K)
 Metaspace       used 116538K, capacity 119664K, committed 119752K, reserved 1153024K
  class space    used 14763K, capacity 15942K, committed 15948K, reserved 1048576K
}
Event: 197.835 GC heap after
{Heap after GC invocations=96 (full 0):
 garbage-first heap   total 177152K, used 124331K [0x0000000080000000, 0x0000000100000000)
  region size 1024K, 3 young (3072K), 3 survivors (3072K)
 Metaspace       used 116538K, capacity 119664K, committed 119752K, reserved 1153024K
  class space    used 14763K, capacity 15942K, committed 15948K, reserved 1048576K
}

Deoptimization events (20 events):
Event: 198.907 Thread 0x000002e07304b800 Uncommon trap: trap_request=0xffffff4d fr.pc=0x000002e06096f0c4 relative=0x0000000000000664
Event: 198.907 Thread 0x000002e07304b800 Uncommon trap: reason=unstable_if action=reinterpret pc=0x000002e06096f0c4 method=java.util.zip.InflaterInputStream.close()V @ 11 c2
Event: 198.907 Thread 0x000002e07304b800 DEOPT PACKING pc=0x000002e06096f0c4 sp=0x000000e8af8fe020
Event: 198.907 Thread 0x000002e07304b800 DEOPT UNPACKING pc=0x000002e05857a1af sp=0x000000e8af8fe020 mode 2
Event: 199.735 Thread 0x000002e0712cf800 Uncommon trap: trap_request=0xffffff4d fr.pc=0x000002e06094cdf0 relative=0x00000000000000d0
Event: 199.735 Thread 0x000002e0712cf800 Uncommon trap: reason=unstable_if action=reinterpret pc=0x000002e06094cdf0 method=com.android.tools.r8.internal.rs$e.b()Z @ 4 c2
Event: 199.735 Thread 0x000002e0712cf800 DEOPT PACKING pc=0x000002e06094cdf0 sp=0x000000e8af2fdb70
Event: 199.735 Thread 0x000002e0712cf800 DEOPT UNPACKING pc=0x000002e05857a1af sp=0x000000e8af2fdaa8 mode 2
Event: 199.750 Thread 0x000002e0712cf800 Uncommon trap: trap_request=0xffffff4d fr.pc=0x000002e060316a5c relative=0x00000000000000bc
Event: 199.750 Thread 0x000002e0712cf800 Uncommon trap: reason=unstable_if action=reinterpret pc=0x000002e060316a5c method=jdk.internal.misc.Unsafe.convEndian(ZS)S @ 4 c2
Event: 199.750 Thread 0x000002e0712cf800 DEOPT PACKING pc=0x000002e060316a5c sp=0x000000e8af2fd9a0
Event: 199.751 Thread 0x000002e0712cf800 DEOPT UNPACKING pc=0x000002e05857a1af sp=0x000000e8af2fd860 mode 2
Event: 200.009 Thread 0x000002e07304a000 Uncommon trap: trap_request=0xffffff4d fr.pc=0x000002e060ab2fc4 relative=0x0000000000001064
Event: 200.009 Thread 0x000002e07304a000 Uncommon trap: reason=unstable_if action=reinterpret pc=0x000002e060ab2fc4 method=com.android.tools.r8.dex.j.m()V @ 22 c2
Event: 200.009 Thread 0x000002e07304a000 DEOPT PACKING pc=0x000002e060ab2fc4 sp=0x000000e8af9fd750
Event: 200.009 Thread 0x000002e07304a000 DEOPT UNPACKING pc=0x000002e05857a1af sp=0x000000e8af9fd708 mode 2
Event: 200.012 Thread 0x000002e07304a000 Uncommon trap: trap_request=0xffffff4d fr.pc=0x000002e06070bb84 relative=0x00000000000005c4
Event: 200.012 Thread 0x000002e07304a000 Uncommon trap: reason=unstable_if action=reinterpret pc=0x000002e06070bb84 method=java.lang.Long.parseLong(Ljava/lang/String;I)J @ 120 c2
Event: 200.012 Thread 0x000002e07304a000 DEOPT PACKING pc=0x000002e06070bb84 sp=0x000000e8af9fd550
Event: 200.012 Thread 0x000002e07304a000 DEOPT UNPACKING pc=0x000002e05857a1af sp=0x000000e8af9fd4a0 mode 2

Classes redefined (0 events):
No events

Internal exceptions (20 events):
Event: 191.037 Thread 0x000002e0712cf800 Exception <a 'java/lang/NoSuchMethodError'{0x000000008aa6b638}: 'java.lang.Object java.lang.invoke.Invokers$Holder.linkToTargetMethod(java.lang.Object, java.lang.Object, java.lang.Object, java.lang.Object, java.lang.Object, java.lang.Object, java.lang.Object, java.lang.Object, java.lang.Object, java.lang.Object)'> (0x000000008aa6b638) thrown at [./src/hotspot/share/interpreter/linkResolver.cpp, line 773]
Event: 191.082 Thread 0x000002e0712cf800 Exception <a 'java/lang/IncompatibleClassChangeError'{0x000000008a90c160}: Found class java.lang.Object, but interface was expected> (0x000000008a90c160) thrown at [./src/hotspot/share/interpreter/linkResolver.cpp, line 839]
Event: 195.335 Thread 0x000002e0712cf800 Exception <a 'java/lang/NoSuchMethodError'{0x0000000089d0dce8}: 'java.lang.Object java.lang.invoke.Invokers$Holder.linkToTargetMethod(java.lang.Object, int, java.lang.Object, java.lang.Object, java.lang.Object, java.lang.Object)'> (0x0000000089d0dce8) thrown at [./src/hotspot/share/interpreter/linkResolver.cpp, line 773]
Event: 195.545 Thread 0x000002e0712cf800 Exception <a 'java/lang/NoSuchMethodError'{0x0000000089d214e0}: 'java.lang.Object java.lang.invoke.Invokers$Holder.linkToTargetMethod(java.lang.Object, java.lang.Object, java.lang.Object, int, java.lang.Object, java.lang.Object, java.lang.Object)'> (0x0000000089d214e0) thrown at [./src/hotspot/share/interpreter/linkResolver.cpp, line 773]
Event: 195.791 Thread 0x000002e0712cf800 Exception <a 'java/lang/NoSuchMethodError'{0x000000008abdaba0}: 'void java.lang.invoke.DirectMethodHandle$Holder.invokeStatic(java.lang.Object, java.lang.Object, java.lang.Object, java.lang.Object, java.lang.Object, java.lang.Object, java.lang.Object, java.lang.Object)'> (0x000000008abdaba0) thrown at [./src/hotspot/share/interpreter/linkResolver.cpp, line 773]
Event: 196.362 Thread 0x000002e0712cf800 Exception <a 'java/lang/IncompatibleClassChangeError'{0x000000008a222c98}: Found class java.lang.Object, but interface was expected> (0x000000008a222c98) thrown at [./src/hotspot/share/interpreter/linkResolver.cpp, line 839]
Event: 196.640 Thread 0x000002e0712cf800 Exception <a 'java/lang/NoSuchMethodError'{0x0000000089f5a2f8}: 'void java.lang.invoke.DirectMethodHandle$Holder.invokeSpecial(java.lang.Object, java.lang.Object, int)'> (0x0000000089f5a2f8) thrown at [./src/hotspot/share/interpreter/linkResolver.cpp, line 773]
Event: 196.751 Thread 0x000002e0712cf800 Exception <a 'sun/nio/fs/WindowsException'{0x0000000089e46fc0}> (0x0000000089e46fc0) thrown at [./src/hotspot/share/prims/jni.cpp, line 615]
Event: 197.013 Thread 0x000002e0712cf800 Exception <a 'sun/nio/fs/WindowsException'{0x0000000089d14bf8}> (0x0000000089d14bf8) thrown at [./src/hotspot/share/prims/jni.cpp, line 615]
Event: 197.634 Thread 0x000002e0712cf800 Exception <a 'sun/nio/fs/WindowsException'{0x0000000089847438}> (0x0000000089847438) thrown at [./src/hotspot/share/prims/jni.cpp, line 615]
Event: 197.922 Thread 0x000002e0712cf800 Exception <a 'sun/nio/fs/WindowsException'{0x000000008ac4fe50}> (0x000000008ac4fe50) thrown at [./src/hotspot/share/prims/jni.cpp, line 615]
Event: 198.046 Thread 0x000002e0712cf800 Exception <a 'sun/nio/fs/WindowsException'{0x000000008ac66958}> (0x000000008ac66958) thrown at [./src/hotspot/share/prims/jni.cpp, line 615]
Event: 198.108 Thread 0x000002e0712cf800 Exception <a 'sun/nio/fs/WindowsException'{0x000000008aceff40}> (0x000000008aceff40) thrown at [./src/hotspot/share/prims/jni.cpp, line 615]
Event: 198.118 Thread 0x000002e0712cf800 Exception <a 'sun/nio/fs/WindowsException'{0x000000008acf98b0}> (0x000000008acf98b0) thrown at [./src/hotspot/share/prims/jni.cpp, line 615]
Event: 198.141 Thread 0x000002e0712cf800 Exception <a 'sun/nio/fs/WindowsException'{0x000000008abca4f8}> (0x000000008abca4f8) thrown at [./src/hotspot/share/prims/jni.cpp, line 615]
Event: 198.183 Thread 0x000002e0712cf800 Exception <a 'sun/nio/fs/WindowsException'{0x000000008abd29a0}> (0x000000008abd29a0) thrown at [./src/hotspot/share/prims/jni.cpp, line 615]
Event: 198.200 Thread 0x000002e0712cf800 Exception <a 'sun/nio/fs/WindowsException'{0x000000008abd99a8}> (0x000000008abd99a8) thrown at [./src/hotspot/share/prims/jni.cpp, line 615]
Event: 198.731 Thread 0x000002e06eebd000 Exception <a 'java/lang/NoSuchMethodError'{0x000000008a864608}: <clinit>> (0x000000008a864608) thrown at [./src/hotspot/share/prims/jni.cpp, line 1365]
Event: 199.244 Thread 0x000002e0712cf800 Exception <a 'sun/nio/fs/WindowsException'{0x000000008a587d80}> (0x000000008a587d80) thrown at [./src/hotspot/share/prims/jni.cpp, line 615]
Event: 199.916 Thread 0x000002e07304a000 Exception <a 'sun/nio/fs/WindowsException'{0x000000008a2ac920}> (0x000000008a2ac920) thrown at [./src/hotspot/share/prims/jni.cpp, line 615]

Events (20 events):
Event: 200.039 loading class com/android/tools/r8/graph/X2
Event: 200.039 loading class com/android/tools/r8/graph/X2 done
Event: 200.039 loading class com/android/tools/r8/graph/X2
Event: 200.039 loading class com/android/tools/r8/graph/X2 done
Event: 200.040 loading class com/android/tools/r8/graph/e0
Event: 200.040 loading class com/android/tools/r8/graph/e0 done
Event: 200.040 loading class com/android/tools/r8/graph/e0
Event: 200.040 loading class com/android/tools/r8/graph/e0 done
Event: 200.040 loading class com/android/tools/r8/dex/j
Event: 200.040 loading class com/android/tools/r8/dex/j done
Event: 200.040 loading class com/android/tools/r8/code/y1
Event: 200.040 loading class com/android/tools/r8/code/y1 done
Event: 200.173 loading class com/android/tools/r8/internal/V5
Event: 200.173 loading class com/android/tools/r8/internal/V5 done
Event: 200.174 loading class com/android/tools/r8/code/L
Event: 200.174 loading class com/android/tools/r8/code/L done
Event: 200.175 loading class com/android/tools/r8/code/M
Event: 200.175 loading class com/android/tools/r8/code/M done
Event: 200.395 loading class com/android/tools/r8/code/O
Event: 200.395 loading class com/android/tools/r8/code/O done


Dynamic libraries:
0x00007ff67cc10000 - 0x00007ff67cc1a000 	C:\Program Files\Android\Android Studio\jre\bin\java.exe
0x00007ff9d79d0000 - 0x00007ff9d7bc5000 	C:\Windows\SYSTEM32\ntdll.dll
0x00007ff9d7250000 - 0x00007ff9d730d000 	C:\Windows\System32\KERNEL32.DLL
0x00007ff9d5170000 - 0x00007ff9d543d000 	C:\Windows\System32\KERNELBASE.dll
0x00007ff9d5600000 - 0x00007ff9d5700000 	C:\Windows\System32\ucrtbase.dll
0x00007ff9ac660000 - 0x00007ff9ac679000 	C:\Program Files\Android\Android Studio\jre\bin\jli.dll
0x00007ff9d7310000 - 0x00007ff9d74b0000 	C:\Windows\System32\USER32.dll
0x00007ff9d5440000 - 0x00007ff9d5462000 	C:\Windows\System32\win32u.dll
0x00007ff9d6260000 - 0x00007ff9d628a000 	C:\Windows\System32\GDI32.dll
0x00007ff9d54f0000 - 0x00007ff9d55fb000 	C:\Windows\System32\gdi32full.dll
0x00007ff9d5700000 - 0x00007ff9d579d000 	C:\Windows\System32\msvcp_win.dll
0x00007ff9aa4e0000 - 0x00007ff9aa4f7000 	C:\Program Files\Android\Android Studio\jre\bin\VCRUNTIME140.dll
0x00007ff9beeb0000 - 0x00007ff9bf14a000 	C:\Windows\WinSxS\amd64_microsoft.windows.common-controls_6595b64144ccf1df_6.0.19041.1110_none_60b5254171f9507e\COMCTL32.dll
0x00007ff9d60c0000 - 0x00007ff9d615e000 	C:\Windows\System32\msvcrt.dll
0x00007ff9d71c0000 - 0x00007ff9d71f0000 	C:\Windows\System32\IMM32.DLL
0x00007ff9a1d20000 - 0x00007ff9a1dbd000 	C:\Program Files\Android\Android Studio\jre\bin\msvcp140.dll
0x00007ff96dde0000 - 0x00007ff96e8c5000 	C:\Program Files\Android\Android Studio\jre\bin\server\jvm.dll
0x00007ff9d74b0000 - 0x00007ff9d755e000 	C:\Windows\System32\ADVAPI32.dll
0x00007ff9d7560000 - 0x00007ff9d75fc000 	C:\Windows\System32\sechost.dll
0x00007ff9d6a60000 - 0x00007ff9d6b85000 	C:\Windows\System32\RPCRT4.dll
0x00007ff9d61d0000 - 0x00007ff9d61d8000 	C:\Windows\System32\PSAPI.DLL
0x00007ff9c7640000 - 0x00007ff9c7649000 	C:\Windows\SYSTEM32\WSOCK32.dll
0x00007ff9d62a0000 - 0x00007ff9d630b000 	C:\Windows\System32\WS2_32.dll
0x00007ff9cbe90000 - 0x00007ff9cbeb7000 	C:\Windows\SYSTEM32\WINMM.dll
0x00007ff9cbe80000 - 0x00007ff9cbe8a000 	C:\Windows\SYSTEM32\VERSION.dll
0x00007ff9d3000000 - 0x00007ff9d3012000 	C:\Windows\SYSTEM32\kernel.appcore.dll
0x00007ff9c6ec0000 - 0x00007ff9c6ed1000 	C:\Program Files\Android\Android Studio\jre\bin\verify.dll
0x00007ff9c48c0000 - 0x00007ff9c4aa4000 	C:\Windows\SYSTEM32\DBGHELP.DLL
0x00007ff9c4860000 - 0x00007ff9c488c000 	C:\Windows\SYSTEM32\dbgcore.DLL
0x00007ff9d50e0000 - 0x00007ff9d5162000 	C:\Windows\System32\bcryptPrimitives.dll
0x00007ff9af770000 - 0x00007ff9af799000 	C:\Program Files\Android\Android Studio\jre\bin\java.dll
0x00007ff9c6fe0000 - 0x00007ff9c6feb000 	C:\Program Files\Android\Android Studio\jre\bin\jimage.dll
0x00007ff9c6e40000 - 0x00007ff9c6e58000 	C:\Program Files\Android\Android Studio\jre\bin\zip.dll
0x00007ff9d6310000 - 0x00007ff9d6a54000 	C:\Windows\System32\SHELL32.dll
0x00007ff9d3200000 - 0x00007ff9d3994000 	C:\Windows\SYSTEM32\windows.storage.dll
0x00007ff9d6e60000 - 0x00007ff9d71b4000 	C:\Windows\System32\combase.dll
0x00007ff9d4ad0000 - 0x00007ff9d4afc000 	C:\Windows\SYSTEM32\Wldp.dll
0x00007ff9d7600000 - 0x00007ff9d76ad000 	C:\Windows\System32\SHCORE.dll
0x00007ff9d61e0000 - 0x00007ff9d6235000 	C:\Windows\System32\shlwapi.dll
0x00007ff9d5020000 - 0x00007ff9d503f000 	C:\Windows\SYSTEM32\profapi.dll
0x00007ff9af260000 - 0x00007ff9af27a000 	C:\Program Files\Android\Android Studio\jre\bin\net.dll
0x00007ff9c8d90000 - 0x00007ff9c8e9a000 	C:\Windows\SYSTEM32\WINHTTP.dll
0x00007ff9d4830000 - 0x00007ff9d489a000 	C:\Windows\system32\mswsock.dll
0x00007ff9aedd0000 - 0x00007ff9aede4000 	C:\Program Files\Android\Android Studio\jre\bin\nio.dll
0x00007ff9a7b50000 - 0x00007ff9a7b77000 	C:\Users\imano\.gradle\native\e1d6ef7f7dcc3fd88c89a11ec53ec762bb8ba0a96d01ffa2cd45eb1d1d8dd5c5\windows-amd64\native-platform.dll
0x00007ff979660000 - 0x00007ff9797a4000 	C:\Users\imano\.gradle\native\5664cfc778a61ccfe75a443a1ab52a65af34e5dc3c78e0209fed803814484fcb\windows-amd64\native-platform-file-events.dll
0x00007ff9c6f30000 - 0x00007ff9c6f3a000 	C:\Program Files\Android\Android Studio\jre\bin\management.dll
0x00007ff9c6df0000 - 0x00007ff9c6dfd000 	C:\Program Files\Android\Android Studio\jre\bin\management_ext.dll
0x00007ff9d4a20000 - 0x00007ff9d4a38000 	C:\Windows\SYSTEM32\CRYPTSP.dll
0x00007ff9d4150000 - 0x00007ff9d4184000 	C:\Windows\system32\rsaenh.dll
0x00007ff9d5470000 - 0x00007ff9d5497000 	C:\Windows\System32\bcrypt.dll
0x00007ff9d4fa0000 - 0x00007ff9d4fce000 	C:\Windows\SYSTEM32\USERENV.dll
0x00007ff9d4a40000 - 0x00007ff9d4a4c000 	C:\Windows\SYSTEM32\CRYPTBASE.dll
0x00007ff9d44c0000 - 0x00007ff9d44fb000 	C:\Windows\SYSTEM32\IPHLPAPI.DLL
0x00007ff9d6290000 - 0x00007ff9d6298000 	C:\Windows\System32\NSI.dll
0x00007ff9ca170000 - 0x00007ff9ca187000 	C:\Windows\SYSTEM32\dhcpcsvc6.DLL
0x00007ff9ca150000 - 0x00007ff9ca16d000 	C:\Windows\SYSTEM32\dhcpcsvc.DLL
0x00007ff9d45c0000 - 0x00007ff9d468b000 	C:\Windows\SYSTEM32\DNSAPI.dll

dbghelp: loaded successfully - version: 4.0.5 - missing functions: none
symbol engine: initialized successfully - sym options: 0x614 - pdb path: .;C:\Program Files\Android\Android Studio\jre\bin;C:\Windows\SYSTEM32;C:\Windows\WinSxS\amd64_microsoft.windows.common-controls_6595b64144ccf1df_6.0.19041.1110_none_60b5254171f9507e;C:\Program Files\Android\Android Studio\jre\bin\server;C:\Users\imano\.gradle\native\e1d6ef7f7dcc3fd88c89a11ec53ec762bb8ba0a96d01ffa2cd45eb1d1d8dd5c5\windows-amd64;C:\Users\imano\.gradle\native\5664cfc778a61ccfe75a443a1ab52a65af34e5dc3c78e0209fed803814484fcb\windows-amd64

VM Arguments:
jvm_args: --add-opens=java.base/java.util=ALL-UNNAMED --add-opens=java.base/java.lang=ALL-UNNAMED --add-opens=java.base/java.lang.invoke=ALL-UNNAMED --add-opens=java.base/java.util=ALL-UNNAMED --add-opens=java.prefs/java.util.prefs=ALL-UNNAMED --add-opens=java.prefs/java.util.prefs=ALL-UNNAMED --add-opens=java.base/java.nio.charset=ALL-UNNAMED --add-opens=java.base/java.net=ALL-UNNAMED --add-opens=java.base/java.util.concurrent.atomic=ALL-UNNAMED -Xmx2048m -Dfile.encoding=UTF-8 -Duser.country=MX -Duser.language=es -Duser.variant 
java_command: org.gradle.launcher.daemon.bootstrap.GradleDaemon 7.3.3
java_class_path (initial): C:\Users\imano\.gradle\wrapper\dists\gradle-7.3.3-bin\6a41zxkdtcxs8rphpq6y0069z\gradle-7.3.3\lib\gradle-launcher-7.3.3.jar
Launcher Type: SUN_STANDARD

[Global flags]
     intx CICompilerCount                          = 2                                         {product} {ergonomic}
     uint ConcGCThreads                            = 1                                         {product} {ergonomic}
     uint G1ConcRefinementThreads                  = 2                                         {product} {ergonomic}
   size_t G1HeapRegionSize                         = 1048576                                   {product} {ergonomic}
    uintx GCDrainStackTargetSize                   = 64                                        {product} {ergonomic}
   size_t InitialHeapSize                          = 125829120                                 {product} {ergonomic}
   size_t MarkStackSize                            = 4194304                                   {product} {ergonomic}
   size_t MaxHeapSize                              = 2147483648                                {product} {command line}
   size_t MaxNewSize                               = 1287651328                                {product} {ergonomic}
   size_t MinHeapDeltaBytes                        = 1048576                                   {product} {ergonomic}
    uintx NonNMethodCodeHeapSize                   = 5825164                                {pd product} {ergonomic}
    uintx NonProfiledCodeHeapSize                  = 122916538                              {pd product} {ergonomic}
    uintx ProfiledCodeHeapSize                     = 122916538                              {pd product} {ergonomic}
    uintx ReservedCodeCacheSize                    = 251658240                              {pd product} {ergonomic}
     bool SegmentedCodeCache                       = true                                      {product} {ergonomic}
     bool UseCompressedClassPointers               = true                                 {lp64_product} {ergonomic}
     bool UseCompressedOops                        = true                                 {lp64_product} {ergonomic}
     bool UseG1GC                                  = true                                      {product} {ergonomic}
     bool UseLargePagesIndividualAllocation        = false                                  {pd product} {ergonomic}

Logging:
Log output configuration:
 #0: stdout all=warning uptime,level,tags
 #1: stderr all=off uptime,level,tags

Environment Variables:
PATH=C:\Program Files (x86)\VMware\VMware Workstation\bin\;C:\Program Files\Common Files\Oracle\Java\javapath;C:\Windows\system32;C:\Windows;C:\Windows\System32\Wbem;C:\Windows\System32\WindowsPowerShell\v1.0\;C:\Windows\System32\OpenSSH\;C:\Program Files\nodejs\;C:\Program Files\Git\cmd;C:\Program Files (x86)\dotnet\;C:\Users\imano\AppData\Local\Programs\Python\Python39\Scripts\;C:\Users\imano\AppData\Local\Programs\Python\Python39\;C:\Users\imano\AppData\Local\Microsoft\WindowsApps;C:\Python39\;C:\Python39\Scripts;;C:\Program Files\JetBrains\PyCharm 2021.2\bin;;C:\Program Files\heroku\bin;C:\Users\imano\AppData\Local\Programs\Microsoft VS Code\bin;C:\Users\imano\AppData\Roaming\npm
USERNAME=imano
OS=Windows_NT
PROCESSOR_IDENTIFIER=AMD64 Family 21 Model 112 Stepping 0, AuthenticAMD



---------------  S Y S T E M  ---------------

OS: Windows 10 , 64 bit Build 19041 (10.0.19041.1706)
OS uptime: 3 days 5:17 hours

CPU:total 2 (initial active 2) (2 cores per cpu, 1 threads per core) family 21 model 112 stepping 0 microcode 0x0, cmov, cx8, fxsr, mmx, sse, sse2, sse3, ssse3, sse4.1, sse4.2, popcnt, avx, avx2, aes, clmul, mmxext, 3dnowpref, lzcnt, sse4a, tsc, tscinvbit, tscinv, bmi1, bmi2, fma

Memory: 4k page, system-wide physical 7639M (140M free)
TotalPageFile size 11339M (AvailPageFile size 6M)
current process WorkingSet (physical memory assigned to process): 404M, peak: 413M
current process commit charge ("private bytes"): 496M, peak: 497M

vm_info: OpenJDK 64-Bit Server VM (11.0.12+7-b1504.28-7817840) for windows-amd64 JRE (11.0.12+7-b1504.28-7817840), built on Oct 13 2021 22:12:33 by "builder" with MS VC++ 14.0 (VS2015)

END.
