#
# There is insufficient memory for the Java Runtime Environment to continue.
# Native memory allocation (malloc) failed to allocate 1565936 bytes for Chunk::new
# Possible reasons:
#   The system is out of physical RAM or swap space
#   The process is running with CompressedOops enabled, and the Java Heap may be blocking the growth of the native heap
# Possible solutions:
#   Reduce memory load on the system
#   Increase physical memory or swap space
#   Check if swap backing store is full
#   Decrease Java heap size (-Xmx/-Xms)
#   Decrease number of Java threads
#   Decrease Java thread stack sizes (-Xss)
#   Set larger code cache with -XX:ReservedCodeCacheSize=
#   JVM is running with Unscaled Compressed Oops mode in which the Java heap is
#     placed in the first 4GB address space. The Java Heap base address is the
#     maximum limit for the native heap growth. Please use -XX:HeapBaseMinAddress
#     to set the Java Heap base and to place the Java Heap above 4GB virtual address.
# This output file may be truncated or incomplete.
#
#  Out of Memory Error (./src/hotspot/share/memory/arena.cpp:197), pid=18224, tid=15140
#
# JRE version: OpenJDK Runtime Environment (11.0.12+7) (build 11.0.12+7-b1504.28-7817840)
# Java VM: OpenJDK 64-Bit Server VM (11.0.12+7-b1504.28-7817840, mixed mode, tiered, compressed oops, g1 gc, windows-amd64)
# No core dump will be written. Minidumps are not enabled by default on client versions of Windows
#

---------------  S U M M A R Y ------------

Command Line: --add-opens=java.base/java.util=ALL-UNNAMED --add-opens=java.base/java.lang=ALL-UNNAMED --add-opens=java.base/java.lang.invoke=ALL-UNNAMED --add-opens=java.base/java.util=ALL-UNNAMED --add-opens=java.prefs/java.util.prefs=ALL-UNNAMED --add-opens=java.prefs/java.util.prefs=ALL-UNNAMED --add-opens=java.base/java.nio.charset=ALL-UNNAMED --add-opens=java.base/java.net=ALL-UNNAMED --add-opens=java.base/java.util.concurrent.atomic=ALL-UNNAMED -Xmx2048m -Dfile.encoding=UTF-8 -Duser.country=MX -Duser.language=es -Duser.variant org.gradle.launcher.daemon.bootstrap.GradleDaemon 7.3.3

Host: AMD A9-9410 RADEON R5, 5 COMPUTE CORES 2C+3G   , 2 cores, 7G,  Windows 10 , 64 bit Build 19041 (10.0.19041.1706)
Time: Tue Jun  7 21:36:26 2022 Hora de verano central (México) elapsed time: 79.175641 seconds (0d 0h 1m 19s)

---------------  T H R E A D  ---------------

Current thread (0x000002efe13a2800):  JavaThread "C2 CompilerThread0" daemon [_thread_in_native, id=15140, stack(0x000000f17df00000,0x000000f17e000000)]


Current CompileTask:
C2:  79175 7295       4       org.gradle.internal.instantiation.generator.AbstractClassGenerator::inspectType (560 bytes)

Stack: [0x000000f17df00000,0x000000f17e000000]
Native frames: (J=compiled Java code, j=interpreted, Vv=VM code, C=native code)
V  [jvm.dll+0x5fbcea]
V  [jvm.dll+0x731905]
V  [jvm.dll+0x732f1d]
V  [jvm.dll+0x7335d3]
V  [jvm.dll+0x247bf8]
V  [jvm.dll+0xc018c]
V  [jvm.dll+0xc06cc]
V  [jvm.dll+0x35b31d]
V  [jvm.dll+0x19cebc]
V  [jvm.dll+0x20070e]
V  [jvm.dll+0x1ff794]
V  [jvm.dll+0x18868c]
V  [jvm.dll+0x20e0d7]
V  [jvm.dll+0x20c901]
V  [jvm.dll+0x6f9b7f]
V  [jvm.dll+0x6f26a5]
V  [jvm.dll+0x5fabf6]
C  [ucrtbase.dll+0x21bb2]
C  [KERNEL32.DLL+0x17034]
C  [ntdll.dll+0x52651]


---------------  P R O C E S S  ---------------

Threads class SMR info:
_java_thread_list=0x000002efe6d888a0, length=55, elements={
0x000002efc5abc000, 0x000002efe1383000, 0x000002efe1384000, 0x000002efe1c33800,
0x000002efe139d000, 0x000002efe139f000, 0x000002efe13a2800, 0x000002efe13a5800,
0x000002efe13ec800, 0x000002efe1d4a800, 0x000002efe3cee000, 0x000002efe271b800,
0x000002efe2c8d800, 0x000002efe1eb5000, 0x000002efe1ebf000, 0x000002efe2bce000,
0x000002efe3676800, 0x000002efe1eb2000, 0x000002efe32ea000, 0x000002efe32eb000,
0x000002efe32e9000, 0x000002efe32ec800, 0x000002efe32eb800, 0x000002efe32e8800,
0x000002efe32ed800, 0x000002efe32e7800, 0x000002efe32ee000, 0x000002efe4014800,
0x000002efe4016000, 0x000002efe4013800, 0x000002efe4017000, 0x000002efe4012800,
0x000002efe4017800, 0x000002efe4012000, 0x000002efe401d800, 0x000002efe401b800,
0x000002efe401e000, 0x000002efe401c800, 0x000002efe401a000, 0x000002efe4018800,
0x000002efe401b000, 0x000002efe401f000, 0x000002efe4019000, 0x000002efe401f800,
0x000002efe60c3800, 0x000002efe60be800, 0x000002efe60c4800, 0x000002efe60c2000,
0x000002efe60bf800, 0x000002efe60c5000, 0x000002efe60c6000, 0x000002efe60c0000,
0x000002efe60c6800, 0x000002efe60c1000, 0x000002efe60c7800
}

Java Threads: ( => current thread )
  0x000002efc5abc000 JavaThread "main" [_thread_blocked, id=1740, stack(0x000000f17d300000,0x000000f17d400000)]
  0x000002efe1383000 JavaThread "Reference Handler" daemon [_thread_blocked, id=4436, stack(0x000000f17da00000,0x000000f17db00000)]
  0x000002efe1384000 JavaThread "Finalizer" daemon [_thread_blocked, id=4544, stack(0x000000f17db00000,0x000000f17dc00000)]
  0x000002efe1c33800 JavaThread "Signal Dispatcher" daemon [_thread_blocked, id=6412, stack(0x000000f17dc00000,0x000000f17dd00000)]
  0x000002efe139d000 JavaThread "Attach Listener" daemon [_thread_blocked, id=17600, stack(0x000000f17dd00000,0x000000f17de00000)]
  0x000002efe139f000 JavaThread "Service Thread" daemon [_thread_blocked, id=9912, stack(0x000000f17de00000,0x000000f17df00000)]
=>0x000002efe13a2800 JavaThread "C2 CompilerThread0" daemon [_thread_in_native, id=15140, stack(0x000000f17df00000,0x000000f17e000000)]
  0x000002efe13a5800 JavaThread "C1 CompilerThread0" daemon [_thread_blocked, id=16636, stack(0x000000f17e000000,0x000000f17e100000)]
  0x000002efe13ec800 JavaThread "Sweeper thread" daemon [_thread_blocked, id=15376, stack(0x000000f17e100000,0x000000f17e200000)]
  0x000002efe1d4a800 JavaThread "Common-Cleaner" daemon [_thread_blocked, id=11980, stack(0x000000f17e200000,0x000000f17e300000)]
  0x000002efe3cee000 JavaThread "Daemon health stats" [_thread_blocked, id=17148, stack(0x000000f17e500000,0x000000f17e600000)]
  0x000002efe271b800 JavaThread "Incoming local TCP Connector on port 50210" [_thread_in_native, id=9152, stack(0x000000f17e700000,0x000000f17e800000)]
  0x000002efe2c8d800 JavaThread "Daemon periodic checks" [_thread_blocked, id=12884, stack(0x000000f17e800000,0x000000f17e900000)]
  0x000002efe1eb5000 JavaThread "Daemon" [_thread_blocked, id=15156, stack(0x000000f17e900000,0x000000f17ea00000)]
  0x000002efe1ebf000 JavaThread "Handler for socket connection from /127.0.0.1:50210 to /127.0.0.1:50211" [_thread_in_native, id=16076, stack(0x000000f17ea00000,0x000000f17eb00000)]
  0x000002efe2bce000 JavaThread "Cancel handler" [_thread_blocked, id=6204, stack(0x000000f17eb00000,0x000000f17ec00000)]
  0x000002efe3676800 JavaThread "Daemon worker" [_thread_in_vm, id=18288, stack(0x000000f17ec00000,0x000000f17ed00000)]
  0x000002efe1eb2000 JavaThread "Asynchronous log dispatcher for DefaultDaemonConnection: socket connection from /127.0.0.1:50210 to /127.0.0.1:50211" [_thread_blocked, id=1132, stack(0x000000f17ed00000,0x000000f17ee00000)]
  0x000002efe32ea000 JavaThread "Daemon client event forwarder" [_thread_blocked, id=14196, stack(0x000000f17ef00000,0x000000f17f000000)]
  0x000002efe32eb000 JavaThread "Cache worker for journal cache (C:\Users\imano\.gradle\caches\journal-1)" [_thread_blocked, id=2784, stack(0x000000f17f000000,0x000000f17f100000)]
  0x000002efe32e9000 JavaThread "File lock request listener" [_thread_in_native, id=15560, stack(0x000000f17f100000,0x000000f17f200000)]
  0x000002efe32ec800 JavaThread "Cache worker for file hash cache (C:\Users\imano\.gradle\caches\7.3.3\fileHashes)" [_thread_blocked, id=11728, stack(0x000000f17f200000,0x000000f17f300000)]
  0x000002efe32eb800 JavaThread "Cache worker for file hash cache (C:\Users\imano\Desktop\ZZZTemporal\Wilis\App Proyecto\Prueba1\.gradle\7.3.3\fileHashes)" [_thread_blocked, id=1756, stack(0x000000f17f300000,0x000000f17f400000)]
  0x000002efe32e8800 JavaThread "File watcher server" daemon [_thread_in_native, id=6748, stack(0x000000f17f400000,0x000000f17f500000)]
  0x000002efe32ed800 JavaThread "File watcher consumer" daemon [_thread_blocked, id=15416, stack(0x000000f17f500000,0x000000f17f600000)]
  0x000002efe32e7800 JavaThread "Cache worker for checksums cache (C:\Users\imano\Desktop\ZZZTemporal\Wilis\App Proyecto\Prueba1\.gradle\7.3.3\checksums)" [_thread_blocked, id=11776, stack(0x000000f17f600000,0x000000f17f700000)]
  0x000002efe32ee000 JavaThread "Cache worker for cache directory md-supplier (C:\Users\imano\.gradle\caches\7.3.3\md-supplier)" [_thread_blocked, id=13728, stack(0x000000f17f700000,0x000000f17f800000)]
  0x000002efe4014800 JavaThread "Cache worker for cache directory md-rule (C:\Users\imano\.gradle\caches\7.3.3\md-rule)" [_thread_blocked, id=10440, stack(0x000000f17f800000,0x000000f17f900000)]
  0x000002efe4016000 JavaThread "Cache worker for execution history cache (C:\Users\imano\.gradle\caches\7.3.3\executionHistory)" [_thread_blocked, id=16620, stack(0x000000f17f900000,0x000000f17fa00000)]
  0x000002efe4013800 JavaThread "jar transforms" [_thread_blocked, id=4908, stack(0x000000f17fa00000,0x000000f17fb00000)]
  0x000002efe4017000 JavaThread "Cache worker for file content cache (C:\Users\imano\.gradle\caches\7.3.3\fileContent)" [_thread_blocked, id=6088, stack(0x000000f17fb00000,0x000000f17fc00000)]
  0x000002efe4012800 JavaThread "jar transforms Thread 2" [_thread_blocked, id=9220, stack(0x000000f17fc00000,0x000000f17fd00000)]
  0x000002efe4017800 JavaThread "Cache worker for dependencies-accessors (C:\Users\imano\Desktop\ZZZTemporal\Wilis\App Proyecto\Prueba1\.gradle\7.3.3\dependencies-accessors)" [_thread_blocked, id=8332, stack(0x000000f17fd00000,0x000000f17fe00000)]
  0x000002efe4012000 JavaThread "Cache worker for Build Output Cleanup Cache (C:\Users\imano\Desktop\ZZZTemporal\Wilis\App Proyecto\Prueba1\.gradle\buildOutputCleanup)" [_thread_blocked, id=2744, stack(0x000000f17fe00000,0x000000f17ff00000)]
  0x000002efe401d800 JavaThread "Unconstrained build operations" [_thread_blocked, id=16376, stack(0x000000f100100000,0x000000f100200000)]
  0x000002efe401b800 JavaThread "Unconstrained build operations Thread 2" [_thread_blocked, id=16412, stack(0x000000f100200000,0x000000f100300000)]
  0x000002efe401e000 JavaThread "Unconstrained build operations Thread 3" [_thread_blocked, id=5364, stack(0x000000f100300000,0x000000f100400000)]
  0x000002efe401c800 JavaThread "Unconstrained build operations Thread 4" [_thread_blocked, id=4040, stack(0x000000f100400000,0x000000f100500000)]
  0x000002efe401a000 JavaThread "Unconstrained build operations Thread 5" [_thread_blocked, id=17688, stack(0x000000f100500000,0x000000f100600000)]
  0x000002efe4018800 JavaThread "Unconstrained build operations Thread 6" [_thread_blocked, id=7688, stack(0x000000f100600000,0x000000f100700000)]
  0x000002efe401b000 JavaThread "Unconstrained build operations Thread 7" [_thread_blocked, id=9640, stack(0x000000f100700000,0x000000f100800000)]
  0x000002efe401f000 JavaThread "Unconstrained build operations Thread 8" [_thread_blocked, id=16924, stack(0x000000f100800000,0x000000f100900000)]
  0x000002efe4019000 JavaThread "Unconstrained build operations Thread 9" [_thread_blocked, id=4920, stack(0x000000f100900000,0x000000f100a00000)]
  0x000002efe401f800 JavaThread "Unconstrained build operations Thread 10" [_thread_blocked, id=15848, stack(0x000000f100a00000,0x000000f100b00000)]
  0x000002efe60c3800 JavaThread "Unconstrained build operations Thread 11" [_thread_blocked, id=14232, stack(0x000000f100b00000,0x000000f100c00000)]
  0x000002efe60be800 JavaThread "Unconstrained build operations Thread 12" [_thread_blocked, id=17984, stack(0x000000f100c00000,0x000000f100d00000)]
  0x000002efe60c4800 JavaThread "Unconstrained build operations Thread 13" [_thread_blocked, id=16352, stack(0x000000f100d00000,0x000000f100e00000)]
  0x000002efe60c2000 JavaThread "Unconstrained build operations Thread 14" [_thread_blocked, id=17160, stack(0x000000f100e00000,0x000000f100f00000)]
  0x000002efe60bf800 JavaThread "Unconstrained build operations Thread 15" [_thread_blocked, id=9456, stack(0x000000f100f00000,0x000000f101000000)]
  0x000002efe60c5000 JavaThread "Unconstrained build operations Thread 16" [_thread_blocked, id=14096, stack(0x000000f101000000,0x000000f101100000)]
  0x000002efe60c6000 JavaThread "Unconstrained build operations Thread 17" [_thread_blocked, id=11992, stack(0x000000f101100000,0x000000f101200000)]
  0x000002efe60c0000 JavaThread "Unconstrained build operations Thread 18" [_thread_blocked, id=15752, stack(0x000000f101200000,0x000000f101300000)]
  0x000002efe60c6800 JavaThread "Unconstrained build operations Thread 19" [_thread_blocked, id=17264, stack(0x000000f101300000,0x000000f101400000)]
  0x000002efe60c1000 JavaThread "Unconstrained build operations Thread 20" [_thread_blocked, id=12936, stack(0x000000f101400000,0x000000f101500000)]
  0x000002efe60c7800 JavaThread "Memory manager" [_thread_blocked, id=16468, stack(0x000000f101500000,0x000000f101600000)]

Other Threads:
  0x000002efe137b800 VMThread "VM Thread" [stack: 0x000000f17d900000,0x000000f17da00000] [id=13624]
  0x000002efe1d7f800 WatcherThread [stack: 0x000000f17e300000,0x000000f17e400000] [id=10568]
  0x000002efc7af5800 GCTaskThread "GC Thread#0" [stack: 0x000000f17d400000,0x000000f17d500000] [id=11352]
  0x000002efe1ee2000 GCTaskThread "GC Thread#1" [stack: 0x000000f17e400000,0x000000f17e500000] [id=1728]
  0x000002efc7b25800 ConcurrentGCThread "G1 Main Marker" [stack: 0x000000f17d500000,0x000000f17d600000] [id=14148]
  0x000002efc7b27000 ConcurrentGCThread "G1 Conc#0" [stack: 0x000000f17d600000,0x000000f17d700000] [id=18084]
  0x000002efc7b9a000 ConcurrentGCThread "G1 Refine#0" [stack: 0x000000f17d700000,0x000000f17d800000] [id=16564]
  0x000002efe251f800 ConcurrentGCThread "G1 Refine#1" [stack: 0x000000f17e600000,0x000000f17e700000] [id=11312]
  0x000002efc7b9b000 ConcurrentGCThread "G1 Young RemSet Sampling" [stack: 0x000000f17d800000,0x000000f17d900000] [id=6688]

Threads with active compile tasks:
C2 CompilerThread0  79229 7295       4       org.gradle.internal.instantiation.generator.AbstractClassGenerator::inspectType (560 bytes)

VM state:not at safepoint (normal execution)

VM Mutex/Monitor currently owned by a thread:  ([mutex/lock_event])
[0x000002efc7add6f0] SymbolTable_lock - owner thread: 0x0000000000000000

Heap address: 0x0000000080000000, size: 2048 MB, Compressed Oops mode: 32-bit
Narrow klass base: 0x0000000000000000, Narrow klass shift: 3
Compressed class space size: 1073741824 Address: 0x0000000100000000

Heap:
 garbage-first heap   total 147456K, used 73149K [0x0000000080000000, 0x0000000100000000)
  region size 1024K, 20 young (20480K), 7 survivors (7168K)
 Metaspace       used 74138K, capacity 75777K, committed 76032K, reserved 1116160K
  class space    used 9598K, capacity 10250K, committed 10368K, reserved 1048576K
Heap Regions: E=young(eden), S=young(survivor), O=old, HS=humongous(starts), HC=humongous(continues), CS=collection set, F=free, A=archive, TAMS=top-at-mark-start (previous, next)
|   0|0x0000000080000000, 0x0000000080100000, 0x0000000080100000|100%| O|  |TAMS 0x0000000080100000, 0x0000000080000000| Untracked 
|   1|0x0000000080100000, 0x0000000080200000, 0x0000000080200000|100%| O|  |TAMS 0x0000000080200000, 0x0000000080100000| Untracked 
|   2|0x0000000080200000, 0x0000000080300000, 0x0000000080300000|100%| O|  |TAMS 0x0000000080300000, 0x0000000080200000| Untracked 
|   3|0x0000000080300000, 0x0000000080400000, 0x0000000080400000|100%| O|  |TAMS 0x0000000080400000, 0x0000000080300000| Untracked 
|   4|0x0000000080400000, 0x0000000080500000, 0x0000000080500000|100%|HS|  |TAMS 0x0000000080500000, 0x0000000080400000| Complete 
|   5|0x0000000080500000, 0x0000000080600000, 0x0000000080600000|100%|HC|  |TAMS 0x0000000080600000, 0x0000000080500000| Complete 
|   6|0x0000000080600000, 0x0000000080700000, 0x0000000080700000|100%|HC|  |TAMS 0x0000000080700000, 0x0000000080600000| Complete 
|   7|0x0000000080700000, 0x0000000080800000, 0x0000000080800000|100%| O|  |TAMS 0x0000000080800000, 0x0000000080700000| Untracked 
|   8|0x0000000080800000, 0x0000000080900000, 0x0000000080900000|100%| O|  |TAMS 0x0000000080900000, 0x0000000080800000| Untracked 
|   9|0x0000000080900000, 0x0000000080a00000, 0x0000000080a00000|100%| O|  |TAMS 0x0000000080a00000, 0x0000000080900000| Untracked 
|  10|0x0000000080a00000, 0x0000000080b00000, 0x0000000080b00000|100%| O|  |TAMS 0x0000000080b00000, 0x0000000080a00000| Untracked 
|  11|0x0000000080b00000, 0x0000000080c00000, 0x0000000080c00000|100%| O|  |TAMS 0x0000000080c00000, 0x0000000080b00000| Untracked 
|  12|0x0000000080c00000, 0x0000000080d00000, 0x0000000080d00000|100%| O|  |TAMS 0x0000000080d00000, 0x0000000080c00000| Untracked 
|  13|0x0000000080d00000, 0x0000000080e00000, 0x0000000080e00000|100%| O|  |TAMS 0x0000000080e00000, 0x0000000080d00000| Untracked 
|  14|0x0000000080e00000, 0x0000000080f00000, 0x0000000080f00000|100%| O|  |TAMS 0x0000000080f00000, 0x0000000080e00000| Untracked 
|  15|0x0000000080f00000, 0x0000000081000000, 0x0000000081000000|100%| O|  |TAMS 0x0000000081000000, 0x0000000080f00000| Untracked 
|  16|0x0000000081000000, 0x0000000081100000, 0x0000000081100000|100%| O|  |TAMS 0x0000000081100000, 0x0000000081000000| Untracked 
|  17|0x0000000081100000, 0x0000000081200000, 0x0000000081200000|100%|HS|  |TAMS 0x0000000081200000, 0x0000000081100000| Complete 
|  18|0x0000000081200000, 0x0000000081300000, 0x0000000081300000|100%| O|  |TAMS 0x0000000081300000, 0x0000000081200000| Untracked 
|  19|0x0000000081300000, 0x0000000081400000, 0x0000000081400000|100%| O|  |TAMS 0x0000000081400000, 0x0000000081300000| Untracked 
|  20|0x0000000081400000, 0x0000000081500000, 0x0000000081500000|100%| O|  |TAMS 0x0000000081500000, 0x0000000081400000| Untracked 
|  21|0x0000000081500000, 0x0000000081600000, 0x0000000081600000|100%| O|  |TAMS 0x0000000081600000, 0x0000000081500000| Untracked 
|  22|0x0000000081600000, 0x0000000081700000, 0x0000000081700000|100%| O|  |TAMS 0x0000000081700000, 0x0000000081600000| Untracked 
|  23|0x0000000081700000, 0x0000000081800000, 0x0000000081800000|100%| O|  |TAMS 0x0000000081800000, 0x0000000081700000| Untracked 
|  24|0x0000000081800000, 0x0000000081900000, 0x0000000081900000|100%| O|  |TAMS 0x0000000081900000, 0x0000000081800000| Untracked 
|  25|0x0000000081900000, 0x0000000081a00000, 0x0000000081a00000|100%| O|  |TAMS 0x0000000081a00000, 0x0000000081900000| Untracked 
|  26|0x0000000081a00000, 0x0000000081b00000, 0x0000000081b00000|100%| O|  |TAMS 0x0000000081b00000, 0x0000000081a00000| Untracked 
|  27|0x0000000081b00000, 0x0000000081c00000, 0x0000000081c00000|100%|HS|  |TAMS 0x0000000081c00000, 0x0000000081b00000| Complete 
|  28|0x0000000081c00000, 0x0000000081d00000, 0x0000000081d00000|100%|HS|  |TAMS 0x0000000081d00000, 0x0000000081c00000| Complete 
|  29|0x0000000081d00000, 0x0000000081e00000, 0x0000000081e00000|100%|HC|  |TAMS 0x0000000081e00000, 0x0000000081d00000| Complete 
|  30|0x0000000081e00000, 0x0000000081f00000, 0x0000000081f00000|100%| O|  |TAMS 0x0000000081f00000, 0x0000000081e00000| Untracked 
|  31|0x0000000081f00000, 0x0000000082000000, 0x0000000082000000|100%| O|  |TAMS 0x0000000082000000, 0x0000000081f00000| Untracked 
|  32|0x0000000082000000, 0x0000000082100000, 0x0000000082100000|100%| O|  |TAMS 0x0000000082100000, 0x0000000082000000| Untracked 
|  33|0x0000000082100000, 0x0000000082200000, 0x0000000082200000|100%| O|  |TAMS 0x0000000082200000, 0x0000000082100000| Untracked 
|  34|0x0000000082200000, 0x0000000082300000, 0x0000000082300000|100%| O|  |TAMS 0x0000000082300000, 0x0000000082200000| Untracked 
|  35|0x0000000082300000, 0x0000000082400000, 0x0000000082400000|100%| O|  |TAMS 0x0000000082400000, 0x0000000082300000| Untracked 
|  36|0x0000000082400000, 0x0000000082500000, 0x0000000082500000|100%| O|  |TAMS 0x0000000082500000, 0x0000000082400000| Untracked 
|  37|0x0000000082500000, 0x0000000082600000, 0x0000000082600000|100%| O|  |TAMS 0x0000000082600000, 0x0000000082500000| Untracked 
|  38|0x0000000082600000, 0x0000000082700000, 0x0000000082700000|100%| O|  |TAMS 0x0000000082700000, 0x0000000082600000| Untracked 
|  39|0x0000000082700000, 0x0000000082800000, 0x0000000082800000|100%| O|  |TAMS 0x0000000082800000, 0x0000000082700000| Untracked 
|  40|0x0000000082800000, 0x0000000082900000, 0x0000000082900000|100%| O|  |TAMS 0x0000000082900000, 0x0000000082800000| Untracked 
|  41|0x0000000082900000, 0x0000000082a00000, 0x0000000082a00000|100%| O|  |TAMS 0x0000000082a00000, 0x0000000082900000| Untracked 
|  42|0x0000000082a00000, 0x0000000082b00000, 0x0000000082b00000|100%| O|  |TAMS 0x0000000082b00000, 0x0000000082a00000| Untracked 
|  43|0x0000000082b00000, 0x0000000082c00000, 0x0000000082c00000|100%| O|  |TAMS 0x0000000082bbe400, 0x0000000082b00000| Untracked 
|  44|0x0000000082c00000, 0x0000000082d00000, 0x0000000082d00000|100%| O|  |TAMS 0x0000000082c00000, 0x0000000082c00000| Untracked 
|  45|0x0000000082d00000, 0x0000000082e00000, 0x0000000082e00000|100%| O|  |TAMS 0x0000000082d00000, 0x0000000082d00000| Untracked 
|  46|0x0000000082e00000, 0x0000000082f00000, 0x0000000082f00000|100%| O|  |TAMS 0x0000000082e00000, 0x0000000082e00000| Untracked 
|  47|0x0000000082f00000, 0x0000000083000000, 0x0000000083000000|100%| O|  |TAMS 0x0000000082f00000, 0x0000000082f00000| Untracked 
|  48|0x0000000083000000, 0x0000000083100000, 0x0000000083100000|100%| O|  |TAMS 0x0000000083000000, 0x0000000083000000| Untracked 
|  49|0x0000000083100000, 0x0000000083200000, 0x0000000083200000|100%| O|  |TAMS 0x0000000083100000, 0x0000000083100000| Untracked 
|  50|0x0000000083200000, 0x0000000083300000, 0x0000000083300000|100%| O|  |TAMS 0x0000000083200000, 0x0000000083200000| Untracked 
|  51|0x0000000083300000, 0x0000000083400000, 0x0000000083400000|100%| O|  |TAMS 0x0000000083300000, 0x0000000083300000| Untracked 
|  52|0x0000000083400000, 0x000000008346f400, 0x0000000083500000| 43%| O|  |TAMS 0x0000000083400000, 0x0000000083400000| Untracked 
|  53|0x0000000083500000, 0x0000000083500000, 0x0000000083600000|  0%| F|  |TAMS 0x0000000083500000, 0x0000000083500000| Untracked 
|  54|0x0000000083600000, 0x0000000083600000, 0x0000000083700000|  0%| F|  |TAMS 0x0000000083600000, 0x0000000083600000| Untracked 
|  55|0x0000000083700000, 0x0000000083700000, 0x0000000083800000|  0%| F|  |TAMS 0x0000000083700000, 0x0000000083700000| Untracked 
|  56|0x0000000083800000, 0x0000000083800000, 0x0000000083900000|  0%| F|  |TAMS 0x0000000083800000, 0x0000000083800000| Untracked 
|  57|0x0000000083900000, 0x0000000083900000, 0x0000000083a00000|  0%| F|  |TAMS 0x0000000083900000, 0x0000000083900000| Untracked 
|  58|0x0000000083a00000, 0x0000000083a00000, 0x0000000083b00000|  0%| F|  |TAMS 0x0000000083a00000, 0x0000000083a00000| Untracked 
|  59|0x0000000083b00000, 0x0000000083b00000, 0x0000000083c00000|  0%| F|  |TAMS 0x0000000083b00000, 0x0000000083b00000| Untracked 
|  60|0x0000000083c00000, 0x0000000083c00000, 0x0000000083d00000|  0%| F|  |TAMS 0x0000000083c00000, 0x0000000083c00000| Untracked 
|  61|0x0000000083d00000, 0x0000000083d00000, 0x0000000083e00000|  0%| F|  |TAMS 0x0000000083d00000, 0x0000000083d00000| Untracked 
|  62|0x0000000083e00000, 0x0000000083e00000, 0x0000000083f00000|  0%| F|  |TAMS 0x0000000083e00000, 0x0000000083e00000| Untracked 
|  63|0x0000000083f00000, 0x0000000083f00000, 0x0000000084000000|  0%| F|  |TAMS 0x0000000083f00000, 0x0000000083f00000| Untracked 
|  64|0x0000000084000000, 0x0000000084000000, 0x0000000084100000|  0%| F|  |TAMS 0x0000000084000000, 0x0000000084000000| Untracked 
|  65|0x0000000084100000, 0x0000000084100000, 0x0000000084200000|  0%| F|  |TAMS 0x0000000084100000, 0x0000000084100000| Untracked 
|  66|0x0000000084200000, 0x0000000084200000, 0x0000000084300000|  0%| F|  |TAMS 0x0000000084200000, 0x0000000084200000| Untracked 
|  67|0x0000000084300000, 0x0000000084300000, 0x0000000084400000|  0%| F|  |TAMS 0x0000000084300000, 0x0000000084300000| Untracked 
|  68|0x0000000084400000, 0x0000000084400000, 0x0000000084500000|  0%| F|  |TAMS 0x0000000084400000, 0x0000000084400000| Untracked 
|  69|0x0000000084500000, 0x0000000084500000, 0x0000000084600000|  0%| F|  |TAMS 0x0000000084500000, 0x0000000084500000| Untracked 
|  70|0x0000000084600000, 0x0000000084600000, 0x0000000084700000|  0%| F|  |TAMS 0x0000000084600000, 0x0000000084600000| Untracked 
|  71|0x0000000084700000, 0x0000000084700000, 0x0000000084800000|  0%| F|  |TAMS 0x0000000084700000, 0x0000000084700000| Untracked 
|  72|0x0000000084800000, 0x0000000084800000, 0x0000000084900000|  0%| F|  |TAMS 0x0000000084800000, 0x0000000084800000| Untracked 
|  73|0x0000000084900000, 0x0000000084900000, 0x0000000084a00000|  0%| F|  |TAMS 0x0000000084900000, 0x0000000084900000| Untracked 
|  74|0x0000000084a00000, 0x0000000084a00000, 0x0000000084b00000|  0%| F|  |TAMS 0x0000000084a00000, 0x0000000084a00000| Untracked 
|  75|0x0000000084b00000, 0x0000000084b00000, 0x0000000084c00000|  0%| F|  |TAMS 0x0000000084b00000, 0x0000000084b00000| Untracked 
|  76|0x0000000084c00000, 0x0000000084c00000, 0x0000000084d00000|  0%| F|  |TAMS 0x0000000084c00000, 0x0000000084c00000| Untracked 
|  77|0x0000000084d00000, 0x0000000084d00000, 0x0000000084e00000|  0%| F|  |TAMS 0x0000000084d00000, 0x0000000084d00000| Untracked 
|  78|0x0000000084e00000, 0x0000000084e00000, 0x0000000084f00000|  0%| F|  |TAMS 0x0000000084e00000, 0x0000000084e00000| Untracked 
|  79|0x0000000084f00000, 0x0000000085000000, 0x0000000085000000|100%| S|CS|TAMS 0x0000000084f00000, 0x0000000084f00000| Complete 
|  80|0x0000000085000000, 0x0000000085100000, 0x0000000085100000|100%| S|CS|TAMS 0x0000000085000000, 0x0000000085000000| Complete 
|  81|0x0000000085100000, 0x0000000085200000, 0x0000000085200000|100%| S|CS|TAMS 0x0000000085100000, 0x0000000085100000| Complete 
|  82|0x0000000085200000, 0x0000000085300000, 0x0000000085300000|100%| S|CS|TAMS 0x0000000085200000, 0x0000000085200000| Complete 
|  83|0x0000000085300000, 0x0000000085300000, 0x0000000085400000|  0%| F|  |TAMS 0x0000000085300000, 0x0000000085300000| Untracked 
|  84|0x0000000085400000, 0x0000000085500000, 0x0000000085500000|100%| S|CS|TAMS 0x0000000085400000, 0x0000000085400000| Complete 
|  85|0x0000000085500000, 0x0000000085600000, 0x0000000085600000|100%| S|CS|TAMS 0x0000000085500000, 0x0000000085500000| Complete 
|  86|0x0000000085600000, 0x0000000085600000, 0x0000000085700000|  0%| F|  |TAMS 0x0000000085600000, 0x0000000085600000| Untracked 
|  87|0x0000000085700000, 0x0000000085700000, 0x0000000085800000|  0%| F|  |TAMS 0x0000000085700000, 0x0000000085700000| Untracked 
|  88|0x0000000085800000, 0x0000000085800000, 0x0000000085900000|  0%| F|  |TAMS 0x0000000085800000, 0x0000000085800000| Untracked 
|  89|0x0000000085900000, 0x0000000085900000, 0x0000000085a00000|  0%| F|  |TAMS 0x0000000085900000, 0x0000000085900000| Untracked 
|  90|0x0000000085a00000, 0x0000000085a00000, 0x0000000085b00000|  0%| F|  |TAMS 0x0000000085a00000, 0x0000000085a00000| Untracked 
|  91|0x0000000085b00000, 0x0000000085b00000, 0x0000000085c00000|  0%| F|  |TAMS 0x0000000085b00000, 0x0000000085b00000| Untracked 
|  92|0x0000000085c00000, 0x0000000085d00000, 0x0000000085d00000|100%| S|CS|TAMS 0x0000000085c00000, 0x0000000085c00000| Complete 
|  93|0x0000000085d00000, 0x0000000085d00000, 0x0000000085e00000|  0%| F|  |TAMS 0x0000000085d00000, 0x0000000085d00000| Untracked 
|  94|0x0000000085e00000, 0x0000000085e00000, 0x0000000085f00000|  0%| F|  |TAMS 0x0000000085e00000, 0x0000000085e00000| Untracked 
|  95|0x0000000085f00000, 0x0000000085f00000, 0x0000000086000000|  0%| F|  |TAMS 0x0000000085f00000, 0x0000000085f00000| Untracked 
|  96|0x0000000086000000, 0x0000000086000000, 0x0000000086100000|  0%| F|  |TAMS 0x0000000086000000, 0x0000000086000000| Untracked 
|  97|0x0000000086100000, 0x0000000086100000, 0x0000000086200000|  0%| F|  |TAMS 0x0000000086100000, 0x0000000086100000| Untracked 
|  98|0x0000000086200000, 0x0000000086200000, 0x0000000086300000|  0%| F|  |TAMS 0x0000000086200000, 0x0000000086200000| Untracked 
|  99|0x0000000086300000, 0x0000000086300000, 0x0000000086400000|  0%| F|  |TAMS 0x0000000086300000, 0x0000000086300000| Untracked 
| 100|0x0000000086400000, 0x0000000086400000, 0x0000000086500000|  0%| F|  |TAMS 0x0000000086400000, 0x0000000086400000| Untracked 
| 101|0x0000000086500000, 0x0000000086500000, 0x0000000086600000|  0%| F|  |TAMS 0x0000000086500000, 0x0000000086500000| Untracked 
| 102|0x0000000086600000, 0x0000000086600000, 0x0000000086700000|  0%| F|  |TAMS 0x0000000086600000, 0x0000000086600000| Untracked 
| 103|0x0000000086700000, 0x0000000086700000, 0x0000000086800000|  0%| F|  |TAMS 0x0000000086700000, 0x0000000086700000| Untracked 
| 104|0x0000000086800000, 0x0000000086800000, 0x0000000086900000|  0%| F|  |TAMS 0x0000000086800000, 0x0000000086800000| Untracked 
| 105|0x0000000086900000, 0x0000000086900000, 0x0000000086a00000|  0%| F|  |TAMS 0x0000000086900000, 0x0000000086900000| Untracked 
| 106|0x0000000086a00000, 0x0000000086a00000, 0x0000000086b00000|  0%| F|  |TAMS 0x0000000086a00000, 0x0000000086a00000| Untracked 
| 107|0x0000000086b00000, 0x0000000086b00000, 0x0000000086c00000|  0%| F|  |TAMS 0x0000000086b00000, 0x0000000086b00000| Untracked 
| 108|0x0000000086c00000, 0x0000000086c00000, 0x0000000086d00000|  0%| F|  |TAMS 0x0000000086c00000, 0x0000000086c00000| Untracked 
| 109|0x0000000086d00000, 0x0000000086d00000, 0x0000000086e00000|  0%| F|  |TAMS 0x0000000086d00000, 0x0000000086d00000| Untracked 
| 110|0x0000000086e00000, 0x0000000086e00000, 0x0000000086f00000|  0%| F|  |TAMS 0x0000000086e00000, 0x0000000086e00000| Untracked 
| 111|0x0000000086f00000, 0x0000000086f00000, 0x0000000087000000|  0%| F|  |TAMS 0x0000000086f00000, 0x0000000086f00000| Untracked 
| 112|0x0000000087000000, 0x0000000087000000, 0x0000000087100000|  0%| F|  |TAMS 0x0000000087000000, 0x0000000087000000| Untracked 
| 113|0x0000000087100000, 0x0000000087100000, 0x0000000087200000|  0%| F|  |TAMS 0x0000000087100000, 0x0000000087100000| Untracked 
| 114|0x0000000087200000, 0x0000000087200000, 0x0000000087300000|  0%| F|  |TAMS 0x0000000087200000, 0x0000000087200000| Untracked 
| 115|0x0000000087300000, 0x0000000087300000, 0x0000000087400000|  0%| F|  |TAMS 0x0000000087300000, 0x0000000087300000| Untracked 
| 116|0x0000000087400000, 0x0000000087400000, 0x0000000087500000|  0%| F|  |TAMS 0x0000000087400000, 0x0000000087400000| Untracked 
| 117|0x0000000087500000, 0x0000000087500000, 0x0000000087600000|  0%| F|  |TAMS 0x0000000087500000, 0x0000000087500000| Untracked 
| 118|0x0000000087600000, 0x0000000087600000, 0x0000000087700000|  0%| F|  |TAMS 0x0000000087600000, 0x0000000087600000| Untracked 
| 119|0x0000000087700000, 0x0000000087700000, 0x0000000087800000|  0%| F|  |TAMS 0x0000000087700000, 0x0000000087700000| Untracked 
| 120|0x0000000087800000, 0x0000000087800000, 0x0000000087900000|  0%| F|  |TAMS 0x0000000087800000, 0x0000000087800000| Untracked 
| 121|0x0000000087900000, 0x0000000087900000, 0x0000000087a00000|  0%| F|  |TAMS 0x0000000087900000, 0x0000000087900000| Untracked 
| 122|0x0000000087a00000, 0x0000000087a00000, 0x0000000087b00000|  0%| F|  |TAMS 0x0000000087a00000, 0x0000000087a00000| Untracked 
| 123|0x0000000087b00000, 0x0000000087b00000, 0x0000000087c00000|  0%| F|  |TAMS 0x0000000087b00000, 0x0000000087b00000| Untracked 
| 124|0x0000000087c00000, 0x0000000087c00000, 0x0000000087d00000|  0%| F|  |TAMS 0x0000000087c00000, 0x0000000087c00000| Untracked 
| 125|0x0000000087d00000, 0x0000000087d00000, 0x0000000087e00000|  0%| F|  |TAMS 0x0000000087d00000, 0x0000000087d00000| Untracked 
| 126|0x0000000087e00000, 0x0000000087e00000, 0x0000000087f00000|  0%| F|  |TAMS 0x0000000087e00000, 0x0000000087e00000| Untracked 
| 127|0x0000000087f00000, 0x0000000087f00000, 0x0000000088000000|  0%| F|  |TAMS 0x0000000087f00000, 0x0000000087f00000| Untracked 
| 128|0x0000000088000000, 0x0000000088000000, 0x0000000088100000|  0%| F|  |TAMS 0x0000000088000000, 0x0000000088000000| Untracked 
| 129|0x0000000088100000, 0x0000000088100000, 0x0000000088200000|  0%| F|  |TAMS 0x0000000088100000, 0x0000000088100000| Untracked 
| 130|0x0000000088200000, 0x0000000088200000, 0x0000000088300000|  0%| F|  |TAMS 0x0000000088200000, 0x0000000088200000| Untracked 
| 131|0x0000000088300000, 0x0000000088381260, 0x0000000088400000| 50%| E|  |TAMS 0x0000000088300000, 0x0000000088300000| Complete 
| 132|0x0000000088400000, 0x0000000088500000, 0x0000000088500000|100%| E|CS|TAMS 0x0000000088400000, 0x0000000088400000| Complete 
| 133|0x0000000088500000, 0x0000000088600000, 0x0000000088600000|100%| E|CS|TAMS 0x0000000088500000, 0x0000000088500000| Complete 
| 134|0x0000000088600000, 0x0000000088700000, 0x0000000088700000|100%| E|CS|TAMS 0x0000000088600000, 0x0000000088600000| Complete 
| 135|0x0000000088700000, 0x0000000088800000, 0x0000000088800000|100%| E|CS|TAMS 0x0000000088700000, 0x0000000088700000| Complete 
| 136|0x0000000088800000, 0x0000000088900000, 0x0000000088900000|100%| E|CS|TAMS 0x0000000088800000, 0x0000000088800000| Complete 
| 137|0x0000000088900000, 0x0000000088a00000, 0x0000000088a00000|100%| E|CS|TAMS 0x0000000088900000, 0x0000000088900000| Complete 
| 138|0x0000000088a00000, 0x0000000088b00000, 0x0000000088b00000|100%| E|CS|TAMS 0x0000000088a00000, 0x0000000088a00000| Complete 
| 139|0x0000000088b00000, 0x0000000088c00000, 0x0000000088c00000|100%| E|CS|TAMS 0x0000000088b00000, 0x0000000088b00000| Complete 
| 140|0x0000000088c00000, 0x0000000088d00000, 0x0000000088d00000|100%| E|CS|TAMS 0x0000000088c00000, 0x0000000088c00000| Complete 
| 141|0x0000000088d00000, 0x0000000088e00000, 0x0000000088e00000|100%| E|CS|TAMS 0x0000000088d00000, 0x0000000088d00000| Complete 
| 142|0x0000000088e00000, 0x0000000088f00000, 0x0000000088f00000|100%| E|CS|TAMS 0x0000000088e00000, 0x0000000088e00000| Complete 
| 143|0x0000000088f00000, 0x0000000089000000, 0x0000000089000000|100%| E|CS|TAMS 0x0000000088f00000, 0x0000000088f00000| Complete 

Card table byte_map: [0x000002efda9f0000,0x000002efdadf0000] _byte_map_base: 0x000002efda5f0000

Marking Bits (Prev, Next): (CMBitMap*) 0x000002efc7b1cc40, (CMBitMap*) 0x000002efc7b1cc08
 Prev Bits: [0x000002efdd1f0000, 0x000002efdf1f0000)
 Next Bits: [0x000002efdb1f0000, 0x000002efdd1f0000)

Polling page: 0x000002efc72c0000

Metaspace:

Usage:
  Non-class:     63.99 MB capacity,    63.03 MB ( 98%) used,   801.77 KB (  1%) free+waste,   185.13 KB ( <1%) overhead. 
      Class:     10.01 MB capacity,     9.37 MB ( 94%) used,   565.90 KB (  6%) free+waste,    85.88 KB ( <1%) overhead. 
       Both:     74.00 MB capacity,    72.40 MB ( 98%) used,     1.34 MB (  2%) free+waste,   271.00 KB ( <1%) overhead. 

Virtual space:
  Non-class space:       66.00 MB reserved,      64.13 MB ( 97%) committed 
      Class space:        1.00 GB reserved,      10.13 MB ( <1%) committed 
             Both:        1.06 GB reserved,      74.25 MB (  7%) committed 

Chunk freelists:
   Non-Class:  9.00 KB
       Class:  0 bytes
        Both:  9.00 KB

MaxMetaspaceSize: 17179869184.00 GB
CompressedClassSpaceSize: 1.00 GB
Initial GC threshold: 20.80 MB
Current GC threshold: 98.54 MB
CDS: off

CodeHeap 'non-profiled nmethods': size=120064Kb used=4331Kb max_used=4331Kb free=115732Kb
 bounds [0x000002efd30b0000, 0x000002efd34f0000, 0x000002efda5f0000]
CodeHeap 'profiled nmethods': size=120000Kb used=16175Kb max_used=16175Kb free=103824Kb
 bounds [0x000002efcbb80000, 0x000002efccb50000, 0x000002efd30b0000]
CodeHeap 'non-nmethods': size=5696Kb used=2353Kb max_used=2390Kb free=3342Kb
 bounds [0x000002efcb5f0000, 0x000002efcb860000, 0x000002efcbb80000]
 total_blobs=8220 nmethods=7356 adapters=777
 compilation: enabled
              stopped_count=0, restarted_count=0
 full_count=0

Compilation events (20 events):
Event: 79.035 Thread 0x000002efe13a5800 7358       3       org.gradle.cache.internal.DefaultCrossBuildInMemoryCacheFactory$DefaultCrossBuildInMemoryCache::retainValue (20 bytes)
Event: 79.036 Thread 0x000002efe13a5800 nmethod 7358 0x000002efccb38110 code [0x000002efccb38300, 0x000002efccb387a8]
Event: 79.039 Thread 0x000002efe13a5800 7359       3       java.lang.reflect.AnnotatedElement::isAnnotationPresent (16 bytes)
Event: 79.039 Thread 0x000002efe13a5800 nmethod 7359 0x000002efccb38990 code [0x000002efccb38b40, 0x000002efccb38d48]
Event: 79.104 Thread 0x000002efe13a5800 7360       3       org.gradle.internal.reflect.annotations.impl.DefaultTypeAnnotationMetadataStore::collectRelevantAnnotations (88 bytes)
Event: 79.106 Thread 0x000002efe13a5800 nmethod 7360 0x000002efccb38e10 code [0x000002efccb390c0, 0x000002efccb39dc8]
Event: 79.106 Thread 0x000002efe13a5800 7361       3       com.google.common.collect.AbstractMapBasedMultimap$KeySet$1::next (26 bytes)
Event: 79.107 Thread 0x000002efe13a5800 nmethod 7361 0x000002efccb3a310 code [0x000002efccb3a4e0, 0x000002efccb3a8b8]
Event: 79.107 Thread 0x000002efe13a5800 7362       3       org.gradle.internal.reflect.annotations.impl.DefaultTypeAnnotationMetadataStore$PropertyAnnotationMetadataBuilder::resolveAnnotation (46 bytes)
Event: 79.108 Thread 0x000002efe13a5800 nmethod 7362 0x000002efccb3aa10 code [0x000002efccb3ac20, 0x000002efccb3b2c8]
Event: 79.109 Thread 0x000002efe13a5800 7363       3       org.gradle.internal.reflect.annotations.impl.DefaultTypeAnnotationMetadataStore::processMethodAnnotations (239 bytes)
Event: 79.115 Thread 0x000002efe13a5800 nmethod 7363 0x000002efccb3b510 code [0x000002efccb3bb60, 0x000002efccb3f728]
Event: 79.119 Thread 0x000002efe13a5800 7364       3       java.lang.reflect.AccessibleObject::isAnnotationPresent (6 bytes)
Event: 79.119 Thread 0x000002efe13a5800 nmethod 7364 0x000002efccb40b10 code [0x000002efccb40ce0, 0x000002efccb40f48]
Event: 79.120 Thread 0x000002efe13a5800 7365       3       org.gradle.internal.service.scopes.ExecutionGlobalServices$$Lambda$240/0x0000000100405840::test (8 bytes)
Event: 79.121 Thread 0x000002efe13a5800 nmethod 7365 0x000002efccb41010 code [0x000002efccb41200, 0x000002efccb41688]
Event: 79.123 Thread 0x000002efe13a5800 7366       3       org.gradle.internal.reflect.MutableClassDetails::<init> (65 bytes)
Event: 79.124 Thread 0x000002efe13a5800 nmethod 7366 0x000002efccb41810 code [0x000002efccb41b00, 0x000002efccb42c08]
Event: 79.124 Thread 0x000002efe13a5800 7367       3       org.gradle.internal.reflect.ClassInspector::visitGraph (98 bytes)
Event: 79.126 Thread 0x000002efe13a5800 nmethod 7367 0x000002efccb43190 code [0x000002efccb434e0, 0x000002efccb44948]

GC Heap History (20 events):
Event: 21.187 GC heap before
{Heap before GC invocations=9 (full 0):
 garbage-first heap   total 122880K, used 45779K [0x0000000080000000, 0x0000000100000000)
  region size 1024K, 31 young (31744K), 5 survivors (5120K)
 Metaspace       used 35007K, capacity 35783K, committed 35840K, reserved 1081344K
  class space    used 4533K, capacity 4839K, committed 4864K, reserved 1048576K
}
Event: 21.222 GC heap after
{Heap after GC invocations=10 (full 0):
 garbage-first heap   total 122880K, used 22811K [0x0000000080000000, 0x0000000100000000)
  region size 1024K, 6 young (6144K), 6 survivors (6144K)
 Metaspace       used 35007K, capacity 35783K, committed 35840K, reserved 1081344K
  class space    used 4533K, capacity 4839K, committed 4864K, reserved 1048576K
}
Event: 24.848 GC heap before
{Heap before GC invocations=11 (full 0):
 garbage-first heap   total 122880K, used 72987K [0x0000000080000000, 0x0000000100000000)
  region size 1024K, 53 young (54272K), 6 survivors (6144K)
 Metaspace       used 39503K, capacity 40409K, committed 40652K, reserved 1085440K
  class space    used 5033K, capacity 5354K, committed 5376K, reserved 1048576K
}
Event: 24.884 GC heap after
{Heap after GC invocations=12 (full 0):
 garbage-first heap   total 122880K, used 27258K [0x0000000080000000, 0x0000000100000000)
  region size 1024K, 7 young (7168K), 7 survivors (7168K)
 Metaspace       used 39503K, capacity 40409K, committed 40652K, reserved 1085440K
  class space    used 5033K, capacity 5354K, committed 5376K, reserved 1048576K
}
Event: 31.541 GC heap before
{Heap before GC invocations=12 (full 0):
 garbage-first heap   total 122880K, used 76410K [0x0000000080000000, 0x0000000100000000)
  region size 1024K, 55 young (56320K), 7 survivors (7168K)
 Metaspace       used 43790K, capacity 44758K, committed 44876K, reserved 1087488K
  class space    used 5569K, capacity 5940K, committed 6016K, reserved 1048576K
}
Event: 31.574 GC heap after
{Heap after GC invocations=13 (full 0):
 garbage-first heap   total 147456K, used 28948K [0x0000000080000000, 0x0000000100000000)
  region size 1024K, 3 young (3072K), 3 survivors (3072K)
 Metaspace       used 43790K, capacity 44758K, committed 44876K, reserved 1087488K
  class space    used 5569K, capacity 5940K, committed 6016K, reserved 1048576K
}
Event: 38.810 GC heap before
{Heap before GC invocations=13 (full 0):
 garbage-first heap   total 147456K, used 92436K [0x0000000080000000, 0x0000000100000000)
  region size 1024K, 65 young (66560K), 3 survivors (3072K)
 Metaspace       used 48164K, capacity 49355K, committed 49612K, reserved 1091584K
  class space    used 6176K, capacity 6639K, committed 6656K, reserved 1048576K
}
Event: 38.834 GC heap after
{Heap after GC invocations=14 (full 0):
 garbage-first heap   total 147456K, used 31419K [0x0000000080000000, 0x0000000100000000)
  region size 1024K, 5 young (5120K), 5 survivors (5120K)
 Metaspace       used 48164K, capacity 49355K, committed 49612K, reserved 1091584K
  class space    used 6176K, capacity 6639K, committed 6656K, reserved 1048576K
}
Event: 48.029 GC heap before
{Heap before GC invocations=14 (full 0):
 garbage-first heap   total 147456K, used 100027K [0x0000000080000000, 0x0000000100000000)
  region size 1024K, 69 young (70656K), 5 survivors (5120K)
 Metaspace       used 53292K, capacity 54548K, committed 54604K, reserved 1097728K
  class space    used 6786K, capacity 7283K, committed 7296K, reserved 1048576K
}
Event: 48.065 GC heap after
{Heap after GC invocations=15 (full 0):
 garbage-first heap   total 147456K, used 44411K [0x0000000080000000, 0x0000000100000000)
  region size 1024K, 9 young (9216K), 9 survivors (9216K)
 Metaspace       used 53292K, capacity 54548K, committed 54604K, reserved 1097728K
  class space    used 6786K, capacity 7283K, committed 7296K, reserved 1048576K
}
Event: 51.258 GC heap before
{Heap before GC invocations=15 (full 0):
 garbage-first heap   total 147456K, used 79227K [0x0000000080000000, 0x0000000100000000)
  region size 1024K, 44 young (45056K), 9 survivors (9216K)
 Metaspace       used 58846K, capacity 60140K, committed 60288K, reserved 1101824K
  class space    used 7406K, capacity 7903K, committed 7936K, reserved 1048576K
}
Event: 51.285 GC heap after
{Heap after GC invocations=16 (full 0):
 garbage-first heap   total 147456K, used 46329K [0x0000000080000000, 0x0000000100000000)
  region size 1024K, 2 young (2048K), 2 survivors (2048K)
 Metaspace       used 58846K, capacity 60140K, committed 60288K, reserved 1101824K
  class space    used 7406K, capacity 7903K, committed 7936K, reserved 1048576K
}
Event: 54.825 GC heap before
{Heap before GC invocations=17 (full 0):
 garbage-first heap   total 147456K, used 96505K [0x0000000080000000, 0x0000000100000000)
  region size 1024K, 52 young (53248K), 2 survivors (2048K)
 Metaspace       used 64517K, capacity 65902K, committed 66176K, reserved 1107968K
  class space    used 8118K, capacity 8647K, committed 8704K, reserved 1048576K
}
Event: 54.847 GC heap after
{Heap after GC invocations=18 (full 0):
 garbage-first heap   total 147456K, used 50666K [0x0000000080000000, 0x0000000100000000)
  region size 1024K, 6 young (6144K), 6 survivors (6144K)
 Metaspace       used 64517K, capacity 65902K, committed 66176K, reserved 1107968K
  class space    used 8118K, capacity 8647K, committed 8704K, reserved 1048576K
}
Event: 63.817 GC heap before
{Heap before GC invocations=18 (full 0):
 garbage-first heap   total 147456K, used 102890K [0x0000000080000000, 0x0000000100000000)
  region size 1024K, 56 young (57344K), 6 survivors (6144K)
 Metaspace       used 66902K, capacity 68397K, committed 68608K, reserved 1110016K
  class space    used 8463K, capacity 9039K, committed 9088K, reserved 1048576K
}
Event: 63.844 GC heap after
{Heap after GC invocations=19 (full 0):
 garbage-first heap   total 147456K, used 54039K [0x0000000080000000, 0x0000000100000000)
  region size 1024K, 4 young (4096K), 4 survivors (4096K)
 Metaspace       used 66902K, capacity 68397K, committed 68608K, reserved 1110016K
  class space    used 8463K, capacity 9039K, committed 9088K, reserved 1048576K
}
Event: 76.091 GC heap before
{Heap before GC invocations=19 (full 0):
 garbage-first heap   total 147456K, used 105239K [0x0000000080000000, 0x0000000100000000)
  region size 1024K, 54 young (55296K), 4 survivors (4096K)
 Metaspace       used 70822K, capacity 72427K, committed 72576K, reserved 1112064K
  class space    used 9111K, capacity 9724K, committed 9728K, reserved 1048576K
}
Event: 76.116 GC heap after
{Heap after GC invocations=20 (full 0):
 garbage-first heap   total 147456K, used 57357K [0x0000000080000000, 0x0000000100000000)
  region size 1024K, 7 young (7168K), 7 survivors (7168K)
 Metaspace       used 70822K, capacity 72427K, committed 72576K, reserved 1112064K
  class space    used 9111K, capacity 9724K, committed 9728K, reserved 1048576K
}
Event: 78.199 GC heap before
{Heap before GC invocations=20 (full 0):
 garbage-first heap   total 147456K, used 109581K [0x0000000080000000, 0x0000000100000000)
  region size 1024K, 58 young (59392K), 7 survivors (7168K)
 Metaspace       used 73182K, capacity 74768K, committed 75008K, reserved 1114112K
  class space    used 9456K, capacity 10046K, committed 10112K, reserved 1048576K
}
Event: 78.231 GC heap after
{Heap after GC invocations=21 (full 0):
 garbage-first heap   total 147456K, used 60861K [0x0000000080000000, 0x0000000100000000)
  region size 1024K, 7 young (7168K), 7 survivors (7168K)
 Metaspace       used 73182K, capacity 74768K, committed 75008K, reserved 1114112K
  class space    used 9456K, capacity 10046K, committed 10112K, reserved 1048576K
}

Deoptimization events (20 events):
Event: 78.376 Thread 0x000002efe3676800 DEOPT PACKING pc=0x000002efd33203a0 sp=0x000000f17ecf8f20
Event: 78.376 Thread 0x000002efe3676800 DEOPT UNPACKING pc=0x000002efcb63a1af sp=0x000000f17ecf8ec8 mode 2
Event: 78.386 Thread 0x000002efe3676800 Uncommon trap: trap_request=0xffffff4d fr.pc=0x000002efd33021e0 relative=0x00000000000001a0
Event: 78.386 Thread 0x000002efe3676800 Uncommon trap: reason=unstable_if action=reinterpret pc=0x000002efd33021e0 method=com.esotericsoftware.kryo.io.Input.require(I)I @ 65 c2
Event: 78.386 Thread 0x000002efe3676800 DEOPT PACKING pc=0x000002efd33021e0 sp=0x000000f17ecf8dc0
Event: 78.386 Thread 0x000002efe3676800 DEOPT UNPACKING pc=0x000002efcb63a1af sp=0x000000f17ecf8d70 mode 2
Event: 78.507 Thread 0x000002efe3676800 DEOPT PACKING pc=0x000002efcc82777c sp=0x000000f17ecf9860
Event: 78.507 Thread 0x000002efe3676800 DEOPT UNPACKING pc=0x000002efcb63a95e sp=0x000000f17ecf8e00 mode 0
Event: 78.915 Thread 0x000002efe3676800 Uncommon trap: trap_request=0xffffff4d fr.pc=0x000002efd32fa6ac relative=0x00000000000000ec
Event: 78.915 Thread 0x000002efe3676800 Uncommon trap: reason=unstable_if action=reinterpret pc=0x000002efd32fa6ac method=java.io.WinNTFileSystem.normalize(Ljava/lang/String;)Ljava/lang/String; @ 74 c2
Event: 78.915 Thread 0x000002efe3676800 DEOPT PACKING pc=0x000002efd32fa6ac sp=0x000000f17ecf9860
Event: 78.915 Thread 0x000002efe3676800 DEOPT UNPACKING pc=0x000002efcb63a1af sp=0x000000f17ecf9838 mode 2
Event: 78.915 Thread 0x000002efe3676800 Uncommon trap: trap_request=0xffffff4d fr.pc=0x000002efd330034c relative=0x000000000000148c
Event: 78.915 Thread 0x000002efe3676800 Uncommon trap: reason=unstable_if action=reinterpret pc=0x000002efd330034c method=java.io.WinNTFileSystem.normalize(Ljava/lang/String;II)Ljava/lang/String; @ 100 c2
Event: 78.915 Thread 0x000002efe3676800 DEOPT PACKING pc=0x000002efd330034c sp=0x000000f17ecf97a0
Event: 78.915 Thread 0x000002efe3676800 DEOPT UNPACKING pc=0x000002efcb63a1af sp=0x000000f17ecf9798 mode 2
Event: 78.918 Thread 0x000002efe3676800 Uncommon trap: trap_request=0xffffffde fr.pc=0x000002efd34233e8 relative=0x0000000000002c48
Event: 78.918 Thread 0x000002efe3676800 Uncommon trap: reason=class_check action=maybe_recompile pc=0x000002efd34233e8 method=java.util.TreeMap.put(Ljava/lang/Object;Ljava/lang/Object;)Ljava/lang/Object; @ 127 c2
Event: 78.918 Thread 0x000002efe3676800 DEOPT PACKING pc=0x000002efd34233e8 sp=0x000000f17ecfae40
Event: 78.918 Thread 0x000002efe3676800 DEOPT UNPACKING pc=0x000002efcb63a1af sp=0x000000f17ecfadf0 mode 2

Classes redefined (0 events):
No events

Internal exceptions (20 events):
Event: 78.031 Thread 0x000002efe3676800 Exception <a 'java/lang/ClassNotFoundException'{0x00000000868d4488}: com/google/android/gms/dependencies/DependencyInspectorBeanInfo> (0x00000000868d4488) thrown at [./src/hotspot/share/classfile/systemDictionary.cpp, line 231]
Event: 78.031 Thread 0x000002efe3676800 Exception <a 'java/lang/ClassNotFoundException'{0x00000000868ee5d0}: com/google/android/gms/dependencies/DependencyInspectorCustomizer> (0x00000000868ee5d0) thrown at [./src/hotspot/share/classfile/systemDictionary.cpp, line 231]
Event: 78.045 Thread 0x000002efe3676800 Exception <a 'java/lang/ClassNotFoundException'{0x0000000086587700}: org/gradle/api/internal/artifacts/configurations/DefaultConfigurationContainer_DecoratedBeanInfo> (0x0000000086587700) thrown at [./src/hotspot/share/classfile/systemDictionary.cpp, line 231]
Event: 78.048 Thread 0x000002efe3676800 Exception <a 'java/lang/ClassNotFoundException'{0x00000000865b2050}: org/gradle/api/internal/artifacts/configurations/DefaultConfigurationContainerBeanInfo> (0x00000000865b2050) thrown at [./src/hotspot/share/classfile/systemDictionary.cpp, line 231]
Event: 78.049 Thread 0x000002efe3676800 Exception <a 'java/lang/ClassNotFoundException'{0x00000000865cc930}: org/gradle/api/internal/AbstractValidatingNamedDomainObjectContainerBeanInfo> (0x00000000865cc930) thrown at [./src/hotspot/share/classfile/systemDictionary.cpp, line 231]
Event: 78.050 Thread 0x000002efe3676800 Exception <a 'java/lang/ClassNotFoundException'{0x00000000865e73b0}: org/gradle/api/internal/AbstractValidatingNamedDomainObjectContainerCustomizer> (0x00000000865e73b0) thrown at [./src/hotspot/share/classfile/systemDictionary.cpp, line 231]
Event: 78.052 Thread 0x000002efe3676800 Exception <a 'java/lang/ClassNotFoundException'{0x000000008641d058}: org/gradle/api/internal/artifacts/configurations/DefaultConfigurationContainerCustomizer> (0x000000008641d058) thrown at [./src/hotspot/share/classfile/systemDictionary.cpp, line 231]
Event: 78.054 Thread 0x000002efe3676800 Exception <a 'java/lang/ClassNotFoundException'{0x000000008645dc08}: org/gradle/api/internal/artifacts/configurations/DefaultConfigurationContainer_DecoratedCustomizer> (0x000000008645dc08) thrown at [./src/hotspot/share/classfile/systemDictionary.cpp, line 231]
Event: 78.107 Thread 0x000002efe3676800 Exception <a 'java/lang/ClassNotFoundException'{0x00000000862e31d0}: org/gradle/api/internal/artifacts/configurations/DefaultConfiguration_DecoratedBeanInfo> (0x00000000862e31d0) thrown at [./src/hotspot/share/classfile/systemDictionary.cpp, line 231]
Event: 78.109 Thread 0x000002efe3676800 Exception <a 'java/lang/ClassNotFoundException'{0x000000008610d2f0}: org/gradle/api/internal/artifacts/configurations/DefaultConfigurationBeanInfo> (0x000000008610d2f0) thrown at [./src/hotspot/share/classfile/systemDictionary.cpp, line 231]
Event: 78.110 Thread 0x000002efe3676800 Exception <a 'java/lang/ClassNotFoundException'{0x0000000086126a50}: org/gradle/api/internal/file/AbstractFileCollectionBeanInfo> (0x0000000086126a50) thrown at [./src/hotspot/share/classfile/systemDictionary.cpp, line 231]
Event: 78.112 Thread 0x000002efe3676800 Exception <a 'java/lang/ClassNotFoundException'{0x0000000086140200}: org/gradle/api/internal/file/AbstractFileCollectionCustomizer> (0x0000000086140200) thrown at [./src/hotspot/share/classfile/systemDictionary.cpp, line 231]
Event: 78.116 Thread 0x000002efe3676800 Exception <a 'java/lang/ClassNotFoundException'{0x000000008617be30}: org/gradle/api/internal/artifacts/configurations/DefaultConfigurationCustomizer> (0x000000008617be30) thrown at [./src/hotspot/share/classfile/systemDictionary.cpp, line 231]
Event: 78.121 Thread 0x000002efe3676800 Exception <a 'java/lang/ClassNotFoundException'{0x0000000086007600}: org/gradle/api/internal/artifacts/configurations/DefaultConfiguration_DecoratedCustomizer> (0x0000000086007600) thrown at [./src/hotspot/share/classfile/systemDictionary.cpp, line 231]
Event: 78.194 Thread 0x000002efe3676800 Exception <a 'java/lang/ClassNotFoundException'{0x0000000085e90c18}: org/codehaus/groovy/runtime/MethodClosureBeanInfo> (0x0000000085e90c18) thrown at [./src/hotspot/share/classfile/systemDictionary.cpp, line 231]
Event: 78.236 Thread 0x000002efe3676800 Exception <a 'java/lang/ClassNotFoundException'{0x0000000088f6a188}: org/codehaus/groovy/runtime/MethodClosureCustomizer> (0x0000000088f6a188) thrown at [./src/hotspot/share/classfile/systemDictionary.cpp, line 231]
Event: 78.250 Thread 0x000002efe3676800 Exception <a 'java/lang/ClassNotFoundException'{0x0000000088fd33b0}: org/gradle/api/internal/artifacts/configurations/DefaultConfiguration$ConfigurationResolvableDependencies_DecoratedBeanInfo> (0x0000000088fd33b0) thrown at [./src/hotspot/share/classfile/systemDictionary.cpp, line 231]
Event: 78.252 Thread 0x000002efe3676800 Exception <a 'java/lang/ClassNotFoundException'{0x0000000088e05818}: org/gradle/api/internal/artifacts/configurations/DefaultConfiguration$ConfigurationResolvableDependenciesBeanInfo> (0x0000000088e05818) thrown at [./src/hotspot/share/classfile/systemDictionary.cpp, line 231]
Event: 78.254 Thread 0x000002efe3676800 Exception <a 'java/lang/ClassNotFoundException'{0x0000000088e39120}: org/gradle/api/internal/artifacts/configurations/DefaultConfiguration$ConfigurationResolvableDependenciesCustomizer> (0x0000000088e39120) thrown at [./src/hotspot/share/classfile/systemDictionary.cpp, line 231]
Event: 78.256 Thread 0x000002efe3676800 Exception <a 'java/lang/ClassNotFoundException'{0x0000000088e7dfb8}: org/gradle/api/internal/artifacts/configurations/DefaultConfiguration$ConfigurationResolvableDependencies_DecoratedCustomizer> (0x0000000088e7dfb8) thrown at [./src/hotspot/share/classfile/systemDictionary.cpp, line 231]

Events (20 events):
Event: 79.135 loading class org/gradle/api/internal/tasks/compile/CleaningJavaCompiler
Event: 79.135 loading class org/gradle/api/internal/tasks/compile/CleaningJavaCompiler done
Event: 79.137 loading class org/gradle/jvm/toolchain/JavaInstallationMetadata
Event: 79.137 loading class org/gradle/jvm/toolchain/JavaInstallationMetadata done
Event: 79.138 loading class org/gradle/api/tasks/compile/ForkOptions
Event: 79.138 loading class org/gradle/api/tasks/compile/ForkOptions done
Event: 79.138 loading class org/gradle/api/tasks/compile/ProviderAwareCompilerDaemonForkOptions
Event: 79.138 loading class org/gradle/api/tasks/compile/ProviderAwareCompilerDaemonForkOptions done
Event: 79.139 loading class org/gradle/api/tasks/compile/BaseForkOptions
Event: 79.139 loading class org/gradle/api/tasks/compile/BaseForkOptions done
Event: 79.140 loading class org/gradle/api/tasks/compile/AbstractOptions
Event: 79.140 loading class org/gradle/api/tasks/compile/AbstractOptions done
Event: 79.141 loading class org/gradle/api/tasks/compile/CompileOptions
Event: 79.141 loading class org/gradle/api/tasks/compile/CompileOptions done
Event: 79.144 loading class org/gradle/api/internal/tasks/compile/incremental/recomp/JavaRecompilationSpecProvider
Event: 79.144 loading class org/gradle/api/internal/tasks/compile/incremental/recomp/JavaRecompilationSpecProvider done
Event: 79.145 loading class org/gradle/api/internal/tasks/compile/incremental/recomp/AbstractRecompilationSpecProvider
Event: 79.145 loading class org/gradle/api/internal/tasks/compile/incremental/recomp/AbstractRecompilationSpecProvider done
Event: 79.147 loading class org/gradle/jvm/toolchain/JavaCompiler
Event: 79.147 loading class org/gradle/jvm/toolchain/JavaCompiler done


Dynamic libraries:
0x00007ff67cc10000 - 0x00007ff67cc1a000 	C:\Program Files\Android\Android Studio\jre\bin\java.exe
0x00007ff9d79d0000 - 0x00007ff9d7bc5000 	C:\Windows\SYSTEM32\ntdll.dll
0x00007ff9d7250000 - 0x00007ff9d730d000 	C:\Windows\System32\KERNEL32.DLL
0x00007ff9d5170000 - 0x00007ff9d543d000 	C:\Windows\System32\KERNELBASE.dll
0x00007ff9d5600000 - 0x00007ff9d5700000 	C:\Windows\System32\ucrtbase.dll
0x00007ff9b7ab0000 - 0x00007ff9b7ac9000 	C:\Program Files\Android\Android Studio\jre\bin\jli.dll
0x00007ff9d7310000 - 0x00007ff9d74b0000 	C:\Windows\System32\USER32.dll
0x00007ff9d5440000 - 0x00007ff9d5462000 	C:\Windows\System32\win32u.dll
0x00007ff9d6260000 - 0x00007ff9d628a000 	C:\Windows\System32\GDI32.dll
0x00007ff9d54f0000 - 0x00007ff9d55fb000 	C:\Windows\System32\gdi32full.dll
0x00007ff9d5700000 - 0x00007ff9d579d000 	C:\Windows\System32\msvcp_win.dll
0x00007ff9b1e60000 - 0x00007ff9b1e77000 	C:\Program Files\Android\Android Studio\jre\bin\VCRUNTIME140.dll
0x00007ff9beeb0000 - 0x00007ff9bf14a000 	C:\Windows\WinSxS\amd64_microsoft.windows.common-controls_6595b64144ccf1df_6.0.19041.1110_none_60b5254171f9507e\COMCTL32.dll
0x00007ff9d60c0000 - 0x00007ff9d615e000 	C:\Windows\System32\msvcrt.dll
0x00007ff9d71c0000 - 0x00007ff9d71f0000 	C:\Windows\System32\IMM32.DLL
0x00007ff9a7870000 - 0x00007ff9a790d000 	C:\Program Files\Android\Android Studio\jre\bin\msvcp140.dll
0x00007ff96dde0000 - 0x00007ff96e8c5000 	C:\Program Files\Android\Android Studio\jre\bin\server\jvm.dll
0x00007ff9d74b0000 - 0x00007ff9d755e000 	C:\Windows\System32\ADVAPI32.dll
0x00007ff9d7560000 - 0x00007ff9d75fc000 	C:\Windows\System32\sechost.dll
0x00007ff9d6a60000 - 0x00007ff9d6b85000 	C:\Windows\System32\RPCRT4.dll
0x00007ff9d61d0000 - 0x00007ff9d61d8000 	C:\Windows\System32\PSAPI.DLL
0x00007ff9c7640000 - 0x00007ff9c7649000 	C:\Windows\SYSTEM32\WSOCK32.dll
0x00007ff9d62a0000 - 0x00007ff9d630b000 	C:\Windows\System32\WS2_32.dll
0x00007ff9cbe90000 - 0x00007ff9cbeb7000 	C:\Windows\SYSTEM32\WINMM.dll
0x00007ff9cbe80000 - 0x00007ff9cbe8a000 	C:\Windows\SYSTEM32\VERSION.dll
0x00007ff9d3000000 - 0x00007ff9d3012000 	C:\Windows\SYSTEM32\kernel.appcore.dll
0x00007ff9c6ec0000 - 0x00007ff9c6ed1000 	C:\Program Files\Android\Android Studio\jre\bin\verify.dll
0x00007ff9c48c0000 - 0x00007ff9c4aa4000 	C:\Windows\SYSTEM32\DBGHELP.DLL
0x00007ff9c4860000 - 0x00007ff9c488c000 	C:\Windows\SYSTEM32\dbgcore.DLL
0x00007ff9d50e0000 - 0x00007ff9d5162000 	C:\Windows\System32\bcryptPrimitives.dll
0x00007ff9af770000 - 0x00007ff9af799000 	C:\Program Files\Android\Android Studio\jre\bin\java.dll
0x00007ff9c6fe0000 - 0x00007ff9c6feb000 	C:\Program Files\Android\Android Studio\jre\bin\jimage.dll
0x00007ff9c6e40000 - 0x00007ff9c6e58000 	C:\Program Files\Android\Android Studio\jre\bin\zip.dll
0x00007ff9d6310000 - 0x00007ff9d6a54000 	C:\Windows\System32\SHELL32.dll
0x00007ff9d3200000 - 0x00007ff9d3994000 	C:\Windows\SYSTEM32\windows.storage.dll
0x00007ff9d6e60000 - 0x00007ff9d71b4000 	C:\Windows\System32\combase.dll
0x00007ff9d4ad0000 - 0x00007ff9d4afc000 	C:\Windows\SYSTEM32\Wldp.dll
0x00007ff9d7600000 - 0x00007ff9d76ad000 	C:\Windows\System32\SHCORE.dll
0x00007ff9d61e0000 - 0x00007ff9d6235000 	C:\Windows\System32\shlwapi.dll
0x00007ff9d5020000 - 0x00007ff9d503f000 	C:\Windows\SYSTEM32\profapi.dll
0x00007ff9af260000 - 0x00007ff9af27a000 	C:\Program Files\Android\Android Studio\jre\bin\net.dll
0x00007ff9c8d90000 - 0x00007ff9c8e9a000 	C:\Windows\SYSTEM32\WINHTTP.dll
0x00007ff9d4830000 - 0x00007ff9d489a000 	C:\Windows\system32\mswsock.dll
0x00007ff9aedd0000 - 0x00007ff9aede4000 	C:\Program Files\Android\Android Studio\jre\bin\nio.dll
0x00007ff9a7b50000 - 0x00007ff9a7b77000 	C:\Users\imano\.gradle\native\e1d6ef7f7dcc3fd88c89a11ec53ec762bb8ba0a96d01ffa2cd45eb1d1d8dd5c5\windows-amd64\native-platform.dll
0x00007ff9a45f0000 - 0x00007ff9a4734000 	C:\Users\imano\.gradle\native\5664cfc778a61ccfe75a443a1ab52a65af34e5dc3c78e0209fed803814484fcb\windows-amd64\native-platform-file-events.dll
0x00007ff9c6f30000 - 0x00007ff9c6f3a000 	C:\Program Files\Android\Android Studio\jre\bin\management.dll
0x00007ff9c6df0000 - 0x00007ff9c6dfd000 	C:\Program Files\Android\Android Studio\jre\bin\management_ext.dll
0x00007ff9d4a20000 - 0x00007ff9d4a38000 	C:\Windows\SYSTEM32\CRYPTSP.dll
0x00007ff9d4150000 - 0x00007ff9d4184000 	C:\Windows\system32\rsaenh.dll
0x00007ff9d5470000 - 0x00007ff9d5497000 	C:\Windows\System32\bcrypt.dll
0x00007ff9d4fa0000 - 0x00007ff9d4fce000 	C:\Windows\SYSTEM32\USERENV.dll
0x00007ff9d4a40000 - 0x00007ff9d4a4c000 	C:\Windows\SYSTEM32\CRYPTBASE.dll
0x00007ff9d44c0000 - 0x00007ff9d44fb000 	C:\Windows\SYSTEM32\IPHLPAPI.DLL
0x00007ff9d6290000 - 0x00007ff9d6298000 	C:\Windows\System32\NSI.dll
0x00007ff9ca170000 - 0x00007ff9ca187000 	C:\Windows\SYSTEM32\dhcpcsvc6.DLL
0x00007ff9ca150000 - 0x00007ff9ca16d000 	C:\Windows\SYSTEM32\dhcpcsvc.DLL
0x00007ff9d45c0000 - 0x00007ff9d468b000 	C:\Windows\SYSTEM32\DNSAPI.dll

dbghelp: loaded successfully - version: 4.0.5 - missing functions: none
symbol engine: initialized successfully - sym options: 0x614 - pdb path: .;C:\Program Files\Android\Android Studio\jre\bin;C:\Windows\SYSTEM32;C:\Windows\WinSxS\amd64_microsoft.windows.common-controls_6595b64144ccf1df_6.0.19041.1110_none_60b5254171f9507e;C:\Program Files\Android\Android Studio\jre\bin\server;C:\Users\imano\.gradle\native\e1d6ef7f7dcc3fd88c89a11ec53ec762bb8ba0a96d01ffa2cd45eb1d1d8dd5c5\windows-amd64;C:\Users\imano\.gradle\native\5664cfc778a61ccfe75a443a1ab52a65af34e5dc3c78e0209fed803814484fcb\windows-amd64

VM Arguments:
jvm_args: --add-opens=java.base/java.util=ALL-UNNAMED --add-opens=java.base/java.lang=ALL-UNNAMED --add-opens=java.base/java.lang.invoke=ALL-UNNAMED --add-opens=java.base/java.util=ALL-UNNAMED --add-opens=java.prefs/java.util.prefs=ALL-UNNAMED --add-opens=java.prefs/java.util.prefs=ALL-UNNAMED --add-opens=java.base/java.nio.charset=ALL-UNNAMED --add-opens=java.base/java.net=ALL-UNNAMED --add-opens=java.base/java.util.concurrent.atomic=ALL-UNNAMED -Xmx2048m -Dfile.encoding=UTF-8 -Duser.country=MX -Duser.language=es -Duser.variant 
java_command: org.gradle.launcher.daemon.bootstrap.GradleDaemon 7.3.3
java_class_path (initial): C:\Users\imano\.gradle\wrapper\dists\gradle-7.3.3-bin\6a41zxkdtcxs8rphpq6y0069z\gradle-7.3.3\lib\gradle-launcher-7.3.3.jar
Launcher Type: SUN_STANDARD

[Global flags]
     intx CICompilerCount                          = 2                                         {product} {ergonomic}
     uint ConcGCThreads                            = 1                                         {product} {ergonomic}
     uint G1ConcRefinementThreads                  = 2                                         {product} {ergonomic}
   size_t G1HeapRegionSize                         = 1048576                                   {product} {ergonomic}
    uintx GCDrainStackTargetSize                   = 64                                        {product} {ergonomic}
   size_t InitialHeapSize                          = 125829120                                 {product} {ergonomic}
   size_t MarkStackSize                            = 4194304                                   {product} {ergonomic}
   size_t MaxHeapSize                              = 2147483648                                {product} {command line}
   size_t MaxNewSize                               = 1287651328                                {product} {ergonomic}
   size_t MinHeapDeltaBytes                        = 1048576                                   {product} {ergonomic}
    uintx NonNMethodCodeHeapSize                   = 5825164                                {pd product} {ergonomic}
    uintx NonProfiledCodeHeapSize                  = 122916538                              {pd product} {ergonomic}
    uintx ProfiledCodeHeapSize                     = 122916538                              {pd product} {ergonomic}
    uintx ReservedCodeCacheSize                    = 251658240                              {pd product} {ergonomic}
     bool SegmentedCodeCache                       = true                                      {product} {ergonomic}
     bool UseCompressedClassPointers               = true                                 {lp64_product} {ergonomic}
     bool UseCompressedOops                        = true                                 {lp64_product} {ergonomic}
     bool UseG1GC                                  = true                                      {product} {ergonomic}
     bool UseLargePagesIndividualAllocation        = false                                  {pd product} {ergonomic}

Logging:
Log output configuration:
 #0: stdout all=warning uptime,level,tags
 #1: stderr all=off uptime,level,tags

Environment Variables:
PATH=C:\Program Files (x86)\VMware\VMware Workstation\bin\;C:\Program Files\Common Files\Oracle\Java\javapath;C:\Windows\system32;C:\Windows;C:\Windows\System32\Wbem;C:\Windows\System32\WindowsPowerShell\v1.0\;C:\Windows\System32\OpenSSH\;C:\Program Files\nodejs\;C:\Program Files\Git\cmd;C:\Program Files (x86)\dotnet\;C:\Users\imano\AppData\Local\Programs\Python\Python39\Scripts\;C:\Users\imano\AppData\Local\Programs\Python\Python39\;C:\Users\imano\AppData\Local\Microsoft\WindowsApps;C:\Python39\;C:\Python39\Scripts;;C:\Program Files\JetBrains\PyCharm 2021.2\bin;;C:\Program Files\heroku\bin;C:\Users\imano\AppData\Local\Programs\Microsoft VS Code\bin;C:\Users\imano\AppData\Roaming\npm
USERNAME=imano
OS=Windows_NT
PROCESSOR_IDENTIFIER=AMD64 Family 21 Model 112 Stepping 0, AuthenticAMD



---------------  S Y S T E M  ---------------

OS: Windows 10 , 64 bit Build 19041 (10.0.19041.1706)
OS uptime: 3 days 5:50 hours

CPU:total 2 (initial active 2) (2 cores per cpu, 1 threads per core) family 21 model 112 stepping 0 microcode 0x0, cmov, cx8, fxsr, mmx, sse, sse2, sse3, ssse3, sse4.1, sse4.2, popcnt, avx, avx2, aes, clmul, mmxext, 3dnowpref, lzcnt, sse4a, tsc, tscinvbit, tscinv, bmi1, bmi2, fma

Memory: 4k page, system-wide physical 7639M (443M free)
TotalPageFile size 11339M (AvailPageFile size 6M)
current process WorkingSet (physical memory assigned to process): 353M, peak: 354M
current process commit charge ("private bytes"): 381M, peak: 382M

vm_info: OpenJDK 64-Bit Server VM (11.0.12+7-b1504.28-7817840) for windows-amd64 JRE (11.0.12+7-b1504.28-7817840), built on Oct 13 2021 22:12:33 by "builder" with MS VC++ 14.0 (VS2015)

END.
